Log file open, 03/29/17 23:21:16
LogInit:Display: Running engine for game: Submariner
LogPlatformFile: Not using cached read wrapper
LogInit:Display: RandInit(57508055) SRandInit(57508056).
LogTaskGraph: Started task graph with 5 named threads and 8 total threads with 1 sets of task threads.
LogStats: Stats thread started at 0.082221
LogInit: Using libcurl 7.47.1
LogInit:  - built for x86_64-pc-win32
LogInit:  - supports SSL with OpenSSL/1.0.2g
LogInit:  - supports HTTP deflate (compression) using libz 1.2.8
LogInit:  - other features:
LogInit:      CURL_VERSION_SSL
LogInit:      CURL_VERSION_LIBZ
LogInit:      CURL_VERSION_IPV6
LogInit:      CURL_VERSION_ASYNCHDNS
LogInit:      CURL_VERSION_LARGEFILE
LogInit:      CURL_VERSION_IDN
LogInit:  CurlRequestOptions (configurable via config and command line):
LogInit:  - bVerifyPeer = false  - Libcurl will NOT verify peer certificate
LogInit:  - bUseHttpProxy = false  - Libcurl will NOT use HTTP proxy
LogInit:  - bDontReuseConnections = false  - Libcurl will reuse connections
LogInit:  - CertBundlePath = nullptr  - Libcurl will use whatever was configured at build time.
OCULUS: Info: [CAPI] LibOVR module is located at C:\Program Files\Oculus\Support\oculus-runtime\LibOVRRT64_1.dll
OCULUS: Debug: Connected to the server running version (prod = 1).1.10.2(build = 321138) feature version = 0. Client runs version (prod = 1).1.10.2(build = 321138) feature version = 0
LogHMD: GearVR: Emulating GearVR using Oculus Rift!
LogInit: Build: ++UE4+Release-4.15-CL-3348071
LogInit: Engine Version: 4.15.1-3348071+++UE4+Release-4.15
LogInit: Compatible Engine Version: 4.15.0-3299760+++UE4+Release-4.15
LogInit: Net CL: 3299760
LogDevObjectVersion: Number of dev versions registered: 14
LogDevObjectVersion:   Dev-Blueprints (B0D832E4-1F89-4F0D-ACCF-7EB736FD4AA2): 8
LogDevObjectVersion:   Dev-Build (E1C64328-A22C-4D53-A36C-8E866417BD8C): 0
LogDevObjectVersion:   Dev-Core (375EC13C-06E4-48FB-B500-84F0262A717E): 2
LogDevObjectVersion:   Dev-Editor (E4B068ED-F494-42E9-A231-DA0B2E46BB41): 14
LogDevObjectVersion:   Dev-Framework (CFFC743F-43B0-4480-9391-14DF171D2073): 22
LogDevObjectVersion:   Dev-Mobile (B02B49B5-BB20-44E9-A304-32B752E40360): 0
LogDevObjectVersion:   Dev-Networking (A4E4105C-59A1-49B5-A7C5-40C4547EDFEE): 0
LogDevObjectVersion:   Dev-Online (39C831C9-5AE6-47DC-9A44-9C173E1C8E7C): 0
LogDevObjectVersion:   Dev-Physics (78F01B33-EBEA-4F98-B9B4-84EACCB95AA2): 0
LogDevObjectVersion:   Dev-Platform (6631380F-2D4D-43E0-8009-CF276956A95A): 0
LogDevObjectVersion:   Dev-Rendering (12F88B9F-8875-4AFC-A67C-D90C383ABD29): 12
LogDevObjectVersion:   Dev-Sequencer (7B5AE74C-D270-4C10-A958-57980B212A5A): 3
LogDevObjectVersion:   Dev-VR (D7296918-1DD6-4BDD-9DE2-64A83CC13884): 0
LogDevObjectVersion:   Dev-LoadTimes (C2A15278-BFE7-4AFE-6C17-90FF531DF755): 1
LogInit: Compiled (64-bit): Mar 15 2017 16:52:47
LogInit: Compiled with Visual C++: 19.00.23026.00
LogInit: Build Configuration: Development
LogInit: Branch Name: ++UE4+Release-4.15
LogInit: Command line: -EpicPortal 
LogInit: Base directory: C:/Program Files/Epic Games/UE_4.15/Engine/Binaries/Win64/
LogInit: Installed Engine Build: 1
LogInit: Presizing for max 8388607 objects, including 0 objects not considered by GC, pre-allocating 0 bytes for permanent pool.
LogInit: Object subsystem initialized
[2017.03.30-03.21.17:966][  0]LogInit: Selected Device Profile: [Windows]
[2017.03.30-03.21.17:966][  0]LogInit: Applying CVar settings loaded from the selected device profile: [Windows]
[2017.03.30-03.21.17:977][  0]LogInit: Computer: SIGLAB-VR5
[2017.03.30-03.21.17:977][  0]LogInit: User: SIG
[2017.03.30-03.21.17:977][  0]LogInit: CPU Page size=65536, Cores=4
[2017.03.30-03.21.17:977][  0]LogInit: High frequency timer resolution =3.604932 MHz
[2017.03.30-03.21.17:977][  0]LogMemory: Memory total: Physical=31.9GB (32GB approx)
[2017.03.30-03.21.17:977][  0]LogMemory: Platform Memory Stats for Windows
[2017.03.30-03.21.17:977][  0]LogMemory: Process Physical Memory: 273.52 MB used, 273.52 MB peak
[2017.03.30-03.21.17:977][  0]LogMemory: Process Virtual Memory: 270.57 MB used, 270.57 MB peak
[2017.03.30-03.21.17:977][  0]LogMemory: Physical Memory: 11371.50 MB used,  21318.80 MB free, 32690.30 MB total
[2017.03.30-03.21.17:977][  0]LogMemory: Virtual Memory: 697.14 MB used,  21318.80 MB free, 134217728.00 MB total
[2017.03.30-03.21.18:049][  0]LogTextLocalizationManager: No specific translations for ('en-US') exist, so ('en') translations will be used.
[2017.03.30-03.21.18:599][  0]LogD3D11RHI: D3D11 adapters:
[2017.03.30-03.21.18:634][  0]LogD3D11RHI:    0. 'NVIDIA GeForce GTX 1070' (Feature Level 11_0)
[2017.03.30-03.21.18:634][  0]LogD3D11RHI:       8120/0/16345 MB DedicatedVideo/DedicatedSystem/SharedSystem, Outputs:2, VendorId:0x10de
[2017.03.30-03.21.18:635][  0]LogD3D11RHI:    1. 'Microsoft Basic Render Driver' (Feature Level 11_0)
[2017.03.30-03.21.18:635][  0]LogD3D11RHI:       0/0/16345 MB DedicatedVideo/DedicatedSystem/SharedSystem, Outputs:0, VendorId:0x1414
[2017.03.30-03.21.18:635][  0]LogD3D11RHI: Chosen D3D11 Adapter: 0
[2017.03.30-03.21.18:641][  0]LogD3D11RHI: Creating new Direct3DDevice
[2017.03.30-03.21.18:641][  0]LogD3D11RHI:     GPU DeviceId: 0x1b81 (for the marketing name, search the web for "GPU Device Id")
[2017.03.30-03.21.18:641][  0]LogWindows: EnumDisplayDevices:
[2017.03.30-03.21.18:641][  0]LogWindows:    0. 'NVIDIA GeForce GTX 1070' (P:0 D:1)
[2017.03.30-03.21.18:641][  0]LogWindows:    1. 'NVIDIA GeForce GTX 1070' (P:1 D:1)
[2017.03.30-03.21.18:641][  0]LogWindows:    2. 'NVIDIA GeForce GTX 1070' (P:0 D:0)
[2017.03.30-03.21.18:641][  0]LogWindows:    3. 'NVIDIA GeForce GTX 1070' (P:0 D:0)
[2017.03.30-03.21.18:641][  0]LogWindows: DebugString: FoundDriverCount:4 
[2017.03.30-03.21.18:641][  0]LogD3D11RHI:     Adapter Name: NVIDIA GeForce GTX 1070
[2017.03.30-03.21.18:641][  0]LogD3D11RHI:   Driver Version: 378.49 (internal:21.21.13.7849, unified:378.49)
[2017.03.30-03.21.18:641][  0]LogD3D11RHI:      Driver Date: 1-20-2017
[2017.03.30-03.21.18:641][  0]LogRHI: Texture pool is 1361 MB (70% of 1945 MB)
[2017.03.30-03.21.18:654][  0]LogD3D11RHI: Async texture creation enabled
[2017.03.30-03.21.18:665][  0]LogD3D11RHI: GPU Timing Frequency: 1000.000000 (Debug: 2 1)
[2017.03.30-03.21.18:753][  0]LogShaderCompilers: Guid format shader working directory is -18 characters bigger than the processId version (../../../../../../Users/SIG/Downloads/final-project-submariner/Intermediate/Shaders/WorkingDirectory/8436/).
[2017.03.30-03.21.18:753][  0]LogShaderCompilers: Cleaned the shader compiler working directory 'C:/Users/SIG/AppData/Local/Temp/UnrealShaderWorkingDir/AF7FE7644087D9B770B2AE8C9F6980F9/'.
[2017.03.30-03.21.18:753][  0]LogShaderCompilers:Display: Using Local Shader Compiler.
[2017.03.30-03.21.19:740][  0]LogTemp:Display: Loaded TP AllDesktopTargetPlatform
[2017.03.30-03.21.19:791][  0]LogTemp:Display: Loaded TP MacClientTargetPlatform
[2017.03.30-03.21.19:841][  0]LogTemp:Display: Loaded TP MacNoEditorTargetPlatform
[2017.03.30-03.21.19:893][  0]LogTemp:Display: Loaded TP MacServerTargetPlatform
[2017.03.30-03.21.19:947][  0]LogTemp:Display: Loaded TP MacTargetPlatform
[2017.03.30-03.21.19:998][  0]LogTemp:Display: Loaded TP WindowsClientTargetPlatform
[2017.03.30-03.21.20:052][  0]LogTemp:Display: Loaded TP WindowsNoEditorTargetPlatform
[2017.03.30-03.21.20:105][  0]LogTemp:Display: Loaded TP WindowsServerTargetPlatform
[2017.03.30-03.21.20:149][  0]LogTemp:Display: Loaded TP WindowsTargetPlatform
[2017.03.30-03.21.20:199][  0]LogTemp:Display: Loaded TP AndroidTargetPlatform
[2017.03.30-03.21.20:249][  0]LogTemp:Display: Loaded TP Android_ASTCTargetPlatform
[2017.03.30-03.21.20:301][  0]LogTemp:Display: Loaded TP Android_ATCTargetPlatform
[2017.03.30-03.21.20:352][  0]LogTemp:Display: Loaded TP Android_DXTTargetPlatform
[2017.03.30-03.21.20:405][  0]LogTemp:Display: Loaded TP Android_ETC1TargetPlatform
[2017.03.30-03.21.20:460][  0]LogTemp:Display: Loaded TP Android_ETC2TargetPlatform
[2017.03.30-03.21.20:558][  0]LogTemp:Display: Loaded TP Android_MultiTargetPlatform
[2017.03.30-03.21.20:558][  0]LogTemp:Display: Loaded TP Android_PVRTCTargetPlatform
[2017.03.30-03.21.20:595][  0]LogTemp:Display: Loaded TP HTML5TargetPlatform
[2017.03.30-03.21.20:687][  0]LogTemp:Display: Loaded TP IOSTargetPlatform
[2017.03.30-03.21.20:719][  0]LogTemp:Display: Loaded TP TVOSTargetPlatform
[2017.03.30-03.21.20:768][  0]LogTemp:Display: Loaded TP LinuxClientTargetPlatform
[2017.03.30-03.21.20:819][  0]LogTemp:Display: Loaded TP LinuxNoEditorTargetPlatform
[2017.03.30-03.21.20:868][  0]LogTemp:Display: Loaded TP LinuxServerTargetPlatform
[2017.03.30-03.21.20:919][  0]LogTemp:Display: Loaded TP LinuxTargetPlatform
[2017.03.30-03.21.20:919][  0]LogTargetPlatformManager:Display: Building Assets For Windows
[2017.03.30-03.21.21:339][  0]LogDerivedDataCache:Display: Max Cache Size: 512 MB
[2017.03.30-03.21.21:393][  0]LogDerivedDataCache: Loaded boot cache 0.05s 50MB C:/Users/SIG/AppData/Local/UnrealEngine/4.15/DerivedDataCache/Boot.ddc.
[2017.03.30-03.21.21:393][  0]LogDerivedDataCache:Display: Loaded Boot cache: C:/Users/SIG/AppData/Local/UnrealEngine/4.15/DerivedDataCache/Boot.ddc
[2017.03.30-03.21.21:393][  0]LogDerivedDataCache: FDerivedDataBackendGraph:  Pak pak cache file ../../../../../../Users/SIG/Downloads/final-project-submariner/DerivedDataCache/DDC.ddp not found, will not use a pak cache.
[2017.03.30-03.21.21:393][  0]LogDerivedDataCache: Unable to find inner node Pak for hierarchical cache Hierarchy.
[2017.03.30-03.21.21:393][  0]LogDerivedDataCache: FDerivedDataBackendGraph:  CompressedPak pak cache file ../../../../../../Users/SIG/Downloads/final-project-submariner/DerivedDataCache/Compressed.ddp not found, will not use a pak cache.
[2017.03.30-03.21.21:393][  0]LogDerivedDataCache: Unable to find inner node CompressedPak for hierarchical cache Hierarchy.
[2017.03.30-03.21.21:409][  0]LogDerivedDataCache:Display: Pak cache opened for reading ../../../Engine/DerivedDataCache/Compressed.ddp.
[2017.03.30-03.21.21:421][  0]LogDerivedDataCache: Using Local data cache path C:/Users/SIG/AppData/Local/UnrealEngine/Common/DerivedDataCache: Writable
[2017.03.30-03.21.21:429][  0]LogSlate: Using Freetype 2.6.0
[2017.03.30-03.21.21:429][  0]LogSlate: SlateFontCache - WITH_FREETYPE: 1, WITH_HARFBUZZ: 1
[2017.03.30-03.21.21:429][  0]LogSlate: SlateFontCache - WITH_FREETYPE: 1, WITH_HARFBUZZ: 1
[2017.03.30-03.21.21:506][  0]LogModuleManager:Warning: Found module file ../../../../../../Users/SIG/Downloads/final-project-submariner/Plugins/socketio-client-ue4/Binaries/Win64/UE4Editor-SIOJPlugin.dll (API version 3106830), but it was incompatible with the current engine API version (3299760). This is likely a stale module that must be recompiled.
[2017.03.30-03.21.21:688][  0]LogInit: Selected Device Profile: [Windows]
[2017.03.30-03.21.21:690][  0]LogContentStreaming: Texture pool size is 0.00 MB
[2017.03.30-03.21.21:894][  0]LogMeshUtilities: Using QuadricMeshReduction for automatic static mesh reduction
[2017.03.30-03.21.21:936][  0]LogSimplygon: Simplygon DLL not present - disabling.
[2017.03.30-03.21.21:981][  0]LogMeshUtilities: Using SimplygonSwarm for distributed automatic mesh merging
[2017.03.30-03.21.21:981][  0]LogMeshUtilities: No automatic skeletal mesh reduction module available
[2017.03.30-03.21.21:981][  0]LogMeshUtilities: No automatic mesh merging module available
[2017.03.30-03.21.22:476][  0]LogNetVersion: GetLocalNetworkVersion: CL: 3299760, ProjectName: submariner, ProjectVersion: , EngineNetworkVersion: 2, GameNetworkVersion: 0, NetworkChecksum: 2308320845
[2017.03.30-03.21.22:521][  0]LogAssetRegistry: FAssetRegistry took 0.0218 seconds to start up
[2017.03.30-03.21.22:567][  0]LogPackageLocalizationCache: Processed 3 localized package path(s) for 2 prioritized culture(s) in 0.025085 seconds
[2017.03.30-03.21.22:572][  0]LogUObjectArray: 32493 objects as part of root set at end of initial load.
[2017.03.30-03.21.22:572][  0]LogUObjectAllocator: 7077024 out of 0 bytes used by permanent object pool.
[2017.03.30-03.21.22:572][  0]LogUObjectArray: CloseDisregardForGC: 0/0 objects in disregard for GC pool
[2017.03.30-03.21.22:632][  0]LogInit: WinSock: version 1.1 (2.2), MaxSocks=32767, MaxUdp=65467
[2017.03.30-03.21.24:087][  0]LogTcpMessaging: Initializing TcpMessaging bridge
[2017.03.30-03.21.24:124][  0]LogUdpMessaging: Initializing bridge on interface 0.0.0.0:0 to multicast group 230.0.0.1:6666.
[2017.03.30-03.21.24:575][  0]LogMaterial: Uniform references updated for custom material expression Custom.
[2017.03.30-03.21.24:914][  0]SourceControl: Info Source control is disabled
[2017.03.30-03.21.24:940][  0]SourceControl: Info Source control is disabled
[2017.03.30-03.21.24:983][  0]SourceControl: Info Source control is disabled
[2017.03.30-03.21.25:026][  0]SourceControl: Info Source control is disabled
[2017.03.30-03.21.26:247][  0]LogEngine: Initializing Engine...
[2017.03.30-03.21.26:269][  0]LogHMD: Failed to initialize OpenVR with code 108
[2017.03.30-03.21.26:269][  0]LogHMD: Oculus plugin initialized. Version: 4.15.1-3348071+++UE4+Release-4.15, LibOVR: 1.10.2, SDK: 1.10.0, built Mar 15 2017, 16:59:09
[2017.03.30-03.21.26:479][  0]LogAIModule: Creating AISystem for world Untitled
[2017.03.30-03.21.26:488][  0]LogInit: XAudio2 using 'Speakers / Headphones (Realtek High Definition Audio)' : 2 channels at 48 kHz using 32 bits per sample (channel mask 0x3)
[2017.03.30-03.21.26:604][  0]LogInit: FAudioDevice initialized.
[2017.03.30-03.21.26:630][  0]LogDerivedDataCache: Saved boot cache 0.03s 50MB C:/Users/SIG/AppData/Local/UnrealEngine/4.15/DerivedDataCache/Boot.ddc.
[2017.03.30-03.21.26:637][  0]LogInit: Texture streaming: Enabled
[2017.03.30-03.21.26:727][  0]LogEngineSessionManager: EngineSessionManager initialized
[2017.03.30-03.21.26:819][  0]LogInit: Transaction tracking system initialized
[2017.03.30-03.21.27:141][  0]BlueprintLog: New page: Editor Load
[2017.03.30-03.21.27:976][  0]LocalizationService: Info Localization service is disabled
[2017.03.30-03.21.28:614][  0]LogConsoleResponse:Display: 
[2017.03.30-03.21.28:725][  0]LogCook:Display: Max memory allowance for cook 16384mb min free memory 0mb
[2017.03.30-03.21.28:725][  0]LogCook:Display: Mobile HDR setting 1
[2017.03.30-03.21.29:650][  0]LogFileCache: Scanning file cache for directory 'C:/Users/SIG/Downloads/final-project-submariner/Content/' took 0.01s
[2017.03.30-03.21.29:693][  0]SourceControl: Info Source control is disabled
[2017.03.30-03.21.29:693][  0]Cmd: MAP LOAD FILE="../../../../../../Users/SIG/Downloads/final-project-submariner/Content/Levels/Captain.umap" TEMPLATE=0 SHOWPROGRESS=1 FEATURELEVEL=3
[2017.03.30-03.21.29:694][  0]LightingResults: New page: Lighting Build
[2017.03.30-03.21.29:730][  0]MapCheck: New page: Map Check
[2017.03.30-03.21.29:730][  0]LightingResults: New page: Lighting Build
[2017.03.30-03.21.29:885][  0]LogLinker:Warning: Asset '../../../../../../Users/SIG/Downloads/final-project-submariner/Content/Materials/PP_Outliner_M.uasset' has been saved with empty engine version. The asset will be loaded but may be incompatible.
[2017.03.30-03.21.29:887][  0]LogLinker:Warning: Asset '../../../../../../Users/SIG/Downloads/final-project-submariner/Content/Materials/MF_ConvolveTexture.uasset' has been saved with empty engine version. The asset will be loaded but may be incompatible.
[2017.03.30-03.21.29:889][  0]LogLinker:Warning: Asset '../../../../../../Users/SIG/Downloads/final-project-submariner/Content/Materials/MF_ExtractDepth.uasset' has been saved with empty engine version. The asset will be loaded but may be incompatible.
[2017.03.30-03.21.29:889][  0]LogLinker:Warning: Asset '../../../../../../Users/SIG/Downloads/final-project-submariner/Content/Materials/MF_SampleSceneTextureNeighbourUVs.uasset' has been saved with empty engine version. The asset will be loaded but may be incompatible.
[2017.03.30-03.21.30:010][  0]LogAIModule: Creating AISystem for world Captain
[2017.03.30-03.21.30:032][  0]LogEditorServer: Finished looking for orphan Actors (0.000 secs)
[2017.03.30-03.21.30:032][  0]Cmd: MAP CHECKDEP NOCLEARLOG
[2017.03.30-03.21.30:073][  0]MapCheck: Info Map check complete: 0 Error(s), 0 Warning(s), took 40.341ms to complete.
[2017.03.30-03.21.30:073][  0]LogFileHelpers: Loading map 'Captain' took 0.380
[2017.03.30-03.21.30:126][  0]LogWindowsTextInputMethodSystem:Display: IME system now deactivated.
[2017.03.30-03.21.30:229][  0]LogCollectionManager: Loaded 0 collections in 0.001435 seconds
[2017.03.30-03.21.30:308][  0]LogFileCache: Scanning file cache for directory 'C:/Users/SIG/Downloads/final-project-submariner/Saved/Collections/' took 0.01s
[2017.03.30-03.21.30:308][  0]LogFileCache: Scanning file cache for directory 'C:/Users/SIG/Downloads/final-project-submariner/Content/Developers/SIG/Collections/' took 0.01s
[2017.03.30-03.21.30:308][  0]LogFileCache: Scanning file cache for directory 'C:/Users/SIG/Downloads/final-project-submariner/Content/Collections/' took 0.01s
[2017.03.30-03.21.30:308][  0]LogCollectionManager: Rebuilt the GUID cache for 0 collections in 0.000002 seconds
[2017.03.30-03.21.30:316][  0]LogContentBrowser: Native class hierarchy populated in 0.0076 seconds. Added 2253 classes and 460 folders.
[2017.03.30-03.21.30:319][  0]LogStats: UGameplayTagsManager::ConstructGameplayTagTree: Construct from data asset -  0.000 s
[2017.03.30-03.21.30:319][  0]LogStats: UGameplayTagsManager::ConstructGameplayTagTree: GameplayTagTreeChangedEvent.Broadcast -  0.000 s
[2017.03.30-03.21.30:376][  0]LogContentBrowser: Native class hierarchy updated for 'WidgetCarousel' in 0.0005 seconds. Added 0 classes and 0 folders.
[2017.03.30-03.21.30:406][  0]LogContentBrowser: Native class hierarchy updated for 'AddContentDialog' in 0.0005 seconds. Added 0 classes and 0 folders.
[2017.03.30-03.21.30:445][  0]LogContentBrowser: Native class hierarchy updated for 'SceneOutliner' in 0.0005 seconds. Added 1 classes and 2 folders.
[2017.03.30-03.21.30:488][  0]LogCrashTracker: Crashtracker disabled due to settings.
[2017.03.30-03.21.30:494][  0]LogUObjectGlobals:Warning: Failed to find object 'Class None.'
[2017.03.30-03.21.30:560][  0]LogContentBrowser: Native class hierarchy updated for 'HierarchicalLODOutliner' in 0.0007 seconds. Added 1 classes and 2 folders.
[2017.03.30-03.21.30:560][  0]LogLoad: (Engine Initialization) Total time: 15.17 seconds
[2017.03.30-03.21.30:560][  0]LogLoad: (Engine Initialization) Total Blueprint compile time: 0.10 seconds
[2017.03.30-03.21.30:560][  0]LogExternalProfiler: Found external profiler: VSPerf
[2017.03.30-03.21.30:560][  0]LogExternalProfiler: Using external profiler: VSPerf
[2017.03.30-03.21.30:569][  0]LogOcInput: OculusInput pre-init called
[2017.03.30-03.21.30:580][  0]LogOcInput: OculusInput is initialized. Init status 0. Runtime version: 1.10.2
[2017.03.30-03.21.30:623][  0]LogContentStreaming: Texture pool size now 1000 MB
[2017.03.30-03.21.30:624][  0]LogSlate: Took 0.000176 seconds to synchronously load lazily loaded font '../../../Engine/Content/Slate/Fonts/Roboto-Regular.ttf' (155K)
[2017.03.30-03.21.30:627][  0]LogSlate: Took 0.000239 seconds to synchronously load lazily loaded font '../../../Engine/Content/Slate/Fonts/Roboto-Bold.ttf' (160K)
[2017.03.30-03.21.30:632][  0]LogSlate: Took 0.000202 seconds to synchronously load lazily loaded font '../../../Engine/Content/Editor/Slate/Fonts/FontAwesome.ttf' (139K)
[2017.03.30-03.21.30:740][  0]LogSlate: Took 0.000217 seconds to synchronously load lazily loaded font '../../../Engine/Content/Slate/Fonts/Roboto-Light.ttf' (159K)
[2017.03.30-03.21.30:778][  0]LogRenderer: Reallocating scene render targets to support 1208x580 NumSamples 1 (Frame:2).
[2017.03.30-03.21.30:829][  1]LogFileCache: Retrieving MD5 hashes for directory 'C:/Users/SIG/Downloads/final-project-submariner/Content/' took 0.24s
[2017.03.30-03.21.30:839][  1]LogAssetRegistry: Asset discovery search completed in 8.3394 seconds
[2017.03.30-03.21.30:839][  1]LogCollectionManager: Rebuilt the object cache for 0 collections in 0.000004 seconds (found 0 objects)
[2017.03.30-03.21.30:839][  1]LogCollectionManager: Fixed up redirectors for 0 collections in 0.000015 seconds (updated 0 objects)
[2017.03.30-03.21.34:450][416]LogActorFactory: Actor Factory created Handle
[2017.03.30-03.21.34:710][446]LogActorFactory: Actor Factory created Handle
[2017.03.30-03.21.47:877][997]LogEditorViewport: Clicking on Actor (LMB): StaticMeshActor (Floor)
[2017.03.30-03.21.49:017][124]LogEditorViewport: Clicking on Actor (LMB): StaticMeshActor (Console)
[2017.03.30-03.21.49:574][183]LogEditorViewport: Clicking on Actor (LMB): StaticMeshActor (Console)
[2017.03.30-03.21.50:375][276]LogEditorViewport: Clicking on Actor (double click): StaticMeshActor (Handle)
[2017.03.30-03.21.56:209][961]LogSlate: Took 0.000226 seconds to synchronously load lazily loaded font '../../../Engine/Content/Editor/Slate/Fonts/Roboto-Italic.ttf' (157K)
[2017.03.30-03.22.11:726][781]LogSlate: Took 0.000162 seconds to synchronously load lazily loaded font '../../../Engine/Content/Slate/Fonts/Roboto-Light.ttf' (159K)
[2017.03.30-03.22.12:138][781]LogContentBrowser: Native class hierarchy updated for 'BlueprintGraph' in 0.0008 seconds. Added 112 classes and 0 folders.
[2017.03.30-03.22.12:846][781]LogRenderer: Reallocating scene render targets to support 1208x912 NumSamples 1 (Frame:4705).
[2017.03.30-03.22.19:301][414]LogUObjectGlobals:Warning: Failed to find object 'Class None.SIOJJsonObject'
[2017.03.30-03.22.19:302][414]LogUObjectGlobals:Warning: Failed to find object 'Class None.SIOJJsonObject'
[2017.03.30-03.22.43:330][110]LogSlate: Took 0.000229 seconds to synchronously load lazily loaded font '../../../Engine/Content/Editor/Slate/Fonts/Roboto-BoldCondensed.ttf' (158K)
[2017.03.30-03.24.50:856][501]BlueprintLog: New page: Compile Handle
[2017.03.30-03.25.06:472][215]Cmd: OBJ SAVEPACKAGE PACKAGE="/Game/Blueprints/Handle" FILE="../../../../../../Users/SIG/Downloads/final-project-submariner/Content/Blueprints/Handle.uasset" SILENT=true
[2017.03.30-03.25.06:492][215]LogSavePackage: Save=16.00ms
[2017.03.30-03.25.06:492][215]LogSavePackage: Moving '../../../../../../Users/SIG/Downloads/final-project-submariner/Saved/Handle462AE3A04A3468DBBEB16DA97EDDE389.tmp' to '../../../../../../Users/SIG/Downloads/final-project-submariner/Content/Blueprints/Handle.uasset'
[2017.03.30-03.25.06:496][215]LogSavePackage:Display: Finished SavePackage ../../../../../../Users/SIG/Downloads/final-project-submariner/Content/Blueprints/Handle.uasset
[2017.03.30-03.25.08:720][381]Cmd: SELECT NONE
[2017.03.30-03.25.08:978][402]Cmd: SELECT NONE
[2017.03.30-03.25.55:838][807]LogEditorViewport: Clicking on Actor (LMB): Handle_C (Handle)
[2017.03.30-03.27.31:413][532]LogSlate: Took 0.000234 seconds to synchronously load lazily loaded font '../../../Engine/Content/Editor/Slate/Fonts/Roboto-BoldCondensedItalic.ttf' (160K)
[2017.03.30-03.28.01:329][398]Cmd: OBJ SAVEPACKAGE PACKAGE="/Game/Blueprints/Handle" FILE="../../../../../../Users/SIG/Downloads/final-project-submariner/Content/Blueprints/Handle.uasset" SILENT=true
[2017.03.30-03.28.01:356][398]LogSavePackage: Save=15.75ms
[2017.03.30-03.28.01:356][398]LogSavePackage: Moving '../../../../../../Users/SIG/Downloads/final-project-submariner/Saved/Handle43C6E66E469503271F4F0EBF66D4BA5D.tmp' to '../../../../../../Users/SIG/Downloads/final-project-submariner/Content/Blueprints/Handle.uasset'
[2017.03.30-03.28.01:360][398]LogSavePackage:Display: Finished SavePackage ../../../../../../Users/SIG/Downloads/final-project-submariner/Content/Blueprints/Handle.uasset
[2017.03.30-03.28.41:325][156]LogBlueprint:Warning: [Handle] 'SocketIOClient' variable not found. Base class was probably changed.
[2017.03.30-03.28.41:325][156]LogBlueprint:Warning: [Handle] 'SocketIOClient' variable not found. Base class was probably changed.
[2017.03.30-03.28.41:335][156]LogSlate: Took 0.000221 seconds to synchronously load lazily loaded font '../../../Engine/Content/Slate/Fonts/Roboto-Light.ttf' (159K)
[2017.03.30-03.30.52:429][511]Cmd: OBJ SAVEPACKAGE PACKAGE="/Game/Blueprints/Handle" FILE="../../../../../../Users/SIG/Downloads/final-project-submariner/Content/Blueprints/Handle.uasset" SILENT=true
[2017.03.30-03.30.52:459][511]LogSavePackage: Save=20.39ms
[2017.03.30-03.30.52:459][511]LogSavePackage: Moving '../../../../../../Users/SIG/Downloads/final-project-submariner/Saved/Handle5DE15F184B8C8FFC76EDAA897743CED1.tmp' to '../../../../../../Users/SIG/Downloads/final-project-submariner/Content/Blueprints/Handle.uasset'
[2017.03.30-03.30.52:462][511]LogSavePackage:Display: Finished SavePackage ../../../../../../Users/SIG/Downloads/final-project-submariner/Content/Blueprints/Handle.uasset
[2017.03.30-03.30.52:511][511]Cmd: OBJ SAVEPACKAGE PACKAGE="/Game/Levels/Captain" FILE="../../../../../../Users/SIG/Downloads/final-project-submariner/Content/Levels/Captain.umap" SILENT=true AUTOSAVING=false KEEPDIRTY=false
[2017.03.30-03.30.52:645][511]LogSavePackage: Save=109.85ms
[2017.03.30-03.30.52:645][511]LogSavePackage: Moving '../../../../../../Users/SIG/Downloads/final-project-submariner/Saved/Captain458B54DD48F667C56AF58BA494681946.tmp' to '../../../../../../Users/SIG/Downloads/final-project-submariner/Content/Levels/Captain.umap'
[2017.03.30-03.30.52:647][511]LogSavePackage:Display: Finished SavePackage ../../../../../../Users/SIG/Downloads/final-project-submariner/Content/Levels/Captain.umap
[2017.03.30-03.30.52:681][511]LogFileHelpers: Saving map 'Captain' took 0.217
[2017.03.30-03.30.52:816][511]LogActorComponent: UnregisterComponent: (/Engine/Transient.EditorFloorComp) Not registered. Aborting.
[2017.03.30-03.30.52:886][511]LogWindowsTextInputMethodSystem:Display: IME system now deactivated.
[2017.03.30-03.30.53:060][512]Cmd: QUIT_EDITOR
[2017.03.30-03.30.53:115][512]LogExit: Preparing to exit.
[2017.03.30-03.30.53:436][512]LogDirectoryWatcher: A directory notification for 'C:/Users/SIG/Downloads/final-project-submariner/Content/' was aborted.
[2017.03.30-03.30.53:468][512]LogExit: Editor shut down
[2017.03.30-03.30.53:468][512]LogExit: Transaction tracking system shut down
[2017.03.30-03.30.53:558][512]LogObj: Freed 0b from 0 cluster array pools.
[2017.03.30-03.30.53:558][512]LogExit: Object subsystem successfully closed.
[2017.03.30-03.30.53:577][512]LogD3D11RHI: Shutdown
[2017.03.30-03.30.53:577][512]LogD3D11RHI: CleanupD3DDevice
[2017.03.30-03.30.53:667][512]LogD3D11RHI: ~FD3D11DynamicRHI
[2017.03.30-03.30.53:680][512]LogModuleManager: Shutting down and abandoning module BlueprintGraph (508)
[2017.03.30-03.30.53:680][512]LogModuleManager: Shutting down and abandoning module BlueprintProfiler (506)
[2017.03.30-03.30.53:680][512]LogModuleManager: Shutting down and abandoning module HierarchicalLODOutliner (504)
[2017.03.30-03.30.53:680][512]LogModuleManager: Shutting down and abandoning module CrashTracker (502)
[2017.03.30-03.30.53:680][512]LogModuleManager: Shutting down and abandoning module SceneOutliner (500)
[2017.03.30-03.30.53:680][512]LogModuleManager: Shutting down and abandoning module AddContentDialog (498)
[2017.03.30-03.30.53:680][512]LogDirectoryWatcher: A directory notification for 'C:/Program Files/Epic Games/UE_4.15/FeaturePacks/' was aborted.
[2017.03.30-03.30.53:681][512]LogModuleManager: Shutting down and abandoning module WidgetCarousel (497)
[2017.03.30-03.30.53:681][512]LogModuleManager: Shutting down and abandoning module EditorWidgets (494)
[2017.03.30-03.30.53:681][512]LogModuleManager: Shutting down and abandoning module CollectionManager (492)
[2017.03.30-03.30.53:681][512]LogDirectoryWatcher: A directory notification for 'C:/Users/SIG/Downloads/final-project-submariner/Content/Collections/' was aborted.
[2017.03.30-03.30.53:681][512]LogDirectoryWatcher: A directory notification for 'C:/Users/SIG/Downloads/final-project-submariner/Content/Developers/SIG/Collections/' was aborted.
[2017.03.30-03.30.53:681][512]LogDirectoryWatcher: A directory notification for 'C:/Users/SIG/Downloads/final-project-submariner/Saved/Collections/' was aborted.
[2017.03.30-03.30.53:681][512]LogModuleManager: Shutting down and abandoning module StatsViewer (490)
[2017.03.30-03.30.53:681][512]LogModuleManager: Shutting down and abandoning module FoliageEdit (488)
[2017.03.30-03.30.53:681][512]LogModuleManager: Shutting down and abandoning module LandscapeEditor (486)
[2017.03.30-03.30.53:681][512]LogModuleManager: Shutting down and abandoning module SceneDepthPickerMode (484)
[2017.03.30-03.30.53:681][512]LogModuleManager: Shutting down and abandoning module ActorPickerMode (482)
[2017.03.30-03.30.53:681][512]LogModuleManager: Shutting down and abandoning module GeometryMode (480)
[2017.03.30-03.30.53:681][512]LogModuleManager: Shutting down and abandoning module TextureAlignMode (478)
[2017.03.30-03.30.53:681][512]LogModuleManager: Shutting down and abandoning module BspMode (476)
[2017.03.30-03.30.53:681][512]LogModuleManager: Shutting down and abandoning module HardwareSurvey (474)
[2017.03.30-03.30.53:681][512]LogModuleManager: Shutting down and abandoning module SequenceRecorderSections (472)
[2017.03.30-03.30.53:681][512]LogModuleManager: Shutting down and abandoning module AutomationWorker (470)
[2017.03.30-03.30.53:681][512]LogModuleManager: Shutting down and abandoning module MatineeToLevelSequence (468)
[2017.03.30-03.30.53:681][512]LogModuleManager: Shutting down and abandoning module LevelSequenceEditor (466)
[2017.03.30-03.30.53:681][512]LogModuleManager: Shutting down and abandoning module PlacementMode (465)
[2017.03.30-03.30.53:681][512]LogModuleManager: Shutting down and abandoning module WmfMediaFactory (462)
[2017.03.30-03.30.53:681][512]LogModuleManager: Shutting down and abandoning module WmfMediaEditor (460)
[2017.03.30-03.30.53:681][512]LogModuleManager: Shutting down and abandoning module MfMediaFactory (458)
[2017.03.30-03.30.53:681][512]LogModuleManager: Shutting down and abandoning module MfMediaEditor (456)
[2017.03.30-03.30.53:681][512]LogModuleManager: Shutting down and abandoning module AvfMediaFactory (454)
[2017.03.30-03.30.53:681][512]LogModuleManager: Shutting down and abandoning module AvfMediaEditor (452)
[2017.03.30-03.30.53:681][512]LogModuleManager: Shutting down and abandoning module AndroidMediaFactory (450)
[2017.03.30-03.30.53:681][512]LogModuleManager: Shutting down and abandoning module Media (449)
[2017.03.30-03.30.53:681][512]LogModuleManager: Shutting down and abandoning module AndroidMediaEditor (446)
[2017.03.30-03.30.53:681][512]LogModuleManager: Shutting down and abandoning module CharacterAI (444)
[2017.03.30-03.30.53:681][512]LogModuleManager: Shutting down and abandoning module AudioCapture (442)
[2017.03.30-03.30.53:681][512]LogModuleManager: Shutting down and abandoning module SequenceRecorder (441)
[2017.03.30-03.30.53:681][512]LogModuleManager: Shutting down and abandoning module SmartSnapping (438)
[2017.03.30-03.30.53:681][512]LogModuleManager: Shutting down and abandoning module SessionServices (436)
[2017.03.30-03.30.53:681][512]LogModuleManager: Shutting down and abandoning module ViewportSnapping (434)
[2017.03.30-03.30.53:681][512]LogModuleManager: Shutting down and abandoning module ViewportInteraction (432)
[2017.03.30-03.30.53:681][512]LogModuleManager: Shutting down and abandoning module LogVisualizer (430)
[2017.03.30-03.30.53:681][512]LogModuleManager: Shutting down and abandoning module IntroTutorials (428)
[2017.03.30-03.30.53:681][512]LogModuleManager: Shutting down and abandoning module GameProjectGeneration (427)
[2017.03.30-03.30.53:681][512]LogModuleManager: Shutting down and abandoning module EditorLiveStreaming (424)
[2017.03.30-03.30.53:681][512]LogModuleManager: Shutting down and abandoning module IOSPlatformEditor (422)
[2017.03.30-03.30.53:681][512]LogModuleManager: Shutting down and abandoning module HTML5PlatformEditor (420)
[2017.03.30-03.30.53:681][512]LogModuleManager: Shutting down and abandoning module AndroidPlatformEditor (418)
[2017.03.30-03.30.53:681][512]LogModuleManager: Shutting down and abandoning module AndroidDeviceDetection (417)
[2017.03.30-03.30.54:613][512]LogModuleManager: Shutting down and abandoning module IOSRuntimeSettings (414)
[2017.03.30-03.30.54:613][512]LogModuleManager: Shutting down and abandoning module AndroidRuntimeSettings (412)
[2017.03.30-03.30.54:613][512]LogModuleManager: Shutting down and abandoning module InputBindingEditor (410)
[2017.03.30-03.30.54:613][512]LogModuleManager: Shutting down and abandoning module NiagaraEditor (408)
[2017.03.30-03.30.54:613][512]LogModuleManager: Shutting down and abandoning module MergeActors (406)
[2017.03.30-03.30.54:613][512]LogModuleManager: Shutting down and abandoning module SizeMap (404)
[2017.03.30-03.30.54:613][512]LogModuleManager: Shutting down and abandoning module TreeMap (402)
[2017.03.30-03.30.54:613][512]LogModuleManager: Shutting down and abandoning module ReferenceViewer (400)
[2017.03.30-03.30.54:613][512]LogModuleManager: Shutting down and abandoning module LocalizationDashboard (398)
[2017.03.30-03.30.54:613][512]LogModuleManager: Shutting down and abandoning module LocalizationService (397)
[2017.03.30-03.30.54:613][512]LogModuleManager: Shutting down and abandoning module HardwareTargeting (394)
[2017.03.30-03.30.54:613][512]LogModuleManager: Shutting down and abandoning module DeviceProfileEditor (392)
[2017.03.30-03.30.54:613][512]LogModuleManager: Shutting down and abandoning module UndoHistory (390)
[2017.03.30-03.30.54:613][512]LogModuleManager: Shutting down and abandoning module UserFeedback (388)
[2017.03.30-03.30.54:613][512]LogModuleManager: Shutting down and abandoning module XmlParser (386)
[2017.03.30-03.30.54:613][512]LogModuleManager: Shutting down and abandoning module Blutility (384)
[2017.03.30-03.30.54:613][512]LogModuleManager: Shutting down and abandoning module ProjectSettingsViewer (382)
[2017.03.30-03.30.54:613][512]LogModuleManager: Shutting down and abandoning module ProjectTargetPlatformEditor (381)
[2017.03.30-03.30.54:614][512]LogModuleManager: Shutting down and abandoning module EditorSettingsViewer (378)
[2017.03.30-03.30.54:614][512]LogModuleManager: Shutting down and abandoning module SettingsEditor (376)
[2017.03.30-03.30.54:614][512]LogModuleManager: Shutting down and abandoning module ProjectLauncher (374)
[2017.03.30-03.30.54:614][512]LogModuleManager: Shutting down and abandoning module SessionFrontend (372)
[2017.03.30-03.30.54:614][512]LogModuleManager: Shutting down and abandoning module ProfilerClient (370)
[2017.03.30-03.30.54:614][512]LogModuleManager: Shutting down and abandoning module DeviceManager (368)
[2017.03.30-03.30.54:614][512]LogModuleManager: Shutting down and abandoning module TargetDeviceServices (367)
[2017.03.30-03.30.54:658][512]LogModuleManager: Shutting down and abandoning module AutomationController (364)
[2017.03.30-03.30.54:658][512]LogModuleManager: Shutting down and abandoning module AutomationWindow (362)
[2017.03.30-03.30.54:658][512]LogModuleManager: Shutting down and abandoning module Layers (360)
[2017.03.30-03.30.54:658][512]LogModuleManager: Shutting down and abandoning module ComponentVisualizers (358)
[2017.03.30-03.30.54:658][512]LogModuleManager: Shutting down and abandoning module DetailCustomizations (356)
[2017.03.30-03.30.54:658][512]LogModuleManager: Shutting down and abandoning module PackagesDialog (354)
[2017.03.30-03.30.54:658][512]LogModuleManager: Shutting down and abandoning module Persona (352)
[2017.03.30-03.30.54:658][512]LogModuleManager: Shutting down and abandoning module AnimGraph (351)
[2017.03.30-03.30.54:658][512]LogModuleManager: Shutting down and abandoning module Kismet (348)
[2017.03.30-03.30.54:664][512]LogModuleManager: Shutting down and abandoning module GraphEditor (346)
[2017.03.30-03.30.54:664][512]LogModuleManager: Shutting down and abandoning module ClassViewer (344)
[2017.03.30-03.30.54:664][512]LogModuleManager: Shutting down and abandoning module Toolbox (342)
[2017.03.30-03.30.54:664][512]LogModuleManager: Shutting down and abandoning module ModuleUI (340)
[2017.03.30-03.30.54:664][512]LogModuleManager: Shutting down and abandoning module MovieSceneTools (338)
[2017.03.30-03.30.54:664][512]LogModuleManager: Shutting down and abandoning module OutputLog (336)
[2017.03.30-03.30.54:664][512]LogModuleManager: Shutting down and abandoning module GammaUI (334)
[2017.03.30-03.30.54:664][512]LogModuleManager: Shutting down and abandoning module Documentation (332)
[2017.03.30-03.30.54:664][512]LogModuleManager: Shutting down and abandoning module Niagara (330)
[2017.03.30-03.30.54:664][512]LogModuleManager: Shutting down and abandoning module StreamingPauseRendering (328)
[2017.03.30-03.30.54:664][512]LogModuleManager: Shutting down and abandoning module AnalyticsET (326)
[2017.03.30-03.30.54:664][512]LogModuleManager: Shutting down and abandoning module PortalServices (324)
[2017.03.30-03.30.54:664][512]LogModuleManager: Shutting down and abandoning module PortalRpc (322)
[2017.03.30-03.30.54:664][512]LogModuleManager: Shutting down and abandoning module MessagingRpc (320)
[2017.03.30-03.30.54:664][512]LogModuleManager: Shutting down and abandoning module AIModule (318)
[2017.03.30-03.30.54:664][512]LogModuleManager: Shutting down and abandoning module GameplayDebugger (317)
[2017.03.30-03.30.54:664][512]LogModuleManager: Shutting down and abandoning module AITestSuite (315)
[2017.03.30-03.30.54:664][512]LogModuleManager: Shutting down and abandoning module ProfilerService (312)
[2017.03.30-03.30.54:803][512]LogModuleManager: Shutting down and abandoning module TaskGraph (310)
[2017.03.30-03.30.54:803][512]LogModuleManager: Shutting down and abandoning module SIOJEditorPlugin (308)
[2017.03.30-03.30.54:803][512]LogModuleManager: Shutting down and abandoning module SocketIOClient (306)
[2017.03.30-03.30.54:803][512]LogModuleManager: Shutting down and abandoning module SteamVRController (304)
[2017.03.30-03.30.54:803][512]LogModuleManager: Shutting down and abandoning module SteamVR (302)
[2017.03.30-03.30.54:803][512]LogModuleManager: Shutting down and abandoning module ProceduralMeshComponentEditor (300)
[2017.03.30-03.30.54:803][512]LogModuleManager: Shutting down and abandoning module ProceduralMeshComponent (298)
[2017.03.30-03.30.54:803][512]LogModuleManager: Shutting down and abandoning module OculusLibrary (296)
[2017.03.30-03.30.54:803][512]LogModuleManager: Shutting down and abandoning module OculusInput (294)
[2017.03.30-03.30.54:803][512]LogModuleManager: Shutting down and abandoning module MobilePatchingUtils (292)
[2017.03.30-03.30.54:803][512]LogModuleManager: Shutting down and abandoning module CustomMeshComponent (290)
[2017.03.30-03.30.54:803][512]LogModuleManager: Shutting down and abandoning module CableComponent (288)
[2017.03.30-03.30.54:803][512]LogModuleManager: Shutting down and abandoning module ArchVisCharacter (286)
[2017.03.30-03.30.54:803][512]LogModuleManager: Shutting down and abandoning module MediaPlayerEditor (282)
[2017.03.30-03.30.54:803][512]LogModuleManager: Shutting down and abandoning module HTML5Networking (280)
[2017.03.30-03.30.54:803][512]LogModuleManager: Shutting down and abandoning module AlembicImporter (278)
[2017.03.30-03.30.54:803][512]LogModuleManager: Shutting down and abandoning module AlembicLibrary (277)
[2017.03.30-03.30.54:803][512]LogModuleManager: Shutting down and abandoning module GeometryCache (276)
[2017.03.30-03.30.54:803][512]LogModuleManager: Shutting down and abandoning module GeometryCacheEd (275)
[2017.03.30-03.30.54:803][512]LogModuleManager: Shutting down and abandoning module SuperSearchEditor (270)
[2017.03.30-03.30.54:803][512]LogModuleManager: Shutting down and abandoning module SuperSearch (269)
[2017.03.30-03.30.54:803][512]LogModuleManager: Shutting down and abandoning module SpeedTreeImporter (266)
[2017.03.30-03.30.54:803][512]LogModuleManager: Shutting down and abandoning module PluginBrowser (264)
[2017.03.30-03.30.54:803][512]LogModuleManager: Shutting down and abandoning module MobileLauncherProfileWizard (262)
[2017.03.30-03.30.54:803][512]LogModuleManager: Shutting down and abandoning module EpicSurvey (260)
[2017.03.30-03.30.54:803][512]LogModuleManager: Shutting down and abandoning module VisualStudioSourceCodeAccess (258)
[2017.03.30-03.30.54:803][512]LogModuleManager: Shutting down and abandoning module DesktopPlatform (257)
[2017.03.30-03.30.54:803][512]LogModuleManager: Shutting down and abandoning module UObjectPlugin (254)
[2017.03.30-03.30.54:803][512]LogModuleManager: Shutting down and abandoning module SubversionSourceControl (252)
[2017.03.30-03.30.54:803][512]LogModuleManager: Shutting down and abandoning module PerforceSourceControl (250)
[2017.03.30-03.30.54:803][512]LogModuleManager: Shutting down and abandoning module GitSourceControl (248)
[2017.03.30-03.30.54:803][512]LogModuleManager: Shutting down and abandoning module SourceControl (247)
[2017.03.30-03.30.54:803][512]LogModuleManager: Shutting down and abandoning module LightPropagationVolumeEditor (244)
[2017.03.30-03.30.54:804][512]LogModuleManager: Shutting down and abandoning module PaperTiledImporter (242)
[2017.03.30-03.30.54:804][512]LogModuleManager: Shutting down and abandoning module PaperSpriteSheetImporter (240)
[2017.03.30-03.30.54:804][512]LogModuleManager: Shutting down and abandoning module Paper2DEditor (238)
[2017.03.30-03.30.54:804][512]LogModuleManager: Shutting down and abandoning module MeshPaint (237)
[2017.03.30-03.30.54:804][512]LogModuleManager: Shutting down and abandoning module LevelEditor (235)
[2017.03.30-03.30.54:804][512]LogModuleManager: Shutting down and abandoning module PixelInspectorModule (234)
[2017.03.30-03.30.54:804][512]LogModuleManager: Shutting down and abandoning module MainFrame (232)
[2017.03.30-03.30.54:804][512]LogModuleManager: Shutting down and abandoning module HotReload (231)
[2017.03.30-03.30.54:805][512]LogModuleManager: Shutting down and abandoning module ContentBrowser (227)
[2017.03.30-03.30.54:805][512]LogModuleManager: Shutting down and abandoning module SIOJson (224)
[2017.03.30-03.30.54:805][512]LogModuleManager: Shutting down and abandoning module PhysXVehiclesEditor (222)
[2017.03.30-03.30.54:805][512]LogModuleManager: Shutting down and abandoning module PhysXVehicles (220)
[2017.03.30-03.30.54:805][512]LogModuleManager: Shutting down and abandoning module LocationServicesBPLibrary (218)
[2017.03.30-03.30.54:805][512]LogModuleManager: Shutting down and abandoning module UdpMessaging (216)
[2017.03.30-03.30.54:907][512]LogModuleManager: Shutting down and abandoning module TcpMessaging (214)
[2017.03.30-03.30.55:007][512]LogModuleManager: Shutting down and abandoning module GameplayTagsEditor (212)
[2017.03.30-03.30.55:007][512]LogModuleManager: Shutting down and abandoning module FacialAnimationEditor (210)
[2017.03.30-03.30.55:007][512]LogModuleManager: Shutting down and abandoning module FacialAnimation (208)
[2017.03.30-03.30.55:007][512]LogModuleManager: Shutting down and abandoning module LightPropagationVolumeRuntime (206)
[2017.03.30-03.30.55:007][512]LogModuleManager: Shutting down and abandoning module Paper2D (204)
[2017.03.30-03.30.55:007][512]LogModuleManager: Shutting down and abandoning module WindowsMoviePlayer (202)
[2017.03.30-03.30.55:007][512]LogModuleManager: Shutting down and abandoning module WmfMedia (200)
[2017.03.30-03.30.55:007][512]LogModuleManager: Shutting down and abandoning module MfMedia (198)
[2017.03.30-03.30.55:007][512]LogModuleManager: Shutting down and abandoning module MediaAssets (196)
[2017.03.30-03.30.55:007][512]LogModuleManager: Shutting down and abandoning module GameLiveStreaming (194)
[2017.03.30-03.30.55:007][512]LogModuleManager: Shutting down and abandoning module VREditor (192)
[2017.03.30-03.30.55:007][512]LogModuleManager: Shutting down and abandoning module GameplayTasksEditor (190)
[2017.03.30-03.30.55:007][512]LogModuleManager: Shutting down and abandoning module BehaviorTreeEditor (188)
[2017.03.30-03.30.55:007][512]LogModuleManager: Shutting down and abandoning module FunctionalTesting (186)
[2017.03.30-03.30.55:007][512]LogModuleManager: Shutting down and abandoning module CollisionAnalyzer (184)
[2017.03.30-03.30.55:007][512]LogModuleManager: Shutting down and abandoning module UMG (182)
[2017.03.30-03.30.55:007][512]LogModuleManager: Shutting down and abandoning module UMGEditor (181)
[2017.03.30-03.30.55:007][512]LogModuleManager: Shutting down and abandoning module Sequencer (180)
[2017.03.30-03.30.55:007][512]LogModuleManager: Shutting down and abandoning module AssetTools (178)
[2017.03.30-03.30.55:007][512]LogModuleManager: Shutting down and abandoning module MessageLog (177)
[2017.03.30-03.30.55:007][512]LogModuleManager: Shutting down and abandoning module WorkspaceMenuStructure (176)
[2017.03.30-03.30.55:007][512]LogModuleManager: Shutting down and abandoning module SlateReflector (170)
[2017.03.30-03.30.55:007][512]LogModuleManager: Shutting down and abandoning module Slate (168)
[2017.03.30-03.30.55:007][512]LogModuleManager: Shutting down and abandoning module EditorStyle (166)
[2017.03.30-03.30.55:009][512]LogModuleManager: Shutting down and abandoning module SourceCodeAccess (164)
[2017.03.30-03.30.55:009][512]LogModuleManager: Shutting down and abandoning module HeadMountedDisplay (162)
[2017.03.30-03.30.55:009][512]LogModuleManager: Shutting down and abandoning module XAudio2 (160)
[2017.03.30-03.30.55:009][512]LogModuleManager: Shutting down and abandoning module Networking (158)
[2017.03.30-03.30.55:009][512]LogModuleManager: Shutting down and abandoning module Core (154)
[2017.03.30-03.30.55:009][512]LogModuleManager: Shutting down and abandoning module AssetRegistry (152)
[2017.03.30-03.30.55:127][512]LogDirectoryWatcher: A directory notification for '../../../Engine/Content/' was aborted.
[2017.03.30-03.30.55:128][512]LogDirectoryWatcher: A directory notification for '../../../../../../Users/SIG/Downloads/final-project-submariner/Content/' was aborted.
[2017.03.30-03.30.55:128][512]LogDirectoryWatcher: A directory notification for '../../../Engine/Plugins/2D/Paper2D/Content/' was aborted.
[2017.03.30-03.30.55:128][512]LogModuleManager: Shutting down and abandoning module DirectoryWatcher (151)
[2017.03.30-03.30.55:128][512]LogModuleManager: Shutting down and abandoning module KismetCompiler (148)
[2017.03.30-03.30.55:128][512]LogModuleManager: Shutting down and abandoning module PhysXFormats (146)
[2017.03.30-03.30.55:128][512]LogModuleManager: Shutting down and abandoning module MeshUtilities (144)
[2017.03.30-03.30.55:128][512]LogModuleManager: Shutting down and abandoning module SimplygonSwarm (143)
[2017.03.30-03.30.55:128][512]LogModuleManager: Shutting down and abandoning module SimplygonMeshReduction (141)
[2017.03.30-03.30.55:128][512]LogModuleManager: Shutting down and abandoning module QuadricMeshReduction (139)
[2017.03.30-03.30.55:128][512]LogModuleManager: Shutting down and abandoning module PropertyEditor (137)
[2017.03.30-03.30.55:128][512]LogModuleManager: Shutting down and abandoning module DerivedDataCache (134)
[2017.03.30-03.30.55:153][512]LogDerivedDataCache: Shutdown
[2017.03.30-03.30.55:153][512]LogModuleManager: Shutting down and abandoning module TargetPlatform (132)
[2017.03.30-03.30.55:153][512]LogModuleManager: Shutting down and abandoning module VulkanShaderFormat (131)
[2017.03.30-03.30.55:153][512]LogModuleManager: Shutting down and abandoning module ShaderFormatOpenGL (129)
[2017.03.30-03.30.55:153][512]LogModuleManager: Shutting down and abandoning module ShaderFormatD3D (127)
[2017.03.30-03.30.55:153][512]LogModuleManager: Shutting down and abandoning module MetalShaderFormat (125)
[2017.03.30-03.30.55:153][512]LogModuleManager: Shutting down and abandoning module TextureFormatUncompressed (123)
[2017.03.30-03.30.55:153][512]LogModuleManager: Shutting down and abandoning module TextureFormatPVR (121)
[2017.03.30-03.30.55:153][512]LogModuleManager: Shutting down and abandoning module TextureFormatDXT (119)
[2017.03.30-03.30.55:153][512]LogModuleManager: Shutting down and abandoning module TextureFormatIntelISPCTexComp (117)
[2017.03.30-03.30.55:153][512]LogModuleManager: Shutting down and abandoning module TextureFormatASTC (115)
[2017.03.30-03.30.55:153][512]LogModuleManager: Shutting down and abandoning module ImageWrapper (114)
[2017.03.30-03.30.55:153][512]LogModuleManager: Shutting down and abandoning module TextureFormatAndroid (111)
[2017.03.30-03.30.55:153][512]LogModuleManager: Shutting down and abandoning module AudioFormatOpus (109)
[2017.03.30-03.30.55:153][512]LogModuleManager: Shutting down and abandoning module AudioFormatOgg (107)
[2017.03.30-03.30.55:153][512]LogModuleManager: Shutting down and abandoning module AudioFormatADPCM (105)
[2017.03.30-03.30.55:153][512]LogModuleManager: Shutting down and abandoning module LinuxTargetPlatform (103)
[2017.03.30-03.30.55:153][512]LogModuleManager: Shutting down and abandoning module LinuxServerTargetPlatform (101)
[2017.03.30-03.30.55:153][512]LogModuleManager: Shutting down and abandoning module LinuxNoEditorTargetPlatform (99)
[2017.03.30-03.30.55:153][512]LogModuleManager: Shutting down and abandoning module LinuxClientTargetPlatform (97)
[2017.03.30-03.30.55:153][512]LogModuleManager: Shutting down and abandoning module TVOSTargetPlatform (95)
[2017.03.30-03.30.55:153][512]LogModuleManager: Shutting down and abandoning module Messaging (93)
[2017.03.30-03.30.55:153][512]LogModuleManager: Shutting down and abandoning module IOSTargetPlatform (91)
[2017.03.30-03.30.55:153][512]LogModuleManager: Shutting down and abandoning module HTML5TargetPlatform (89)
[2017.03.30-03.30.55:154][512]LogModuleManager: Shutting down and abandoning module Android_PVRTCTargetPlatform (87)
[2017.03.30-03.30.55:154][512]LogModuleManager: Shutting down and abandoning module Android_MultiTargetPlatform (85)
[2017.03.30-03.30.55:154][512]LogModuleManager: Shutting down and abandoning module Android_ETC2TargetPlatform (83)
[2017.03.30-03.30.55:154][512]LogModuleManager: Shutting down and abandoning module Android_ETC1TargetPlatform (81)
[2017.03.30-03.30.55:154][512]LogModuleManager: Shutting down and abandoning module Android_DXTTargetPlatform (79)
[2017.03.30-03.30.55:154][512]LogModuleManager: Shutting down and abandoning module Android_ATCTargetPlatform (77)
[2017.03.30-03.30.55:154][512]LogModuleManager: Shutting down and abandoning module Android_ASTCTargetPlatform (75)
[2017.03.30-03.30.55:154][512]LogModuleManager: Shutting down and abandoning module AndroidTargetPlatform (73)
[2017.03.30-03.30.55:154][512]LogModuleManager: Shutting down and abandoning module WindowsTargetPlatform (71)
[2017.03.30-03.30.55:154][512]LogModuleManager: Shutting down and abandoning module WindowsServerTargetPlatform (69)
[2017.03.30-03.30.55:154][512]LogModuleManager: Shutting down and abandoning module WindowsNoEditorTargetPlatform (67)
[2017.03.30-03.30.55:154][512]LogModuleManager: Shutting down and abandoning module WindowsClientTargetPlatform (65)
[2017.03.30-03.30.55:154][512]LogModuleManager: Shutting down and abandoning module MacTargetPlatform (63)
[2017.03.30-03.30.55:154][512]LogModuleManager: Shutting down and abandoning module MacServerTargetPlatform (61)
[2017.03.30-03.30.55:154][512]LogModuleManager: Shutting down and abandoning module MacNoEditorTargetPlatform (59)
[2017.03.30-03.30.55:154][512]LogModuleManager: Shutting down and abandoning module MacClientTargetPlatform (57)
[2017.03.30-03.30.55:154][512]LogModuleManager: Shutting down and abandoning module AllDesktopTargetPlatform (55)
[2017.03.30-03.30.55:154][512]LogModuleManager: Shutting down and abandoning module InputCore (52)
[2017.03.30-03.30.55:154][512]LogModuleManager: Shutting down and abandoning module Settings (50)
[2017.03.30-03.30.55:154][512]LogModuleManager: Shutting down and abandoning module OculusRift (48)
[2017.03.30-03.30.55:154][512]LogHMD: Oculus shutdown.
[2017.03.30-03.30.55:154][512]LogModuleManager: Shutting down and abandoning module GearVR (46)
[2017.03.30-03.30.55:154][512]LogModuleManager: Shutting down and abandoning module ExampleDeviceProfileSelector (44)
[2017.03.30-03.30.55:154][512]LogModuleManager: Shutting down and abandoning module OnlineBlueprintSupport (42)
[2017.03.30-03.30.55:154][512]LogModuleManager: Shutting down and abandoning module OnlineSubsystem (38)
[2017.03.30-03.30.55:154][512]LogOnline:Display: Unloading online subsystem: NULL
[2017.03.30-03.30.55:154][512]LogModuleManager: Shutting down and abandoning module XMPP (37)
[2017.03.30-03.30.55:154][512]LogModuleManager: Shutting down and abandoning module HTTP (35)
[2017.03.30-03.30.55:154][512]LogHttp:Display: Http module shutting down, but needs to wait on 1 outstanding Http requests:
[2017.03.30-03.30.55:154][512]LogHttp:Display: 	verb=[POST] url=[https://datarouter.ol.epicgames.com/datarouter/api/v1/public/data?SessionID=%7B4486E230-4587-4CEA-7664-E285B5A7E61B%7D&AppID=UEEditor.Rocket.Release&AppVersion=4.15.1-3348071%2B%2B%2BUE4%2BRelease-4.15&UserID=e39357c64ff4c0113b938aab5c671f29%7Cbaae9aaf04b944ba8f842fbc4055c4f8%7C0c9e8fbc-430d-4232-9a6e-cf58865a8fca&AppEnvironment=datacollector-binary&UploadType=eteventstream] status=Processing
[2017.03.30-03.30.55:170][512]LogModuleManager: Shutting down and abandoning module SSL (34)
[2017.03.30-03.30.55:171][512]LogModuleManager: Shutting down and abandoning module AudioEditor (30)
[2017.03.30-03.30.55:171][512]LogModuleManager: Shutting down and abandoning module TextureCompressor (28)
[2017.03.30-03.30.55:171][512]LogModuleManager: Shutting down and abandoning module ShaderCore (26)
[2017.03.30-03.30.55:171][512]LogModuleManager: Shutting down and abandoning module Landscape (24)
[2017.03.30-03.30.55:171][512]LogModuleManager: Shutting down and abandoning module SlateRHIRenderer (22)
[2017.03.30-03.30.55:172][512]LogModuleManager: Shutting down and abandoning module OpenGLDrv (20)
[2017.03.30-03.30.55:172][512]LogModuleManager: Shutting down and abandoning module D3D11RHI (18)
[2017.03.30-03.30.55:172][512]LogModuleManager: Shutting down and abandoning module AnimGraphRuntime (16)
[2017.03.30-03.30.55:172][512]LogModuleManager: Shutting down and abandoning module Renderer (14)
[2017.03.30-03.30.55:172][512]LogModuleManager: Shutting down and abandoning module Engine (12)
[2017.03.30-03.30.55:173][512]LogModuleManager: Shutting down and abandoning module CoreUObject (10)
[2017.03.30-03.30.55:173][512]LogModuleManager: Shutting down and abandoning module NetworkFile (8)
[2017.03.30-03.30.55:173][512]LogModuleManager: Shutting down and abandoning module StreamingFile (6)
[2017.03.30-03.30.55:173][512]LogModuleManager: Shutting down and abandoning module SandboxFile (4)
[2017.03.30-03.30.55:173][512]LogModuleManager: Shutting down and abandoning module PakFile (2)
[2017.03.30-03.30.55:174][512]LogExit: Exiting.
[2017.03.30-03.30.55:176][512]Log file closed, 03/29/17 23:30:55
