Log file open, 03/29/17 23:17:23
LogInit:Display: Running engine for game: Submariner
LogPlatformFile: Not using cached read wrapper
LogInit:Display: RandInit(-781879965) SRandInit(-781879965).
LogTaskGraph: Started task graph with 5 named threads and 8 total threads with 1 sets of task threads.
LogStats: Stats thread started at 0.079204
LogInit: Using libcurl 7.47.1
LogInit:  - built for x86_64-pc-win32
LogInit:  - supports SSL with OpenSSL/1.0.2g
LogInit:  - supports HTTP deflate (compression) using libz 1.2.8
LogInit:  - other features:
LogInit:      CURL_VERSION_SSL
LogInit:      CURL_VERSION_LIBZ
LogInit:      CURL_VERSION_IPV6
LogInit:      CURL_VERSION_ASYNCHDNS
LogInit:      CURL_VERSION_LARGEFILE
LogInit:      CURL_VERSION_IDN
LogInit:  CurlRequestOptions (configurable via config and command line):
LogInit:  - bVerifyPeer = false  - Libcurl will NOT verify peer certificate
LogInit:  - bUseHttpProxy = false  - Libcurl will NOT use HTTP proxy
LogInit:  - bDontReuseConnections = false  - Libcurl will reuse connections
LogInit:  - CertBundlePath = nullptr  - Libcurl will use whatever was configured at build time.
OCULUS: Info: [CAPI] LibOVR module is located at C:\Program Files\Oculus\Support\oculus-runtime\LibOVRRT64_1.dll
OCULUS: Debug: Connected to the server running version (prod = 1).1.10.2(build = 321138) feature version = 0. Client runs version (prod = 1).1.10.2(build = 321138) feature version = 0
LogHMD: GearVR: Emulating GearVR using Oculus Rift!
LogInit: Build: ++UE4+Release-4.15-CL-3348071
LogInit: Engine Version: 4.15.1-3348071+++UE4+Release-4.15
LogInit: Compatible Engine Version: 4.15.0-3299760+++UE4+Release-4.15
LogInit: Net CL: 3299760
LogDevObjectVersion: Number of dev versions registered: 14
LogDevObjectVersion:   Dev-Blueprints (B0D832E4-1F89-4F0D-ACCF-7EB736FD4AA2): 8
LogDevObjectVersion:   Dev-Build (E1C64328-A22C-4D53-A36C-8E866417BD8C): 0
LogDevObjectVersion:   Dev-Core (375EC13C-06E4-48FB-B500-84F0262A717E): 2
LogDevObjectVersion:   Dev-Editor (E4B068ED-F494-42E9-A231-DA0B2E46BB41): 14
LogDevObjectVersion:   Dev-Framework (CFFC743F-43B0-4480-9391-14DF171D2073): 22
LogDevObjectVersion:   Dev-Mobile (B02B49B5-BB20-44E9-A304-32B752E40360): 0
LogDevObjectVersion:   Dev-Networking (A4E4105C-59A1-49B5-A7C5-40C4547EDFEE): 0
LogDevObjectVersion:   Dev-Online (39C831C9-5AE6-47DC-9A44-9C173E1C8E7C): 0
LogDevObjectVersion:   Dev-Physics (78F01B33-EBEA-4F98-B9B4-84EACCB95AA2): 0
LogDevObjectVersion:   Dev-Platform (6631380F-2D4D-43E0-8009-CF276956A95A): 0
LogDevObjectVersion:   Dev-Rendering (12F88B9F-8875-4AFC-A67C-D90C383ABD29): 12
LogDevObjectVersion:   Dev-Sequencer (7B5AE74C-D270-4C10-A958-57980B212A5A): 3
LogDevObjectVersion:   Dev-VR (D7296918-1DD6-4BDD-9DE2-64A83CC13884): 0
LogDevObjectVersion:   Dev-LoadTimes (C2A15278-BFE7-4AFE-6C17-90FF531DF755): 1
LogInit: Compiled (64-bit): Mar 15 2017 16:52:47
LogInit: Compiled with Visual C++: 19.00.23026.00
LogInit: Build Configuration: Development
LogInit: Branch Name: ++UE4+Release-4.15
LogInit: Command line: -EpicPortal 
LogInit: Base directory: C:/Program Files/Epic Games/UE_4.15/Engine/Binaries/Win64/
LogInit: Installed Engine Build: 1
LogInit: Presizing for max 8388607 objects, including 0 objects not considered by GC, pre-allocating 0 bytes for permanent pool.
LogInit: Object subsystem initialized
[2017.03.30-03.17.25:291][  0]LogInit: Selected Device Profile: [Windows]
[2017.03.30-03.17.25:291][  0]LogInit: Applying CVar settings loaded from the selected device profile: [Windows]
[2017.03.30-03.17.25:302][  0]LogInit: Computer: SIGLAB-VR5
[2017.03.30-03.17.25:302][  0]LogInit: User: SIG
[2017.03.30-03.17.25:302][  0]LogInit: CPU Page size=65536, Cores=4
[2017.03.30-03.17.25:302][  0]LogInit: High frequency timer resolution =3.604932 MHz
[2017.03.30-03.17.25:302][  0]LogMemory: Memory total: Physical=31.9GB (32GB approx)
[2017.03.30-03.17.25:302][  0]LogMemory: Platform Memory Stats for Windows
[2017.03.30-03.17.25:302][  0]LogMemory: Process Physical Memory: 273.81 MB used, 273.81 MB peak
[2017.03.30-03.17.25:302][  0]LogMemory: Process Virtual Memory: 270.42 MB used, 270.42 MB peak
[2017.03.30-03.17.25:302][  0]LogMemory: Physical Memory: 13012.15 MB used,  19678.15 MB free, 32690.30 MB total
[2017.03.30-03.17.25:302][  0]LogMemory: Virtual Memory: 697.12 MB used,  19678.15 MB free, 134217728.00 MB total
[2017.03.30-03.17.25:379][  0]LogTextLocalizationManager: No specific translations for ('en-US') exist, so ('en') translations will be used.
[2017.03.30-03.17.25:951][  0]LogD3D11RHI: D3D11 adapters:
[2017.03.30-03.17.25:988][  0]LogD3D11RHI:    0. 'NVIDIA GeForce GTX 1070' (Feature Level 11_0)
[2017.03.30-03.17.25:988][  0]LogD3D11RHI:       8120/0/16345 MB DedicatedVideo/DedicatedSystem/SharedSystem, Outputs:2, VendorId:0x10de
[2017.03.30-03.17.25:989][  0]LogD3D11RHI:    1. 'Microsoft Basic Render Driver' (Feature Level 11_0)
[2017.03.30-03.17.25:989][  0]LogD3D11RHI:       0/0/16345 MB DedicatedVideo/DedicatedSystem/SharedSystem, Outputs:0, VendorId:0x1414
[2017.03.30-03.17.25:989][  0]LogD3D11RHI: Chosen D3D11 Adapter: 0
[2017.03.30-03.17.25:995][  0]LogD3D11RHI: Creating new Direct3DDevice
[2017.03.30-03.17.25:995][  0]LogD3D11RHI:     GPU DeviceId: 0x1b81 (for the marketing name, search the web for "GPU Device Id")
[2017.03.30-03.17.25:995][  0]LogWindows: EnumDisplayDevices:
[2017.03.30-03.17.25:995][  0]LogWindows:    0. 'NVIDIA GeForce GTX 1070' (P:0 D:1)
[2017.03.30-03.17.25:995][  0]LogWindows:    1. 'NVIDIA GeForce GTX 1070' (P:1 D:1)
[2017.03.30-03.17.25:996][  0]LogWindows:    2. 'NVIDIA GeForce GTX 1070' (P:0 D:0)
[2017.03.30-03.17.25:996][  0]LogWindows:    3. 'NVIDIA GeForce GTX 1070' (P:0 D:0)
[2017.03.30-03.17.25:996][  0]LogWindows: DebugString: FoundDriverCount:4 
[2017.03.30-03.17.25:996][  0]LogD3D11RHI:     Adapter Name: NVIDIA GeForce GTX 1070
[2017.03.30-03.17.25:996][  0]LogD3D11RHI:   Driver Version: 378.49 (internal:21.21.13.7849, unified:378.49)
[2017.03.30-03.17.25:996][  0]LogD3D11RHI:      Driver Date: 1-20-2017
[2017.03.30-03.17.25:996][  0]LogRHI: Texture pool is 1361 MB (70% of 1945 MB)
[2017.03.30-03.17.26:009][  0]LogD3D11RHI: Async texture creation enabled
[2017.03.30-03.17.26:019][  0]LogD3D11RHI: GPU Timing Frequency: 1000.000000 (Debug: 2 1)
[2017.03.30-03.17.26:108][  0]LogShaderCompilers: Guid format shader working directory is -18 characters bigger than the processId version (../../../../../../Users/SIG/Downloads/final-project-submariner/Intermediate/Shaders/WorkingDirectory/1816/).
[2017.03.30-03.17.26:108][  0]LogShaderCompilers: Cleaned the shader compiler working directory 'C:/Users/SIG/AppData/Local/Temp/UnrealShaderWorkingDir/8BEAEBA94A32343A0C80DBB238135884/'.
[2017.03.30-03.17.26:108][  0]LogShaderCompilers:Display: Using Local Shader Compiler.
[2017.03.30-03.17.27:174][  0]LogTemp:Display: Loaded TP AllDesktopTargetPlatform
[2017.03.30-03.17.27:226][  0]LogTemp:Display: Loaded TP MacClientTargetPlatform
[2017.03.30-03.17.27:278][  0]LogTemp:Display: Loaded TP MacNoEditorTargetPlatform
[2017.03.30-03.17.27:338][  0]LogTemp:Display: Loaded TP MacServerTargetPlatform
[2017.03.30-03.17.27:395][  0]LogTemp:Display: Loaded TP MacTargetPlatform
[2017.03.30-03.17.27:451][  0]LogTemp:Display: Loaded TP WindowsClientTargetPlatform
[2017.03.30-03.17.27:505][  0]LogTemp:Display: Loaded TP WindowsNoEditorTargetPlatform
[2017.03.30-03.17.27:560][  0]LogTemp:Display: Loaded TP WindowsServerTargetPlatform
[2017.03.30-03.17.27:605][  0]LogTemp:Display: Loaded TP WindowsTargetPlatform
[2017.03.30-03.17.27:657][  0]LogTemp:Display: Loaded TP AndroidTargetPlatform
[2017.03.30-03.17.27:721][  0]LogTemp:Display: Loaded TP Android_ASTCTargetPlatform
[2017.03.30-03.17.27:781][  0]LogTemp:Display: Loaded TP Android_ATCTargetPlatform
[2017.03.30-03.17.27:837][  0]LogTemp:Display: Loaded TP Android_DXTTargetPlatform
[2017.03.30-03.17.27:895][  0]LogTemp:Display: Loaded TP Android_ETC1TargetPlatform
[2017.03.30-03.17.27:954][  0]LogTemp:Display: Loaded TP Android_ETC2TargetPlatform
[2017.03.30-03.17.28:063][  0]LogTemp:Display: Loaded TP Android_MultiTargetPlatform
[2017.03.30-03.17.28:063][  0]LogTemp:Display: Loaded TP Android_PVRTCTargetPlatform
[2017.03.30-03.17.28:103][  0]LogTemp:Display: Loaded TP HTML5TargetPlatform
[2017.03.30-03.17.28:206][  0]LogTemp:Display: Loaded TP IOSTargetPlatform
[2017.03.30-03.17.28:242][  0]LogTemp:Display: Loaded TP TVOSTargetPlatform
[2017.03.30-03.17.28:294][  0]LogTemp:Display: Loaded TP LinuxClientTargetPlatform
[2017.03.30-03.17.28:348][  0]LogTemp:Display: Loaded TP LinuxNoEditorTargetPlatform
[2017.03.30-03.17.28:403][  0]LogTemp:Display: Loaded TP LinuxServerTargetPlatform
[2017.03.30-03.17.28:457][  0]LogTemp:Display: Loaded TP LinuxTargetPlatform
[2017.03.30-03.17.28:457][  0]LogTargetPlatformManager:Display: Building Assets For Windows
[2017.03.30-03.17.28:907][  0]LogDerivedDataCache:Display: Max Cache Size: 512 MB
[2017.03.30-03.17.28:967][  0]LogDerivedDataCache: Loaded boot cache 0.06s 50MB C:/Users/SIG/AppData/Local/UnrealEngine/4.15/DerivedDataCache/Boot.ddc.
[2017.03.30-03.17.28:968][  0]LogDerivedDataCache:Display: Loaded Boot cache: C:/Users/SIG/AppData/Local/UnrealEngine/4.15/DerivedDataCache/Boot.ddc
[2017.03.30-03.17.28:968][  0]LogDerivedDataCache: FDerivedDataBackendGraph:  Pak pak cache file ../../../../../../Users/SIG/Downloads/final-project-submariner/DerivedDataCache/DDC.ddp not found, will not use a pak cache.
[2017.03.30-03.17.28:968][  0]LogDerivedDataCache: Unable to find inner node Pak for hierarchical cache Hierarchy.
[2017.03.30-03.17.28:968][  0]LogDerivedDataCache: FDerivedDataBackendGraph:  CompressedPak pak cache file ../../../../../../Users/SIG/Downloads/final-project-submariner/DerivedDataCache/Compressed.ddp not found, will not use a pak cache.
[2017.03.30-03.17.28:968][  0]LogDerivedDataCache: Unable to find inner node CompressedPak for hierarchical cache Hierarchy.
[2017.03.30-03.17.28:984][  0]LogDerivedDataCache:Display: Pak cache opened for reading ../../../Engine/DerivedDataCache/Compressed.ddp.
[2017.03.30-03.17.28:996][  0]LogDerivedDataCache: Using Local data cache path C:/Users/SIG/AppData/Local/UnrealEngine/Common/DerivedDataCache: Writable
[2017.03.30-03.17.29:005][  0]LogSlate: Using Freetype 2.6.0
[2017.03.30-03.17.29:005][  0]LogSlate: SlateFontCache - WITH_FREETYPE: 1, WITH_HARFBUZZ: 1
[2017.03.30-03.17.29:005][  0]LogSlate: SlateFontCache - WITH_FREETYPE: 1, WITH_HARFBUZZ: 1
[2017.03.30-03.17.29:094][  0]LogModuleManager:Warning: Found module file ../../../../../../Users/SIG/Downloads/final-project-submariner/Plugins/socketio-client-ue4/Binaries/Win64/UE4Editor-SIOJPlugin.dll (API version 3106830), but it was incompatible with the current engine API version (3299760). This is likely a stale module that must be recompiled.
[2017.03.30-03.17.29:273][  0]LogInit: Selected Device Profile: [Windows]
[2017.03.30-03.17.29:277][  0]LogContentStreaming: Texture pool size is 0.00 MB
[2017.03.30-03.17.29:485][  0]LogMeshUtilities: Using QuadricMeshReduction for automatic static mesh reduction
[2017.03.30-03.17.29:527][  0]LogSimplygon: Simplygon DLL not present - disabling.
[2017.03.30-03.17.29:577][  0]LogMeshUtilities: Using SimplygonSwarm for distributed automatic mesh merging
[2017.03.30-03.17.29:577][  0]LogMeshUtilities: No automatic skeletal mesh reduction module available
[2017.03.30-03.17.29:577][  0]LogMeshUtilities: No automatic mesh merging module available
[2017.03.30-03.17.30:085][  0]LogNetVersion: GetLocalNetworkVersion: CL: 3299760, ProjectName: submariner, ProjectVersion: , EngineNetworkVersion: 2, GameNetworkVersion: 0, NetworkChecksum: 2308320845
[2017.03.30-03.17.30:131][  0]LogAssetRegistry: FAssetRegistry took 0.0221 seconds to start up
[2017.03.30-03.17.30:182][  0]LogPackageLocalizationCache: Processed 3 localized package path(s) for 2 prioritized culture(s) in 0.027423 seconds
[2017.03.30-03.17.30:188][  0]LogUObjectArray: 32493 objects as part of root set at end of initial load.
[2017.03.30-03.17.30:188][  0]LogUObjectAllocator: 7077032 out of 0 bytes used by permanent object pool.
[2017.03.30-03.17.30:188][  0]LogUObjectArray: CloseDisregardForGC: 0/0 objects in disregard for GC pool
[2017.03.30-03.17.30:250][  0]LogInit: WinSock: version 1.1 (2.2), MaxSocks=32767, MaxUdp=65467
[2017.03.30-03.17.31:858][  0]LogTcpMessaging: Initializing TcpMessaging bridge
[2017.03.30-03.17.31:896][  0]LogUdpMessaging: Initializing bridge on interface 0.0.0.0:0 to multicast group 230.0.0.1:6666.
[2017.03.30-03.17.32:418][  0]LogMaterial: Uniform references updated for custom material expression Custom.
[2017.03.30-03.17.32:808][  0]SourceControl: Info Source control is disabled
[2017.03.30-03.17.32:837][  0]SourceControl: Info Source control is disabled
[2017.03.30-03.17.32:885][  0]SourceControl: Info Source control is disabled
[2017.03.30-03.17.32:934][  0]SourceControl: Info Source control is disabled
[2017.03.30-03.17.34:320][  0]LogEngine: Initializing Engine...
[2017.03.30-03.17.34:345][  0]LogHMD: Failed to initialize OpenVR with code 108
[2017.03.30-03.17.34:345][  0]LogHMD: Oculus plugin initialized. Version: 4.15.1-3348071+++UE4+Release-4.15, LibOVR: 1.10.2, SDK: 1.10.0, built Mar 15 2017, 16:59:09
[2017.03.30-03.17.34:569][  0]LogAIModule: Creating AISystem for world Untitled
[2017.03.30-03.17.34:578][  0]LogInit: XAudio2 using 'Speakers / Headphones (Realtek High Definition Audio)' : 2 channels at 48 kHz using 32 bits per sample (channel mask 0x3)
[2017.03.30-03.17.34:591][  0]LogInit: FAudioDevice initialized.
[2017.03.30-03.17.34:618][  0]LogDerivedDataCache: Saved boot cache 0.03s 50MB C:/Users/SIG/AppData/Local/UnrealEngine/4.15/DerivedDataCache/Boot.ddc.
[2017.03.30-03.17.34:628][  0]LogInit: Texture streaming: Enabled
[2017.03.30-03.17.34:722][  0]LogEngineSessionManager: EngineSessionManager initialized
[2017.03.30-03.17.34:817][  0]LogInit: Transaction tracking system initialized
[2017.03.30-03.17.35:172][  0]BlueprintLog: New page: Editor Load
[2017.03.30-03.17.36:099][  0]LocalizationService: Info Localization service is disabled
[2017.03.30-03.17.36:783][  0]LogConsoleResponse:Display: 
[2017.03.30-03.17.36:904][  0]LogCook:Display: Max memory allowance for cook 16384mb min free memory 0mb
[2017.03.30-03.17.36:904][  0]LogCook:Display: Mobile HDR setting 1
[2017.03.30-03.17.37:551][  0]LogFileCache: Scanning file cache for directory 'C:/Users/SIG/Downloads/final-project-submariner/Content/' took 0.01s
[2017.03.30-03.17.37:962][  0]SourceControl: Info Source control is disabled
[2017.03.30-03.17.37:962][  0]Cmd: MAP LOAD FILE="../../../../../../Users/SIG/Downloads/final-project-submariner/Content/Levels/Captain.umap" TEMPLATE=0 SHOWPROGRESS=1 FEATURELEVEL=3
[2017.03.30-03.17.37:962][  0]LightingResults: New page: Lighting Build
[2017.03.30-03.17.38:003][  0]MapCheck: New page: Map Check
[2017.03.30-03.17.38:003][  0]LightingResults: New page: Lighting Build
[2017.03.30-03.17.38:176][  0]LogLinker:Warning: Asset '../../../../../../Users/SIG/Downloads/final-project-submariner/Content/Materials/PP_Outliner_M.uasset' has been saved with empty engine version. The asset will be loaded but may be incompatible.
[2017.03.30-03.17.38:177][  0]LogLinker:Warning: Asset '../../../../../../Users/SIG/Downloads/final-project-submariner/Content/Materials/MF_ConvolveTexture.uasset' has been saved with empty engine version. The asset will be loaded but may be incompatible.
[2017.03.30-03.17.38:179][  0]LogLinker:Warning: Asset '../../../../../../Users/SIG/Downloads/final-project-submariner/Content/Materials/MF_ExtractDepth.uasset' has been saved with empty engine version. The asset will be loaded but may be incompatible.
[2017.03.30-03.17.38:180][  0]LogLinker:Warning: Asset '../../../../../../Users/SIG/Downloads/final-project-submariner/Content/Materials/MF_SampleSceneTextureNeighbourUVs.uasset' has been saved with empty engine version. The asset will be loaded but may be incompatible.
[2017.03.30-03.17.38:286][  0]LogTexture:Display: Building textures: HQ_Lightmap0_1 (AutoDXT, 1024X1024) - 48 MB total VRAM
[2017.03.30-03.17.38:345][  0]LogTexture:Display: Building textures: HQ_Lightmap0_2 (AutoDXT, 64X64) - 48 MB total VRAM
[2017.03.30-03.17.38:358][  0]LogTexture:Display: Building textures: LQ_Lightmap_0_1 (DXT1, 1024X1024) - 48 MB total VRAM
[2017.03.30-03.17.38:400][  0]LogTexture:Display: Building textures: LQ_Lightmap_0_2 (DXT1, 64X64) - 48 MB total VRAM
[2017.03.30-03.17.38:409][  0]LogTexture:Display: Building textures: SkyOcclusion0_1 (AutoDXT, 1024X512) - 48 MB total VRAM
[2017.03.30-03.17.38:440][  0]LogTexture:Display: Building textures: SkyOcclusion0_2 (AutoDXT, 64X32) - 48 MB total VRAM
[2017.03.30-03.17.38:477][  0]LogAIModule: Creating AISystem for world Captain
[2017.03.30-03.17.38:501][  0]LogEditorServer: Finished looking for orphan Actors (0.000 secs)
[2017.03.30-03.17.38:501][  0]Cmd: MAP CHECKDEP NOCLEARLOG
[2017.03.30-03.17.38:547][  0]MapCheck: Info Map check complete: 0 Error(s), 0 Warning(s), took 45.588ms to complete.
[2017.03.30-03.17.38:547][  0]LogFileHelpers: Loading map 'Captain' took 0.585
[2017.03.30-03.17.38:726][  0]LogCollectionManager: Loaded 0 collections in 0.001565 seconds
[2017.03.30-03.17.38:815][  0]LogFileCache: Scanning file cache for directory 'C:/Users/SIG/Downloads/final-project-submariner/Saved/Collections/' took 0.01s
[2017.03.30-03.17.38:815][  0]LogFileCache: Scanning file cache for directory 'C:/Users/SIG/Downloads/final-project-submariner/Content/Developers/SIG/Collections/' took 0.01s
[2017.03.30-03.17.38:815][  0]LogFileCache: Scanning file cache for directory 'C:/Users/SIG/Downloads/final-project-submariner/Content/Collections/' took 0.01s
[2017.03.30-03.17.38:815][  0]LogCollectionManager: Rebuilt the GUID cache for 0 collections in 0.000001 seconds
[2017.03.30-03.17.38:825][  0]LogContentBrowser: Native class hierarchy populated in 0.0101 seconds. Added 2253 classes and 460 folders.
[2017.03.30-03.17.38:829][  0]LogStats: UGameplayTagsManager::ConstructGameplayTagTree: Construct from data asset -  0.000 s
[2017.03.30-03.17.38:829][  0]LogStats: UGameplayTagsManager::ConstructGameplayTagTree: GameplayTagTreeChangedEvent.Broadcast -  0.000 s
[2017.03.30-03.17.38:893][  0]LogContentBrowser: Native class hierarchy updated for 'WidgetCarousel' in 0.0005 seconds. Added 0 classes and 0 folders.
[2017.03.30-03.17.38:924][  0]LogContentBrowser: Native class hierarchy updated for 'AddContentDialog' in 0.0005 seconds. Added 0 classes and 0 folders.
[2017.03.30-03.17.38:965][  0]LogContentBrowser: Native class hierarchy updated for 'SceneOutliner' in 0.0005 seconds. Added 1 classes and 2 folders.
[2017.03.30-03.17.39:010][  0]LogCrashTracker: Crashtracker disabled due to settings.
[2017.03.30-03.17.39:016][  0]LogUObjectGlobals:Warning: Failed to find object 'Class None.'
[2017.03.30-03.17.39:082][  0]LogContentBrowser: Native class hierarchy updated for 'HierarchicalLODOutliner' in 0.0005 seconds. Added 1 classes and 2 folders.
[2017.03.30-03.17.39:082][  0]LogLoad: (Engine Initialization) Total time: 16.54 seconds
[2017.03.30-03.17.39:082][  0]LogLoad: (Engine Initialization) Total Blueprint compile time: 0.12 seconds
[2017.03.30-03.17.39:082][  0]LogExternalProfiler: Found external profiler: VSPerf
[2017.03.30-03.17.39:082][  0]LogExternalProfiler: Using external profiler: VSPerf
[2017.03.30-03.17.39:422][  0]LogOcInput: OculusInput pre-init called
[2017.03.30-03.17.39:432][  0]LogOcInput: OculusInput is initialized. Init status 0. Runtime version: 1.10.2
[2017.03.30-03.17.39:464][  0]LogContentStreaming: Texture pool size now 1000 MB
[2017.03.30-03.17.39:465][  0]LogSlate: Took 0.000275 seconds to synchronously load lazily loaded font '../../../Engine/Content/Slate/Fonts/Roboto-Regular.ttf' (155K)
[2017.03.30-03.17.39:468][  0]LogSlate: Took 0.000263 seconds to synchronously load lazily loaded font '../../../Engine/Content/Slate/Fonts/Roboto-Bold.ttf' (160K)
[2017.03.30-03.17.39:473][  0]LogSlate: Took 0.000237 seconds to synchronously load lazily loaded font '../../../Engine/Content/Editor/Slate/Fonts/FontAwesome.ttf' (139K)
[2017.03.30-03.17.39:585][  0]LogSlate: Took 0.000204 seconds to synchronously load lazily loaded font '../../../Engine/Content/Slate/Fonts/Roboto-Light.ttf' (159K)
[2017.03.30-03.17.39:618][  0]LogRenderer: Reallocating scene render targets to support 1208x580 NumSamples 1 (Frame:2).
[2017.03.30-03.17.39:755][  1]LogFileCache: Retrieving MD5 hashes for directory 'C:/Users/SIG/Downloads/final-project-submariner/Content/' took 0.31s
[2017.03.30-03.17.39:771][  1]LogAssetRegistry: Asset discovery search completed in 9.6621 seconds
[2017.03.30-03.17.39:771][  1]LogCollectionManager: Rebuilt the object cache for 0 collections in 0.000004 seconds (found 0 objects)
[2017.03.30-03.17.39:771][  1]LogCollectionManager: Fixed up redirectors for 0 collections in 0.000021 seconds (updated 0 objects)
[2017.03.30-03.18.15:618][741]LogSlate: Took 0.000222 seconds to synchronously load lazily loaded font '../../../Engine/Content/Slate/Fonts/Roboto-Light.ttf' (159K)
[2017.03.30-03.18.15:627][741]Cmd: OBJ SAVEPACKAGE PACKAGE="/Game/Levels/Captain" FILE="../../../../../../Users/SIG/Downloads/final-project-submariner/Content/Levels/Captain.umap" SILENT=true AUTOSAVING=false KEEPDIRTY=false
[2017.03.30-03.18.15:734][741]LogSavePackage: Save=80.19ms
[2017.03.30-03.18.15:734][741]LogSavePackage: Moving '../../../../../../Users/SIG/Downloads/final-project-submariner/Saved/Captain3622629A4EF2A8CF9A6D59A38C18F49A.tmp' to '../../../../../../Users/SIG/Downloads/final-project-submariner/Content/Levels/Captain.umap'
[2017.03.30-03.18.15:738][741]LogSavePackage:Display: Finished SavePackage ../../../../../../Users/SIG/Downloads/final-project-submariner/Content/Levels/Captain.umap
[2017.03.30-03.18.15:771][741]Cmd: OBJ SAVEPACKAGE PACKAGE="/Game/Levels/Captain_BuiltData" FILE="../../../../../../Users/SIG/Downloads/final-project-submariner/Content/Levels/Captain_BuiltData.uasset" SILENT=true
[2017.03.30-03.18.15:828][741]LogSavePackage: Save=46.80ms
[2017.03.30-03.18.15:828][741]LogSavePackage: Moving '../../../../../../Users/SIG/Downloads/final-project-submariner/Saved/Captain_BuiltData2D5BF9A3411CEF09601FEBAF4BB860B0.tmp' to '../../../../../../Users/SIG/Downloads/final-project-submariner/Content/Levels/Captain_BuiltData.uasset'
[2017.03.30-03.18.15:828][741]LogFileManager:Warning: DeleteFile was unable to delete '../../../../../../Users/SIG/Downloads/final-project-submariner/Content/Levels/Captain_BuiltData.uasset', retrying in .5s...
[2017.03.30-03.18.16:329][741]LogFileManager:Error: Error deleting file '../../../../../../Users/SIG/Downloads/final-project-submariner/Content/Levels/Captain_BuiltData.uasset'.
[2017.03.30-03.18.16:329][741]LogSavePackage:Error: Error saving '../../../../../../Users/SIG/Downloads/final-project-submariner/Content/Levels/Captain_BuiltData.uasset'
[2017.03.30-03.18.16:330][741]LogSavePackage:Display: Finished SavePackage ../../../../../../Users/SIG/Downloads/final-project-submariner/Content/Levels/Captain_BuiltData.uasset
[2017.03.30-03.18.26:113][741]EditorErrors: New page: Save Output
[2017.03.30-03.18.26:113][741]EditorErrors:Warning: Warning Error saving '../../../../../../Users/SIG/Downloads/final-project-submariner/Content/Levels/Captain_BuiltData.uasset'
[2017.03.30-03.18.39:319][638]Cmd: MAP LOAD FILE="../../../../../../Users/SIG/Downloads/final-project-submariner/Content/Levels/Gunner.umap" TEMPLATE=0 SHOWPROGRESS=1 FEATURELEVEL=3
[2017.03.30-03.18.39:388][638]LightingResults: New page: Lighting Build
[2017.03.30-03.18.39:390][638]LoadErrors: New page: Loading map: Gunner.umap
[2017.03.30-03.18.39:391][638]MapCheck: New page: Map Check
[2017.03.30-03.18.39:391][638]LightingResults: New page: Lighting Build
[2017.03.30-03.18.39:433][638]LogLinker:Warning: Can't find file '/Game/Assets/Handle_HDDWP_L_001'
[2017.03.30-03.18.39:433][638]LogLinker:Warning: Can't find file for asset '/Game/Assets/Handle_HDDWP_L_001' while loading ../../../../../../Users/SIG/Downloads/final-project-submariner/Content/Levels/Gunner.umap.
[2017.03.30-03.18.39:433][638]LoadErrors:Error: Error /Game/Levels/Gunner : Can't find file for asset. /Game/Assets/Handle_HDDWP_L_001
[2017.03.30-03.18.39:433][638]LogLinker:Warning: Can't find file '/Game/Assets/Handle_HDDWP_M_001'
[2017.03.30-03.18.39:433][638]LogLinker:Warning: Can't find file for asset '/Game/Assets/Handle_HDDWP_M_001' while loading ../../../../../../Users/SIG/Downloads/final-project-submariner/Content/Levels/Gunner.umap.
[2017.03.30-03.18.39:433][638]LoadErrors:Error: Error /Game/Levels/Gunner : Can't find file for asset. /Game/Assets/Handle_HDDWP_M_001
[2017.03.30-03.18.39:434][638]LogLinker:Warning: Can't find file '/Game/Assets/Handle_HDDWP_R_001'
[2017.03.30-03.18.39:434][638]LogLinker:Warning: Can't find file for asset '/Game/Assets/Handle_HDDWP_R_001' while loading ../../../../../../Users/SIG/Downloads/final-project-submariner/Content/Levels/Gunner.umap.
[2017.03.30-03.18.39:434][638]LoadErrors:Error: Error /Game/Levels/Gunner : Can't find file for asset. /Game/Assets/Handle_HDDWP_R_001
[2017.03.30-03.18.39:435][638]LogLinker:Warning: Can't find file '/Game/Assets/Handle_HDDWP_L_001'
[2017.03.30-03.18.39:435][638]LogLinker:Warning: Can't find file for asset '/Game/Assets/Handle_HDDWP_L_001' while loading ../../../../../../Users/SIG/Downloads/final-project-submariner/Content/Levels/Gunner.umap.
[2017.03.30-03.18.39:435][638]LogLinker:Warning: Can't find file '/Game/Assets/Handle_HDDWP_M_001'
[2017.03.30-03.18.39:435][638]LogLinker:Warning: Can't find file for asset '/Game/Assets/Handle_HDDWP_M_001' while loading ../../../../../../Users/SIG/Downloads/final-project-submariner/Content/Levels/Gunner.umap.
[2017.03.30-03.18.39:435][638]LogLinker:Warning: Can't find file '/Game/Assets/Handle_HDDWP_R_001'
[2017.03.30-03.18.39:435][638]LogLinker:Warning: Can't find file for asset '/Game/Assets/Handle_HDDWP_R_001' while loading ../../../../../../Users/SIG/Downloads/final-project-submariner/Content/Levels/Gunner.umap.
[2017.03.30-03.18.39:436][638]LogLinker:Warning: Can't find file '/Game/Assets/Handle_HDDWP_L_001'
[2017.03.30-03.18.39:436][638]LogLinker:Warning: Can't find file for asset '/Game/Assets/Handle_HDDWP_L_001' while loading NULL.
[2017.03.30-03.18.39:437][638]LogLinker:Warning: Can't find file '/Game/Assets/Handle_HDDWP_M_001'
[2017.03.30-03.18.39:437][638]LogLinker:Warning: Can't find file for asset '/Game/Assets/Handle_HDDWP_M_001' while loading NULL.
[2017.03.30-03.18.39:437][638]LogLinker:Warning: Can't find file '/Game/Assets/Handle_HDDWP_R_001'
[2017.03.30-03.18.39:437][638]LogLinker:Warning: Can't find file for asset '/Game/Assets/Handle_HDDWP_R_001' while loading NULL.
[2017.03.30-03.18.39:437][638]LogLinker:Warning: Can't find file '/Game/Assets/Handle_HDDWP_L_001'
[2017.03.30-03.18.39:437][638]LogLinker:Warning: Can't find file for asset '/Game/Assets/Handle_HDDWP_L_001' while loading NULL.
[2017.03.30-03.18.39:437][638]LogLinker:Warning: Can't find file '/Game/Assets/Handle_HDDWP_M_001'
[2017.03.30-03.18.39:437][638]LogLinker:Warning: Can't find file for asset '/Game/Assets/Handle_HDDWP_M_001' while loading NULL.
[2017.03.30-03.18.39:437][638]LogLinker:Warning: Can't find file '/Game/Assets/Handle_HDDWP_R_001'
[2017.03.30-03.18.39:437][638]LogLinker:Warning: Can't find file for asset '/Game/Assets/Handle_HDDWP_R_001' while loading NULL.
[2017.03.30-03.18.39:448][638]LogLinker:Warning: Can't find file '/Game/Assets/Handle_HDDWP_L_001'
[2017.03.30-03.18.39:448][638]LoadErrors: Info Failed to load /Game/Assets/Handle_HDDWP_L_001.Handle_HDDWP_L_001 Referenced by Handle_HDDWP_L_001_2
[2017.03.30-03.18.39:448][638]LogLinker:Warning: Can't find file for asset '/Game/Assets/Handle_HDDWP_L_001' while loading NULL.
[2017.03.30-03.18.39:449][638]LogLinker:Warning: Can't find file '/Game/Assets/Handle_HDDWP_L_001'
[2017.03.30-03.18.39:449][638]LoadErrors: Info Failed to load /Game/Assets/Handle_HDDWP_L_001.Handle_HDDWP_L_001 Referenced by Handle_HDDWP_L_2
[2017.03.30-03.18.39:449][638]LogLinker:Warning: Can't find file for asset '/Game/Assets/Handle_HDDWP_L_001' while loading NULL.
[2017.03.30-03.18.39:449][638]LogLinker:Warning: Can't find file '/Game/Assets/Handle_HDDWP_M_001'
[2017.03.30-03.18.39:449][638]LoadErrors: Info Failed to load /Game/Assets/Handle_HDDWP_M_001.Handle_HDDWP_M_001 Referenced by Handle_HDDWP_M_001_5
[2017.03.30-03.18.39:449][638]LogLinker:Warning: Can't find file for asset '/Game/Assets/Handle_HDDWP_M_001' while loading NULL.
[2017.03.30-03.18.39:449][638]LogLinker:Warning: Can't find file '/Game/Assets/Handle_HDDWP_M_001'
[2017.03.30-03.18.39:449][638]LoadErrors: Info Failed to load /Game/Assets/Handle_HDDWP_M_001.Handle_HDDWP_M_001 Referenced by Handle_HDDWP_M_2
[2017.03.30-03.18.39:449][638]LogLinker:Warning: Can't find file for asset '/Game/Assets/Handle_HDDWP_M_001' while loading NULL.
[2017.03.30-03.18.39:450][638]LogLinker:Warning: Can't find file '/Game/Assets/Handle_HDDWP_R_001'
[2017.03.30-03.18.39:450][638]LoadErrors: Info Failed to load /Game/Assets/Handle_HDDWP_R_001.Handle_HDDWP_R_001 Referenced by Handle_HDDWP_R_001_8
[2017.03.30-03.18.39:450][638]LogLinker:Warning: Can't find file for asset '/Game/Assets/Handle_HDDWP_R_001' while loading NULL.
[2017.03.30-03.18.39:450][638]LogLinker:Warning: Can't find file '/Game/Assets/Handle_HDDWP_R_001'
[2017.03.30-03.18.39:450][638]LoadErrors: Info Failed to load /Game/Assets/Handle_HDDWP_R_001.Handle_HDDWP_R_001 Referenced by Handle_HDDWP_R_2
[2017.03.30-03.18.39:450][638]LogLinker:Warning: Can't find file for asset '/Game/Assets/Handle_HDDWP_R_001' while loading NULL.
[2017.03.30-03.18.39:475][638]LogAIModule: Creating AISystem for world Gunner
[2017.03.30-03.18.39:508][638]LogEditorServer: Finished looking for orphan Actors (0.000 secs)
[2017.03.30-03.18.39:631][638]Cmd: MAP CHECKDEP NOCLEARLOG
[2017.03.30-03.18.39:687][638]MapCheck: Info Map check complete: 0 Error(s), 0 Warning(s), took 56.085ms to complete.
[2017.03.30-03.18.39:687][638]LogFileHelpers: Loading map 'Gunner' took 0.369
[2017.03.30-03.19.05:825][767]LogFactory: FactoryCreateFile: StaticMesh with FbxFactory (0 0 C:\Users\SIG\Downloads\3d-model.obj\Handle.fbx)
[2017.03.30-03.19.05:834][767]LogFbx: ItemName: GlobalSettings, ItemCount : 1
[2017.03.30-03.19.05:834][767]LogFbx: ItemName: AnimationStack, ItemCount : 1
[2017.03.30-03.19.05:834][767]LogFbx: ItemName: AnimationLayer, ItemCount : 1
[2017.03.30-03.19.05:834][767]LogFbx: ItemName: Geometry, ItemCount : 3
[2017.03.30-03.19.05:834][767]LogFbx: ItemName: Material, ItemCount : 1
[2017.03.30-03.19.05:834][767]LogFbx: ItemName: Model, ItemCount : 3
[2017.03.30-03.19.05:840][767]LogFbx: Loading FBX Scene from C:\Users\SIG\Downloads\3d-model.obj\Handle.fbx
[2017.03.30-03.19.05:845][767]LogFbx: FBX Scene Loaded Succesfully
[2017.03.30-03.19.06:838][767]LogFbx: Loading FBX Scene from C:\Users\SIG\Downloads\3d-model.obj\Handle.fbx
[2017.03.30-03.19.06:843][767]LogFbx: FBX Scene Loaded Succesfully
[2017.03.30-03.19.06:846][767]LogLinker: Can't find file '/Game/Assets/lambert1'
[2017.03.30-03.19.06:846][767]LogLinker: Can't find file '/Game/Assets/lambert1'
[2017.03.30-03.19.06:851][767]LogMaterial: Missing cached shader map for material lambert1, compiling. 
[2017.03.30-03.19.06:852][767]LogTemp:Display: Added material ShaderMap 0x0000029732432780 with Material 0x000002975F6BC280 to ShaderMapsBeingCompiled
[2017.03.30-03.19.06:873][767]LogTemp:Display: Kicking off shader compilation for lambert1, GameThreadShaderMap 0x0000029732432780
[2017.03.30-03.19.06:874][767]LogFbx:Warning: Triangulating static mesh d_model:HDDWP_M_001
[2017.03.30-03.19.06:876][767]LogStaticMesh: Building static mesh Handle_HDDWP_M_001...
[2017.03.30-03.19.06:877][767]LogStaticMesh: Built static mesh [0.00s] /Game/Assets/Handle_HDDWP_M_001.Handle_HDDWP_M_001
[2017.03.30-03.19.06:883][767]LogFbx:Warning: Triangulating static mesh d_model:HDDWP_R_001
[2017.03.30-03.19.06:895][767]LogStaticMesh: Building static mesh Handle_HDDWP_R_001...
[2017.03.30-03.19.06:897][767]LogStaticMesh: Built static mesh [0.00s] /Game/Assets/Handle_HDDWP_R_001.Handle_HDDWP_R_001
[2017.03.30-03.19.06:903][767]LogFbx:Warning: Triangulating static mesh d_model:HDDWP_L_001
[2017.03.30-03.19.06:917][767]LogStaticMesh: Building static mesh Handle_HDDWP_L_001...
[2017.03.30-03.19.06:918][767]LogStaticMesh: Built static mesh [0.00s] /Game/Assets/Handle_HDDWP_L_001.Handle_HDDWP_L_001
[2017.03.30-03.19.06:925][767]FBXImport:Warning: Warning No smoothing group information was found in this FBX scene.  Please make sure to enable the 'Export Smoothing Groups' option in the FBX Exporter plug-in before exporting the file.  Even for tools that don't support smoothing groups, the FBX Exporter will generate appropriate smoothing data at export-time so that correct vertex normals can be inferred while importing. 
[2017.03.30-03.19.08:690][947]LogTemp:Display: Finished compile of shader map 0x0000029732432780
[2017.03.30-03.19.08:690][947]LogTemp:Display: Shader map lambert1 complete, GameThreadShaderMap 0x0000029732432780, marking material lambert1 as finished
[2017.03.30-03.19.08:690][947]LogTemp:Display: Marking material as finished 0x000002975F6BC280
[2017.03.30-03.19.12:844][438]LogActorFactory: Actor Factory created Handle_HDDWP_M_001
[2017.03.30-03.19.14:362][618]LogActorFactory: Actor Factory created Handle_HDDWP_M_001
[2017.03.30-03.19.15:147][699]LogActorFactory: Actor Factory created Handle_HDDWP_R_001
[2017.03.30-03.19.15:600][751]LogActorFactory: Actor Factory created Handle_HDDWP_R_001
[2017.03.30-03.19.19:791][227]LogEditorViewport: Clicking on Actor (LMB): StaticMeshActor (Handle_HDDWP_M_3)
[2017.03.30-03.19.23:986][718]LogEditorViewport: Clicking on Actor (LMB): StaticMeshActor (Handle_HDDWP_R_3)
[2017.03.30-03.19.31:179][537]LogActorFactory: Actor Factory created Handle_HDDWP_L_001
[2017.03.30-03.19.31:467][569]LogActorFactory: Actor Factory created Handle_HDDWP_L_001
[2017.03.30-03.19.43:997][ 42]LogEditorViewport: Clicking on Actor (LMB): StaticMeshActor (Floor)
[2017.03.30-03.19.44:352][ 76]LogEditorViewport: Clicking on Actor (LMB): StaticMeshActor (Floor)
[2017.03.30-03.19.45:066][159]LogEditorViewport: Clicking on Actor (LMB): StaticMeshActor (Handle_HDDWP_M_3)
[2017.03.30-03.19.53:654][159]LogEditorViewport: Clicking on Actor (LMB): StaticMeshActor (Floor)
[2017.03.30-03.19.54:175][213]LogEditorViewport: Clicking on Actor (LMB): StaticMeshActor (Handle_HDDWP_R_3)
[2017.03.30-03.19.56:313][451]LogEditorViewport: Clicking on Actor (LMB): StaticMeshActor (Floor)
[2017.03.30-03.19.56:991][522]LogEditorViewport: Clicking on Actor (LMB): StaticMeshActor (Handle_HDDWP_R_3)
[2017.03.30-03.19.58:209][657]LogEditorViewport: Clicking on Actor (CTRL LMB): StaticMeshActor (Handle_HDDWP_M_3)
[2017.03.30-03.19.59:151][759]LogEditorViewport: Clicking on Actor (CTRL LMB): StaticMeshActor (Handle_HDDWP_L_3)
[2017.03.30-03.19.59:968][839]Cmd: OBJ SAVEPACKAGE PACKAGE="/Game/Levels/Gunner" FILE="../../../../../../Users/SIG/Downloads/final-project-submariner/Content/Levels/Gunner.umap" SILENT=true AUTOSAVING=false KEEPDIRTY=false
[2017.03.30-03.20.00:142][839]LogSavePackage: Save=154.06ms
[2017.03.30-03.20.00:142][839]LogSavePackage: Moving '../../../../../../Users/SIG/Downloads/final-project-submariner/Saved/Gunner2D70812D404624AE7DFAA9B3D951374C.tmp' to '../../../../../../Users/SIG/Downloads/final-project-submariner/Content/Levels/Gunner.umap'
[2017.03.30-03.20.00:145][839]LogSavePackage:Display: Finished SavePackage ../../../../../../Users/SIG/Downloads/final-project-submariner/Content/Levels/Gunner.umap
[2017.03.30-03.20.19:568][ 58]LogStaticMesh: Building static mesh Handle...
[2017.03.30-03.20.19:570][ 58]LogStaticMesh: Built static mesh [0.00s] /Game/Assets/Handle.Handle
[2017.03.30-03.20.19:594][ 58]LogSlate: Took 0.000191 seconds to synchronously load lazily loaded font '../../../Engine/Content/Slate/Fonts/Roboto-Light.ttf' (159K)
[2017.03.30-03.20.24:736][609]Cmd: OBJ SAVEPACKAGE PACKAGE="/Game/Assets/Handle" FILE="../../../../../../Users/SIG/Downloads/final-project-submariner/Content/Assets/Handle.uasset" SILENT=true
[2017.03.30-03.20.24:748][609]LogSavePackage: Save=10.88ms
[2017.03.30-03.20.24:748][609]LogSavePackage: Moving '../../../../../../Users/SIG/Downloads/final-project-submariner/Saved/HandleE585AF3B480DA5218A8A39A9D3ED2D25.tmp' to '../../../../../../Users/SIG/Downloads/final-project-submariner/Content/Assets/Handle.uasset'
[2017.03.30-03.20.24:750][609]LogSavePackage:Display: Finished SavePackage ../../../../../../Users/SIG/Downloads/final-project-submariner/Content/Assets/Handle.uasset
[2017.03.30-03.20.30:091][199]Cmd: OBJ SAVEPACKAGE PACKAGE="/Game/Levels/Gunner" FILE="../../../../../../Users/SIG/Downloads/final-project-submariner/Content/Levels/Gunner.umap" SILENT=true AUTOSAVING=false KEEPDIRTY=false
[2017.03.30-03.20.30:241][199]LogSavePackage: Save=136.08ms
[2017.03.30-03.20.30:241][199]LogSavePackage: Moving '../../../../../../Users/SIG/Downloads/final-project-submariner/Saved/Gunner690D8B1143EB54A14030AFB4BAA5EF4E.tmp' to '../../../../../../Users/SIG/Downloads/final-project-submariner/Content/Levels/Gunner.umap'
[2017.03.30-03.20.30:244][199]LogSavePackage:Display: Finished SavePackage ../../../../../../Users/SIG/Downloads/final-project-submariner/Content/Levels/Gunner.umap
[2017.03.30-03.20.30:279][199]LogFileHelpers: Saving map 'Gunner' took 0.229
[2017.03.30-03.20.37:819][682]Cmd: OBJ SAVEPACKAGE PACKAGE="/Game/Assets/Handle_HDDWP_L_001" FILE="../../../../../../Users/SIG/Downloads/final-project-submariner/Content/Assets/Handle_HDDWP_L_001.uasset" SILENT=true
[2017.03.30-03.20.37:832][682]LogSavePackage: Save=11.31ms
[2017.03.30-03.20.37:832][682]LogSavePackage: Moving '../../../../../../Users/SIG/Downloads/final-project-submariner/Saved/Handle_HDDWP_L_0015A8A462E4DF18A56F8A8928D435AF530.tmp' to '../../../../../../Users/SIG/Downloads/final-project-submariner/Content/Assets/Handle_HDDWP_L_001.uasset'
[2017.03.30-03.20.37:835][682]LogSavePackage:Display: Finished SavePackage ../../../../../../Users/SIG/Downloads/final-project-submariner/Content/Assets/Handle_HDDWP_L_001.uasset
[2017.03.30-03.20.37:856][682]Cmd: OBJ SAVEPACKAGE PACKAGE="/Game/Assets/Handle_HDDWP_M_001" FILE="../../../../../../Users/SIG/Downloads/final-project-submariner/Content/Assets/Handle_HDDWP_M_001.uasset" SILENT=true
[2017.03.30-03.20.37:869][682]LogSavePackage: Save=11.26ms
[2017.03.30-03.20.37:869][682]LogSavePackage: Moving '../../../../../../Users/SIG/Downloads/final-project-submariner/Saved/Handle_HDDWP_M_001A4DD1B5E4F30A80EF0EE02896B12A691.tmp' to '../../../../../../Users/SIG/Downloads/final-project-submariner/Content/Assets/Handle_HDDWP_M_001.uasset'
[2017.03.30-03.20.37:871][682]LogSavePackage:Display: Finished SavePackage ../../../../../../Users/SIG/Downloads/final-project-submariner/Content/Assets/Handle_HDDWP_M_001.uasset
[2017.03.30-03.20.37:891][682]Cmd: OBJ SAVEPACKAGE PACKAGE="/Game/Assets/Handle_HDDWP_R_001" FILE="../../../../../../Users/SIG/Downloads/final-project-submariner/Content/Assets/Handle_HDDWP_R_001.uasset" SILENT=true
[2017.03.30-03.20.37:904][682]LogSavePackage: Save=11.49ms
[2017.03.30-03.20.37:904][682]LogSavePackage: Moving '../../../../../../Users/SIG/Downloads/final-project-submariner/Saved/Handle_HDDWP_R_00195F0E0C6426064A278200A9B7472D10F.tmp' to '../../../../../../Users/SIG/Downloads/final-project-submariner/Content/Assets/Handle_HDDWP_R_001.uasset'
[2017.03.30-03.20.37:906][682]LogSavePackage:Display: Finished SavePackage ../../../../../../Users/SIG/Downloads/final-project-submariner/Content/Assets/Handle_HDDWP_R_001.uasset
[2017.03.30-03.20.37:928][682]Cmd: OBJ SAVEPACKAGE PACKAGE="/Game/Assets/lambert1" FILE="../../../../../../Users/SIG/Downloads/final-project-submariner/Content/Assets/lambert1.uasset" SILENT=true
[2017.03.30-03.20.37:943][682]LogSavePackage: Save=13.08ms
[2017.03.30-03.20.37:943][682]LogSavePackage: Moving '../../../../../../Users/SIG/Downloads/final-project-submariner/Saved/lambert1683D373C4CB4EA1710B39B9CC1B03676.tmp' to '../../../../../../Users/SIG/Downloads/final-project-submariner/Content/Assets/lambert1.uasset'
[2017.03.30-03.20.37:946][682]LogSavePackage:Display: Finished SavePackage ../../../../../../Users/SIG/Downloads/final-project-submariner/Content/Assets/lambert1.uasset
[2017.03.30-03.20.38:028][682]LogWindowsTextInputMethodSystem:Display: IME system now deactivated.
[2017.03.30-03.20.38:215][683]Cmd: QUIT_EDITOR
[2017.03.30-03.20.38:274][683]LogExit: Preparing to exit.
[2017.03.30-03.20.39:078][683]LogDirectoryWatcher: A directory notification for 'C:/Users/SIG/Downloads/final-project-submariner/Content/' was aborted.
[2017.03.30-03.20.39:098][683]LogExit: Editor shut down
[2017.03.30-03.20.39:099][683]LogExit: Transaction tracking system shut down
[2017.03.30-03.20.39:157][683]LogObj: Freed 0b from 0 cluster array pools.
[2017.03.30-03.20.39:157][683]LogExit: Object subsystem successfully closed.
[2017.03.30-03.20.39:167][683]LogD3D11RHI: Shutdown
[2017.03.30-03.20.39:167][683]LogD3D11RHI: CleanupD3DDevice
[2017.03.30-03.20.39:268][683]LogD3D11RHI: ~FD3D11DynamicRHI
[2017.03.30-03.20.39:281][683]LogModuleManager: Shutting down and abandoning module HierarchicalLODOutliner (504)
[2017.03.30-03.20.39:281][683]LogModuleManager: Shutting down and abandoning module CrashTracker (502)
[2017.03.30-03.20.39:281][683]LogModuleManager: Shutting down and abandoning module SceneOutliner (500)
[2017.03.30-03.20.39:281][683]LogModuleManager: Shutting down and abandoning module AddContentDialog (498)
[2017.03.30-03.20.39:281][683]LogDirectoryWatcher: A directory notification for 'C:/Program Files/Epic Games/UE_4.15/FeaturePacks/' was aborted.
[2017.03.30-03.20.39:282][683]LogModuleManager: Shutting down and abandoning module WidgetCarousel (497)
[2017.03.30-03.20.39:282][683]LogModuleManager: Shutting down and abandoning module EditorWidgets (494)
[2017.03.30-03.20.39:282][683]LogModuleManager: Shutting down and abandoning module CollectionManager (492)
[2017.03.30-03.20.39:282][683]LogDirectoryWatcher: A directory notification for 'C:/Users/SIG/Downloads/final-project-submariner/Content/Collections/' was aborted.
[2017.03.30-03.20.39:282][683]LogDirectoryWatcher: A directory notification for 'C:/Users/SIG/Downloads/final-project-submariner/Content/Developers/SIG/Collections/' was aborted.
[2017.03.30-03.20.39:282][683]LogDirectoryWatcher: A directory notification for 'C:/Users/SIG/Downloads/final-project-submariner/Saved/Collections/' was aborted.
[2017.03.30-03.20.39:282][683]LogModuleManager: Shutting down and abandoning module StatsViewer (490)
[2017.03.30-03.20.39:282][683]LogModuleManager: Shutting down and abandoning module FoliageEdit (488)
[2017.03.30-03.20.39:282][683]LogModuleManager: Shutting down and abandoning module LandscapeEditor (486)
[2017.03.30-03.20.39:282][683]LogModuleManager: Shutting down and abandoning module SceneDepthPickerMode (484)
[2017.03.30-03.20.39:282][683]LogModuleManager: Shutting down and abandoning module ActorPickerMode (482)
[2017.03.30-03.20.39:282][683]LogModuleManager: Shutting down and abandoning module GeometryMode (480)
[2017.03.30-03.20.39:282][683]LogModuleManager: Shutting down and abandoning module TextureAlignMode (478)
[2017.03.30-03.20.39:282][683]LogModuleManager: Shutting down and abandoning module BspMode (476)
[2017.03.30-03.20.39:282][683]LogModuleManager: Shutting down and abandoning module HardwareSurvey (474)
[2017.03.30-03.20.39:282][683]LogModuleManager: Shutting down and abandoning module SequenceRecorderSections (472)
[2017.03.30-03.20.39:282][683]LogModuleManager: Shutting down and abandoning module AutomationWorker (470)
[2017.03.30-03.20.39:282][683]LogModuleManager: Shutting down and abandoning module MatineeToLevelSequence (468)
[2017.03.30-03.20.39:282][683]LogModuleManager: Shutting down and abandoning module LevelSequenceEditor (466)
[2017.03.30-03.20.39:282][683]LogModuleManager: Shutting down and abandoning module PlacementMode (465)
[2017.03.30-03.20.39:282][683]LogModuleManager: Shutting down and abandoning module WmfMediaFactory (462)
[2017.03.30-03.20.39:282][683]LogModuleManager: Shutting down and abandoning module WmfMediaEditor (460)
[2017.03.30-03.20.39:282][683]LogModuleManager: Shutting down and abandoning module MfMediaFactory (458)
[2017.03.30-03.20.39:282][683]LogModuleManager: Shutting down and abandoning module MfMediaEditor (456)
[2017.03.30-03.20.39:282][683]LogModuleManager: Shutting down and abandoning module AvfMediaFactory (454)
[2017.03.30-03.20.39:282][683]LogModuleManager: Shutting down and abandoning module AvfMediaEditor (452)
[2017.03.30-03.20.39:282][683]LogModuleManager: Shutting down and abandoning module AndroidMediaFactory (450)
[2017.03.30-03.20.39:282][683]LogModuleManager: Shutting down and abandoning module Media (449)
[2017.03.30-03.20.39:282][683]LogModuleManager: Shutting down and abandoning module AndroidMediaEditor (446)
[2017.03.30-03.20.39:282][683]LogModuleManager: Shutting down and abandoning module CharacterAI (444)
[2017.03.30-03.20.39:282][683]LogModuleManager: Shutting down and abandoning module AudioCapture (442)
[2017.03.30-03.20.39:282][683]LogModuleManager: Shutting down and abandoning module SequenceRecorder (441)
[2017.03.30-03.20.39:283][683]LogModuleManager: Shutting down and abandoning module SmartSnapping (438)
[2017.03.30-03.20.39:283][683]LogModuleManager: Shutting down and abandoning module SessionServices (436)
[2017.03.30-03.20.39:283][683]LogModuleManager: Shutting down and abandoning module ViewportSnapping (434)
[2017.03.30-03.20.39:283][683]LogModuleManager: Shutting down and abandoning module ViewportInteraction (432)
[2017.03.30-03.20.39:283][683]LogModuleManager: Shutting down and abandoning module LogVisualizer (430)
[2017.03.30-03.20.39:283][683]LogModuleManager: Shutting down and abandoning module IntroTutorials (428)
[2017.03.30-03.20.39:283][683]LogModuleManager: Shutting down and abandoning module GameProjectGeneration (427)
[2017.03.30-03.20.39:283][683]LogModuleManager: Shutting down and abandoning module EditorLiveStreaming (424)
[2017.03.30-03.20.39:283][683]LogModuleManager: Shutting down and abandoning module IOSPlatformEditor (422)
[2017.03.30-03.20.39:283][683]LogModuleManager: Shutting down and abandoning module HTML5PlatformEditor (420)
[2017.03.30-03.20.39:283][683]LogModuleManager: Shutting down and abandoning module AndroidPlatformEditor (418)
[2017.03.30-03.20.39:283][683]LogModuleManager: Shutting down and abandoning module AndroidDeviceDetection (417)
[2017.03.30-03.20.39:587][683]LogModuleManager: Shutting down and abandoning module IOSRuntimeSettings (414)
[2017.03.30-03.20.39:587][683]LogModuleManager: Shutting down and abandoning module AndroidRuntimeSettings (412)
[2017.03.30-03.20.39:587][683]LogModuleManager: Shutting down and abandoning module InputBindingEditor (410)
[2017.03.30-03.20.39:587][683]LogModuleManager: Shutting down and abandoning module NiagaraEditor (408)
[2017.03.30-03.20.39:587][683]LogModuleManager: Shutting down and abandoning module MergeActors (406)
[2017.03.30-03.20.39:587][683]LogModuleManager: Shutting down and abandoning module SizeMap (404)
[2017.03.30-03.20.39:587][683]LogModuleManager: Shutting down and abandoning module TreeMap (402)
[2017.03.30-03.20.39:587][683]LogModuleManager: Shutting down and abandoning module ReferenceViewer (400)
[2017.03.30-03.20.39:587][683]LogModuleManager: Shutting down and abandoning module LocalizationDashboard (398)
[2017.03.30-03.20.39:587][683]LogModuleManager: Shutting down and abandoning module LocalizationService (397)
[2017.03.30-03.20.39:587][683]LogModuleManager: Shutting down and abandoning module HardwareTargeting (394)
[2017.03.30-03.20.39:587][683]LogModuleManager: Shutting down and abandoning module DeviceProfileEditor (392)
[2017.03.30-03.20.39:587][683]LogModuleManager: Shutting down and abandoning module UndoHistory (390)
[2017.03.30-03.20.39:587][683]LogModuleManager: Shutting down and abandoning module UserFeedback (388)
[2017.03.30-03.20.39:587][683]LogModuleManager: Shutting down and abandoning module XmlParser (386)
[2017.03.30-03.20.39:587][683]LogModuleManager: Shutting down and abandoning module Blutility (384)
[2017.03.30-03.20.39:587][683]LogModuleManager: Shutting down and abandoning module ProjectSettingsViewer (382)
[2017.03.30-03.20.39:587][683]LogModuleManager: Shutting down and abandoning module ProjectTargetPlatformEditor (381)
[2017.03.30-03.20.39:588][683]LogModuleManager: Shutting down and abandoning module EditorSettingsViewer (378)
[2017.03.30-03.20.39:588][683]LogModuleManager: Shutting down and abandoning module SettingsEditor (376)
[2017.03.30-03.20.39:588][683]LogModuleManager: Shutting down and abandoning module ProjectLauncher (374)
[2017.03.30-03.20.39:588][683]LogModuleManager: Shutting down and abandoning module SessionFrontend (372)
[2017.03.30-03.20.39:588][683]LogModuleManager: Shutting down and abandoning module ProfilerClient (370)
[2017.03.30-03.20.39:588][683]LogModuleManager: Shutting down and abandoning module DeviceManager (368)
[2017.03.30-03.20.39:588][683]LogModuleManager: Shutting down and abandoning module TargetDeviceServices (367)
[2017.03.30-03.20.39:630][683]LogModuleManager: Shutting down and abandoning module AutomationController (364)
[2017.03.30-03.20.39:630][683]LogModuleManager: Shutting down and abandoning module AutomationWindow (362)
[2017.03.30-03.20.39:630][683]LogModuleManager: Shutting down and abandoning module Layers (360)
[2017.03.30-03.20.39:630][683]LogModuleManager: Shutting down and abandoning module ComponentVisualizers (358)
[2017.03.30-03.20.39:630][683]LogModuleManager: Shutting down and abandoning module DetailCustomizations (356)
[2017.03.30-03.20.39:630][683]LogModuleManager: Shutting down and abandoning module PackagesDialog (354)
[2017.03.30-03.20.39:630][683]LogModuleManager: Shutting down and abandoning module Persona (352)
[2017.03.30-03.20.39:630][683]LogModuleManager: Shutting down and abandoning module AnimGraph (351)
[2017.03.30-03.20.39:630][683]LogModuleManager: Shutting down and abandoning module Kismet (348)
[2017.03.30-03.20.39:631][683]LogModuleManager: Shutting down and abandoning module GraphEditor (346)
[2017.03.30-03.20.39:631][683]LogModuleManager: Shutting down and abandoning module ClassViewer (344)
[2017.03.30-03.20.39:631][683]LogModuleManager: Shutting down and abandoning module Toolbox (342)
[2017.03.30-03.20.39:631][683]LogModuleManager: Shutting down and abandoning module ModuleUI (340)
[2017.03.30-03.20.39:631][683]LogModuleManager: Shutting down and abandoning module MovieSceneTools (338)
[2017.03.30-03.20.39:631][683]LogModuleManager: Shutting down and abandoning module OutputLog (336)
[2017.03.30-03.20.39:631][683]LogModuleManager: Shutting down and abandoning module GammaUI (334)
[2017.03.30-03.20.39:631][683]LogModuleManager: Shutting down and abandoning module Documentation (332)
[2017.03.30-03.20.39:631][683]LogModuleManager: Shutting down and abandoning module Niagara (330)
[2017.03.30-03.20.39:631][683]LogModuleManager: Shutting down and abandoning module StreamingPauseRendering (328)
[2017.03.30-03.20.39:631][683]LogModuleManager: Shutting down and abandoning module AnalyticsET (326)
[2017.03.30-03.20.39:631][683]LogModuleManager: Shutting down and abandoning module PortalServices (324)
[2017.03.30-03.20.39:631][683]LogModuleManager: Shutting down and abandoning module PortalRpc (322)
[2017.03.30-03.20.39:631][683]LogModuleManager: Shutting down and abandoning module MessagingRpc (320)
[2017.03.30-03.20.39:631][683]LogModuleManager: Shutting down and abandoning module AIModule (318)
[2017.03.30-03.20.39:631][683]LogModuleManager: Shutting down and abandoning module GameplayDebugger (317)
[2017.03.30-03.20.39:631][683]LogModuleManager: Shutting down and abandoning module AITestSuite (315)
[2017.03.30-03.20.39:631][683]LogModuleManager: Shutting down and abandoning module ProfilerService (312)
[2017.03.30-03.20.39:788][683]LogModuleManager: Shutting down and abandoning module TaskGraph (310)
[2017.03.30-03.20.39:788][683]LogModuleManager: Shutting down and abandoning module SIOJEditorPlugin (308)
[2017.03.30-03.20.39:788][683]LogModuleManager: Shutting down and abandoning module SocketIOClient (306)
[2017.03.30-03.20.39:788][683]LogModuleManager: Shutting down and abandoning module SteamVRController (304)
[2017.03.30-03.20.39:788][683]LogModuleManager: Shutting down and abandoning module SteamVR (302)
[2017.03.30-03.20.39:788][683]LogModuleManager: Shutting down and abandoning module ProceduralMeshComponentEditor (300)
[2017.03.30-03.20.39:788][683]LogModuleManager: Shutting down and abandoning module ProceduralMeshComponent (298)
[2017.03.30-03.20.39:788][683]LogModuleManager: Shutting down and abandoning module OculusLibrary (296)
[2017.03.30-03.20.39:788][683]LogModuleManager: Shutting down and abandoning module OculusInput (294)
[2017.03.30-03.20.39:788][683]LogModuleManager: Shutting down and abandoning module MobilePatchingUtils (292)
[2017.03.30-03.20.39:788][683]LogModuleManager: Shutting down and abandoning module CustomMeshComponent (290)
[2017.03.30-03.20.39:788][683]LogModuleManager: Shutting down and abandoning module CableComponent (288)
[2017.03.30-03.20.39:788][683]LogModuleManager: Shutting down and abandoning module ArchVisCharacter (286)
[2017.03.30-03.20.39:788][683]LogModuleManager: Shutting down and abandoning module MediaPlayerEditor (282)
[2017.03.30-03.20.39:788][683]LogModuleManager: Shutting down and abandoning module HTML5Networking (280)
[2017.03.30-03.20.39:788][683]LogModuleManager: Shutting down and abandoning module AlembicImporter (278)
[2017.03.30-03.20.39:788][683]LogModuleManager: Shutting down and abandoning module AlembicLibrary (277)
[2017.03.30-03.20.39:788][683]LogModuleManager: Shutting down and abandoning module GeometryCache (276)
[2017.03.30-03.20.39:788][683]LogModuleManager: Shutting down and abandoning module GeometryCacheEd (275)
[2017.03.30-03.20.39:788][683]LogModuleManager: Shutting down and abandoning module SuperSearchEditor (270)
[2017.03.30-03.20.39:788][683]LogModuleManager: Shutting down and abandoning module SuperSearch (269)
[2017.03.30-03.20.39:788][683]LogModuleManager: Shutting down and abandoning module SpeedTreeImporter (266)
[2017.03.30-03.20.39:788][683]LogModuleManager: Shutting down and abandoning module PluginBrowser (264)
[2017.03.30-03.20.39:788][683]LogModuleManager: Shutting down and abandoning module MobileLauncherProfileWizard (262)
[2017.03.30-03.20.39:788][683]LogModuleManager: Shutting down and abandoning module EpicSurvey (260)
[2017.03.30-03.20.39:788][683]LogModuleManager: Shutting down and abandoning module VisualStudioSourceCodeAccess (258)
[2017.03.30-03.20.39:789][683]LogModuleManager: Shutting down and abandoning module DesktopPlatform (257)
[2017.03.30-03.20.39:789][683]LogModuleManager: Shutting down and abandoning module UObjectPlugin (254)
[2017.03.30-03.20.39:789][683]LogModuleManager: Shutting down and abandoning module SubversionSourceControl (252)
[2017.03.30-03.20.39:789][683]LogModuleManager: Shutting down and abandoning module PerforceSourceControl (250)
[2017.03.30-03.20.39:789][683]LogModuleManager: Shutting down and abandoning module GitSourceControl (248)
[2017.03.30-03.20.39:789][683]LogModuleManager: Shutting down and abandoning module SourceControl (247)
[2017.03.30-03.20.39:789][683]LogModuleManager: Shutting down and abandoning module LightPropagationVolumeEditor (244)
[2017.03.30-03.20.39:789][683]LogModuleManager: Shutting down and abandoning module PaperTiledImporter (242)
[2017.03.30-03.20.39:789][683]LogModuleManager: Shutting down and abandoning module PaperSpriteSheetImporter (240)
[2017.03.30-03.20.39:789][683]LogModuleManager: Shutting down and abandoning module Paper2DEditor (238)
[2017.03.30-03.20.39:789][683]LogModuleManager: Shutting down and abandoning module MeshPaint (237)
[2017.03.30-03.20.39:789][683]LogModuleManager: Shutting down and abandoning module LevelEditor (235)
[2017.03.30-03.20.39:789][683]LogModuleManager: Shutting down and abandoning module PixelInspectorModule (234)
[2017.03.30-03.20.39:789][683]LogModuleManager: Shutting down and abandoning module MainFrame (232)
[2017.03.30-03.20.39:789][683]LogModuleManager: Shutting down and abandoning module HotReload (231)
[2017.03.30-03.20.39:790][683]LogModuleManager: Shutting down and abandoning module ContentBrowser (227)
[2017.03.30-03.20.39:791][683]LogModuleManager: Shutting down and abandoning module SIOJson (224)
[2017.03.30-03.20.39:791][683]LogModuleManager: Shutting down and abandoning module PhysXVehiclesEditor (222)
[2017.03.30-03.20.39:791][683]LogModuleManager: Shutting down and abandoning module PhysXVehicles (220)
[2017.03.30-03.20.39:791][683]LogModuleManager: Shutting down and abandoning module LocationServicesBPLibrary (218)
[2017.03.30-03.20.39:791][683]LogModuleManager: Shutting down and abandoning module UdpMessaging (216)
[2017.03.30-03.20.39:892][683]LogModuleManager: Shutting down and abandoning module TcpMessaging (214)
[2017.03.30-03.20.39:993][683]LogModuleManager: Shutting down and abandoning module GameplayTagsEditor (212)
[2017.03.30-03.20.39:993][683]LogModuleManager: Shutting down and abandoning module FacialAnimationEditor (210)
[2017.03.30-03.20.39:993][683]LogModuleManager: Shutting down and abandoning module FacialAnimation (208)
[2017.03.30-03.20.39:993][683]LogModuleManager: Shutting down and abandoning module LightPropagationVolumeRuntime (206)
[2017.03.30-03.20.39:993][683]LogModuleManager: Shutting down and abandoning module Paper2D (204)
[2017.03.30-03.20.39:993][683]LogModuleManager: Shutting down and abandoning module WindowsMoviePlayer (202)
[2017.03.30-03.20.39:993][683]LogModuleManager: Shutting down and abandoning module WmfMedia (200)
[2017.03.30-03.20.39:993][683]LogModuleManager: Shutting down and abandoning module MfMedia (198)
[2017.03.30-03.20.39:993][683]LogModuleManager: Shutting down and abandoning module MediaAssets (196)
[2017.03.30-03.20.39:993][683]LogModuleManager: Shutting down and abandoning module GameLiveStreaming (194)
[2017.03.30-03.20.39:993][683]LogModuleManager: Shutting down and abandoning module VREditor (192)
[2017.03.30-03.20.39:993][683]LogModuleManager: Shutting down and abandoning module GameplayTasksEditor (190)
[2017.03.30-03.20.39:993][683]LogModuleManager: Shutting down and abandoning module BehaviorTreeEditor (188)
[2017.03.30-03.20.39:993][683]LogModuleManager: Shutting down and abandoning module FunctionalTesting (186)
[2017.03.30-03.20.39:993][683]LogModuleManager: Shutting down and abandoning module CollisionAnalyzer (184)
[2017.03.30-03.20.39:993][683]LogModuleManager: Shutting down and abandoning module UMG (182)
[2017.03.30-03.20.39:993][683]LogModuleManager: Shutting down and abandoning module UMGEditor (181)
[2017.03.30-03.20.39:993][683]LogModuleManager: Shutting down and abandoning module Sequencer (180)
[2017.03.30-03.20.39:993][683]LogModuleManager: Shutting down and abandoning module AssetTools (178)
[2017.03.30-03.20.39:993][683]LogModuleManager: Shutting down and abandoning module MessageLog (177)
[2017.03.30-03.20.39:993][683]LogModuleManager: Shutting down and abandoning module WorkspaceMenuStructure (176)
[2017.03.30-03.20.39:993][683]LogModuleManager: Shutting down and abandoning module SlateReflector (170)
[2017.03.30-03.20.39:993][683]LogModuleManager: Shutting down and abandoning module Slate (168)
[2017.03.30-03.20.39:993][683]LogModuleManager: Shutting down and abandoning module EditorStyle (166)
[2017.03.30-03.20.39:995][683]LogModuleManager: Shutting down and abandoning module SourceCodeAccess (164)
[2017.03.30-03.20.39:995][683]LogModuleManager: Shutting down and abandoning module HeadMountedDisplay (162)
[2017.03.30-03.20.39:995][683]LogModuleManager: Shutting down and abandoning module XAudio2 (160)
[2017.03.30-03.20.39:995][683]LogModuleManager: Shutting down and abandoning module Networking (158)
[2017.03.30-03.20.39:995][683]LogModuleManager: Shutting down and abandoning module Core (154)
[2017.03.30-03.20.39:995][683]LogModuleManager: Shutting down and abandoning module AssetRegistry (152)
[2017.03.30-03.20.40:034][683]LogDirectoryWatcher: A directory notification for '../../../Engine/Content/' was aborted.
[2017.03.30-03.20.40:034][683]LogDirectoryWatcher: A directory notification for '../../../../../../Users/SIG/Downloads/final-project-submariner/Content/' was aborted.
[2017.03.30-03.20.40:034][683]LogDirectoryWatcher: A directory notification for '../../../Engine/Plugins/2D/Paper2D/Content/' was aborted.
[2017.03.30-03.20.40:034][683]LogModuleManager: Shutting down and abandoning module DirectoryWatcher (151)
[2017.03.30-03.20.40:034][683]LogModuleManager: Shutting down and abandoning module KismetCompiler (148)
[2017.03.30-03.20.40:034][683]LogModuleManager: Shutting down and abandoning module PhysXFormats (146)
[2017.03.30-03.20.40:034][683]LogModuleManager: Shutting down and abandoning module MeshUtilities (144)
[2017.03.30-03.20.40:034][683]LogModuleManager: Shutting down and abandoning module SimplygonSwarm (143)
[2017.03.30-03.20.40:034][683]LogModuleManager: Shutting down and abandoning module SimplygonMeshReduction (141)
[2017.03.30-03.20.40:034][683]LogModuleManager: Shutting down and abandoning module QuadricMeshReduction (139)
[2017.03.30-03.20.40:034][683]LogModuleManager: Shutting down and abandoning module PropertyEditor (137)
[2017.03.30-03.20.40:034][683]LogModuleManager: Shutting down and abandoning module DerivedDataCache (134)
[2017.03.30-03.20.40:076][683]LogDerivedDataCache: Shutdown
[2017.03.30-03.20.40:076][683]LogModuleManager: Shutting down and abandoning module TargetPlatform (132)
[2017.03.30-03.20.40:076][683]LogModuleManager: Shutting down and abandoning module VulkanShaderFormat (131)
[2017.03.30-03.20.40:076][683]LogModuleManager: Shutting down and abandoning module ShaderFormatOpenGL (129)
[2017.03.30-03.20.40:076][683]LogModuleManager: Shutting down and abandoning module ShaderFormatD3D (127)
[2017.03.30-03.20.40:076][683]LogModuleManager: Shutting down and abandoning module MetalShaderFormat (125)
[2017.03.30-03.20.40:076][683]LogModuleManager: Shutting down and abandoning module TextureFormatUncompressed (123)
[2017.03.30-03.20.40:076][683]LogModuleManager: Shutting down and abandoning module TextureFormatPVR (121)
[2017.03.30-03.20.40:076][683]LogModuleManager: Shutting down and abandoning module TextureFormatDXT (119)
[2017.03.30-03.20.40:076][683]LogModuleManager: Shutting down and abandoning module TextureFormatIntelISPCTexComp (117)
[2017.03.30-03.20.40:076][683]LogModuleManager: Shutting down and abandoning module TextureFormatASTC (115)
[2017.03.30-03.20.40:076][683]LogModuleManager: Shutting down and abandoning module ImageWrapper (114)
[2017.03.30-03.20.40:076][683]LogModuleManager: Shutting down and abandoning module TextureFormatAndroid (111)
[2017.03.30-03.20.40:076][683]LogModuleManager: Shutting down and abandoning module AudioFormatOpus (109)
[2017.03.30-03.20.40:076][683]LogModuleManager: Shutting down and abandoning module AudioFormatOgg (107)
[2017.03.30-03.20.40:076][683]LogModuleManager: Shutting down and abandoning module AudioFormatADPCM (105)
[2017.03.30-03.20.40:076][683]LogModuleManager: Shutting down and abandoning module LinuxTargetPlatform (103)
[2017.03.30-03.20.40:076][683]LogModuleManager: Shutting down and abandoning module LinuxServerTargetPlatform (101)
[2017.03.30-03.20.40:076][683]LogModuleManager: Shutting down and abandoning module LinuxNoEditorTargetPlatform (99)
[2017.03.30-03.20.40:076][683]LogModuleManager: Shutting down and abandoning module LinuxClientTargetPlatform (97)
[2017.03.30-03.20.40:076][683]LogModuleManager: Shutting down and abandoning module TVOSTargetPlatform (95)
[2017.03.30-03.20.40:076][683]LogModuleManager: Shutting down and abandoning module Messaging (93)
[2017.03.30-03.20.40:076][683]LogModuleManager: Shutting down and abandoning module IOSTargetPlatform (91)
[2017.03.30-03.20.40:076][683]LogModuleManager: Shutting down and abandoning module HTML5TargetPlatform (89)
[2017.03.30-03.20.40:076][683]LogModuleManager: Shutting down and abandoning module Android_PVRTCTargetPlatform (87)
[2017.03.30-03.20.40:076][683]LogModuleManager: Shutting down and abandoning module Android_MultiTargetPlatform (85)
[2017.03.30-03.20.40:076][683]LogModuleManager: Shutting down and abandoning module Android_ETC2TargetPlatform (83)
[2017.03.30-03.20.40:076][683]LogModuleManager: Shutting down and abandoning module Android_ETC1TargetPlatform (81)
[2017.03.30-03.20.40:076][683]LogModuleManager: Shutting down and abandoning module Android_DXTTargetPlatform (79)
[2017.03.30-03.20.40:076][683]LogModuleManager: Shutting down and abandoning module Android_ATCTargetPlatform (77)
[2017.03.30-03.20.40:076][683]LogModuleManager: Shutting down and abandoning module Android_ASTCTargetPlatform (75)
[2017.03.30-03.20.40:076][683]LogModuleManager: Shutting down and abandoning module AndroidTargetPlatform (73)
[2017.03.30-03.20.40:076][683]LogModuleManager: Shutting down and abandoning module WindowsTargetPlatform (71)
[2017.03.30-03.20.40:076][683]LogModuleManager: Shutting down and abandoning module WindowsServerTargetPlatform (69)
[2017.03.30-03.20.40:076][683]LogModuleManager: Shutting down and abandoning module WindowsNoEditorTargetPlatform (67)
[2017.03.30-03.20.40:076][683]LogModuleManager: Shutting down and abandoning module WindowsClientTargetPlatform (65)
[2017.03.30-03.20.40:076][683]LogModuleManager: Shutting down and abandoning module MacTargetPlatform (63)
[2017.03.30-03.20.40:076][683]LogModuleManager: Shutting down and abandoning module MacServerTargetPlatform (61)
[2017.03.30-03.20.40:076][683]LogModuleManager: Shutting down and abandoning module MacNoEditorTargetPlatform (59)
[2017.03.30-03.20.40:076][683]LogModuleManager: Shutting down and abandoning module MacClientTargetPlatform (57)
[2017.03.30-03.20.40:076][683]LogModuleManager: Shutting down and abandoning module AllDesktopTargetPlatform (55)
[2017.03.30-03.20.40:076][683]LogModuleManager: Shutting down and abandoning module InputCore (52)
[2017.03.30-03.20.40:076][683]LogModuleManager: Shutting down and abandoning module Settings (50)
[2017.03.30-03.20.40:076][683]LogModuleManager: Shutting down and abandoning module OculusRift (48)
[2017.03.30-03.20.40:077][683]LogHMD: Oculus shutdown.
[2017.03.30-03.20.40:077][683]LogModuleManager: Shutting down and abandoning module GearVR (46)
[2017.03.30-03.20.40:077][683]LogModuleManager: Shutting down and abandoning module ExampleDeviceProfileSelector (44)
[2017.03.30-03.20.40:077][683]LogModuleManager: Shutting down and abandoning module OnlineBlueprintSupport (42)
[2017.03.30-03.20.40:077][683]LogModuleManager: Shutting down and abandoning module OnlineSubsystem (38)
[2017.03.30-03.20.40:077][683]LogOnline:Display: Unloading online subsystem: NULL
[2017.03.30-03.20.40:077][683]LogModuleManager: Shutting down and abandoning module XMPP (37)
[2017.03.30-03.20.40:077][683]LogModuleManager: Shutting down and abandoning module HTTP (35)
[2017.03.30-03.20.40:077][683]LogHttp:Display: Http module shutting down, but needs to wait on 1 outstanding Http requests:
[2017.03.30-03.20.40:077][683]LogHttp:Display: 	verb=[POST] url=[https://datarouter.ol.epicgames.com/datarouter/api/v1/public/data?SessionID=%7B80B5CE3B-4E8B-2B0A-E749-49B957379B1D%7D&AppID=UEEditor.Rocket.Release&AppVersion=4.15.1-3348071%2B%2B%2BUE4%2BRelease-4.15&UserID=e39357c64ff4c0113b938aab5c671f29%7Cbaae9aaf04b944ba8f842fbc4055c4f8%7C0c9e8fbc-430d-4232-9a6e-cf58865a8fca&AppEnvironment=datacollector-binary&UploadType=eteventstream] status=Processing
[2017.03.30-03.20.40:110][683]LogModuleManager: Shutting down and abandoning module SSL (34)
[2017.03.30-03.20.40:111][683]LogModuleManager: Shutting down and abandoning module AudioEditor (30)
[2017.03.30-03.20.40:111][683]LogModuleManager: Shutting down and abandoning module TextureCompressor (28)
[2017.03.30-03.20.40:111][683]LogModuleManager: Shutting down and abandoning module ShaderCore (26)
[2017.03.30-03.20.40:111][683]LogModuleManager: Shutting down and abandoning module Landscape (24)
[2017.03.30-03.20.40:111][683]LogModuleManager: Shutting down and abandoning module SlateRHIRenderer (22)
[2017.03.30-03.20.40:112][683]LogModuleManager: Shutting down and abandoning module OpenGLDrv (20)
[2017.03.30-03.20.40:112][683]LogModuleManager: Shutting down and abandoning module D3D11RHI (18)
[2017.03.30-03.20.40:112][683]LogModuleManager: Shutting down and abandoning module AnimGraphRuntime (16)
[2017.03.30-03.20.40:112][683]LogModuleManager: Shutting down and abandoning module Renderer (14)
[2017.03.30-03.20.40:112][683]LogModuleManager: Shutting down and abandoning module Engine (12)
[2017.03.30-03.20.40:112][683]LogModuleManager: Shutting down and abandoning module CoreUObject (10)
[2017.03.30-03.20.40:112][683]LogModuleManager: Shutting down and abandoning module NetworkFile (8)
[2017.03.30-03.20.40:112][683]LogModuleManager: Shutting down and abandoning module StreamingFile (6)
[2017.03.30-03.20.40:113][683]LogModuleManager: Shutting down and abandoning module SandboxFile (4)
[2017.03.30-03.20.40:113][683]LogModuleManager: Shutting down and abandoning module PakFile (2)
[2017.03.30-03.20.40:115][683]LogExit: Exiting.
[2017.03.30-03.20.40:129][683]Log file closed, 03/29/17 23:20:40
