Log file open, 03/30/17 00:00:39
LogInit:Display: Running engine for game: Submariner
LogPlatformFile: Not using cached read wrapper
LogInit:Display: RandInit(-12740641) SRandInit(-12740639).
LogTaskGraph: Started task graph with 4 named threads and 7 total threads with 1 sets of task threads.
LogStats: Stats thread started at 0.074808
LogModuleManager:Warning: Found module file ../../../../../../Users/SIG/Downloads/final-project-submariner/Plugins/socketio-client-ue4/Binaries/Win64/UE4Editor-SocketIOClient.dll (API version 3299760), but it was incompatible with the current engine API version (2992821). This is likely a stale module that must be recompiled.
LogModuleManager:Warning: Found module file ../../../../../../Users/SIG/Downloads/final-project-submariner/Plugins/socketio-client-ue4/Binaries/Win64/UE4Editor-SIOJson.dll (API version 3299760), but it was incompatible with the current engine API version (2992821). This is likely a stale module that must be recompiled.
LogModuleManager:Warning: Found module file ../../../../../../Users/SIG/Downloads/final-project-submariner/Plugins/socketio-client-ue4/Binaries/Win64/UE4Editor-SIOJEditorPlugin.dll (API version 3299760), but it was incompatible with the current engine API version (2992821). This is likely a stale module that must be recompiled.
OCULUS: Info: [CAPI] LibOVR module is located at C:\Program Files\Oculus\Support\oculus-runtime\LibOVRRT64_1.dll
OCULUS: Debug: Connected to the server running version (prod = 1).1.10.2(build = 321138) feature version = 0. Client runs version (prod = 1).1.10.2(build = 321138) feature version = 0
LogInit: Version: 4.12.5-3039270+++UE4+Release-4.12
LogInit: API Version: 2992821
LogInit: Net Version: 3039270
LogDevObjectVersion: Number of dev versions registered: 13
LogDevObjectVersion:   Dev-Blueprints (B0D832E4-1F89-4F0D-ACCF-7EB736FD4AA2): 3
LogDevObjectVersion:   Dev-Build (E1C64328-A22C-4D53-A36C-8E866417BD8C): 0
LogDevObjectVersion:   Dev-Core (375EC13C-06E4-48FB-B500-84F0262A717E): 1
LogDevObjectVersion:   Dev-Editor (E4B068ED-F494-42E9-A231-DA0B2E46BB41): 2
LogDevObjectVersion:   Dev-Framework (CFFC743F-43B0-4480-9391-14DF171D2073): 6
LogDevObjectVersion:   Dev-Mobile (B02B49B5-BB20-44E9-A304-32B752E40360): 0
LogDevObjectVersion:   Dev-Networking (A4E4105C-59A1-49B5-A7C5-40C4547EDFEE): 0
LogDevObjectVersion:   Dev-Online (39C831C9-5AE6-47DC-9A44-9C173E1C8E7C): 0
LogDevObjectVersion:   Dev-Physics (78F01B33-EBEA-4F98-B9B4-84EACCB95AA2): 0
LogDevObjectVersion:   Dev-Platform (6631380F-2D4D-43E0-8009-CF276956A95A): 0
LogDevObjectVersion:   Dev-Rendering (12F88B9F-8875-4AFC-A67C-D90C383ABD29): 2
LogDevObjectVersion:   Dev-Sequencer (7B5AE74C-D270-4C10-A958-57980B212A5A): 0
LogDevObjectVersion:   Dev-VR (D7296918-1DD6-4BDD-9DE2-64A83CC13884): 0
LogInit: Compiled (64-bit): Jul  6 2016 09:09:46
LogInit: Compiled with Visual C++: 19.00.23026.00
LogInit: Build Configuration: Development
LogInit: Branch Name: ++UE4+Release-4.12
LogInit: Command line: 
LogInit: Base directory: C:/Program Files (x86)/Epic Games/4.12/Engine/Binaries/Win64/
LogInit: Installed Engine Build: 1
LogInit: Using libcurl 7.41.0
LogInit:  - built for x86_64-pc-win32
LogInit:  - supports SSL with WinSSL
LogInit:  - other features:
LogInit:      CURL_VERSION_SSL
LogInit:      CURL_VERSION_IPV6
LogInit:      CURL_VERSION_ASYNCHDNS
LogInit:      CURL_VERSION_LARGEFILE
LogInit:      CURL_VERSION_IDN
LogInit:  CurlRequestOptions (configurable via config and command line):
LogInit:  - bVerifyPeer = true  - Libcurl will verify peer certificate
LogInit:  - bUseHttpProxy = false  - Libcurl will NOT use HTTP proxy
LogInit:  - bDontReuseConnections = false  - Libcurl will reuse connections
LogInit:  - CertBundlePath = nullptr  - Libcurl will use whatever was configured at build time.
LogInit: Presizing for max 8388607 objects, including 0 objects not considered by GC, pre-allocating 0 bytes for permanent pool.
LogInit: Object subsystem initialized
[2017.03.30-04.00.43:637][  0]LogInit: Selected Device Profile: [Windows]
[2017.03.30-04.00.43:637][  0]LogInit: Applying CVar settings loaded from the selected device profile: [Windows]
[2017.03.30-04.00.43:648][  0]LogInit: Computer: SIGLAB-VR5
[2017.03.30-04.00.43:648][  0]LogInit: User: SIG
[2017.03.30-04.00.43:648][  0]LogInit: CPU Page size=65536, Cores=4
[2017.03.30-04.00.43:648][  0]LogInit: High frequency timer resolution =3.604932 MHz
[2017.03.30-04.00.43:648][  0]LogMemory: Memory total: Physical=31.9GB (32GB approx)
[2017.03.30-04.00.43:648][  0]LogMemory: Platform Memory Stats for Windows
[2017.03.30-04.00.43:648][  0]LogMemory: Process Physical Memory: 202.50 MB used, 202.50 MB peak
[2017.03.30-04.00.43:648][  0]LogMemory: Process Virtual Memory: 203.20 MB used, 203.20 MB peak
[2017.03.30-04.00.43:648][  0]LogMemory: Physical Memory: 10134.27 MB used, 32690.30 MB total
[2017.03.30-04.00.43:648][  0]LogMemory: Virtual Memory: 628.39 MB used, 134217728.00 MB total
[2017.03.30-04.00.43:676][  0]LogTextLocalizationManager: No specific translations for ('en-US') exist, so ('en') translations will be used.
[2017.03.30-04.00.43:987][  0]LogD3D11RHI: D3D11 adapters:
[2017.03.30-04.00.44:021][  0]LogD3D11RHI:    0. 'NVIDIA GeForce GTX 1070' (Feature Level 11_0)
[2017.03.30-04.00.44:021][  0]LogD3D11RHI:       8120/0/16345 MB DedicatedVideo/DedicatedSystem/SharedSystem, Outputs:2, VendorId:0x10de
[2017.03.30-04.00.44:022][  0]LogD3D11RHI:    1. 'Microsoft Basic Render Driver' (Feature Level 11_0)
[2017.03.30-04.00.44:022][  0]LogD3D11RHI:       0/0/16345 MB DedicatedVideo/DedicatedSystem/SharedSystem, Outputs:0, VendorId:0x1414
[2017.03.30-04.00.44:022][  0]LogD3D11RHI: Chosen D3D11 Adapter: 0
[2017.03.30-04.00.44:028][  0]LogD3D11RHI: Creating new Direct3DDevice
[2017.03.30-04.00.44:028][  0]LogD3D11RHI:     GPU DeviceId: 0x1b81 (for the marketing name, search the web for "GPU Device Id")
[2017.03.30-04.00.44:028][  0]LogWindows: EnumDisplayDevices:
[2017.03.30-04.00.44:028][  0]LogWindows:    0. 'NVIDIA GeForce GTX 1070' (P:0 D:1)
[2017.03.30-04.00.44:028][  0]LogWindows:    1. 'NVIDIA GeForce GTX 1070' (P:1 D:1)
[2017.03.30-04.00.44:028][  0]LogWindows:    2. 'NVIDIA GeForce GTX 1070' (P:0 D:0)
[2017.03.30-04.00.44:028][  0]LogWindows:    3. 'NVIDIA GeForce GTX 1070' (P:0 D:0)
[2017.03.30-04.00.44:028][  0]LogWindows: DebugString: FoundDriverCount:4 
[2017.03.30-04.00.44:028][  0]LogD3D11RHI:     Adapter Name: NVIDIA GeForce GTX 1070
[2017.03.30-04.00.44:028][  0]LogD3D11RHI:   Driver Version: 378.49 (internal:21.21.13.7849, unified:378.49)
[2017.03.30-04.00.44:028][  0]LogD3D11RHI:      Driver Date: 1-20-2017
[2017.03.30-04.00.44:028][  0]LogRHI: Texture pool is 1361 MB (70% of 1945 MB)
[2017.03.30-04.00.44:041][  0]LogD3D11RHI: Async texture creation enabled
[2017.03.30-04.00.44:057][  0]LogD3D11RHI: GPU Timing Frequency: 1000.000000 (Debug: 2 2)
[2017.03.30-04.00.44:057][  0]LogShaderCompilers: Guid format shader working directory is -18 characters bigger than the processId version (../../../../../../Users/SIG/Downloads/final-project-submariner/Intermediate/Shaders/WorkingDirectory/2912/).
[2017.03.30-04.00.44:057][  0]LogShaderCompilers: Cleaned the shader compiler working directory 'C:/Users/SIG/AppData/Local/Temp/UnrealShaderWorkingDir/12CFF0534133F270FCA948B988A8810D/'.
[2017.03.30-04.00.44:057][  0]LogShaderCompilers:Display: Using Local Shader Compiler.
[2017.03.30-04.00.44:857][  0]LogTemp:Display: Loaded TP AllDesktopTargetPlatform
[2017.03.30-04.00.44:864][  0]LogTemp:Display: Loaded TP WindowsClientTargetPlatform
[2017.03.30-04.00.44:871][  0]LogTemp:Display: Loaded TP WindowsNoEditorTargetPlatform
[2017.03.30-04.00.44:879][  0]LogTemp:Display: Loaded TP WindowsServerTargetPlatform
[2017.03.30-04.00.44:886][  0]LogTemp:Display: Loaded TP WindowsTargetPlatform
[2017.03.30-04.00.44:893][  0]LogTemp:Display: Loaded TP AndroidTargetPlatform
[2017.03.30-04.00.44:899][  0]LogTemp:Display: Loaded TP Android_ASTCTargetPlatform
[2017.03.30-04.00.44:905][  0]LogTemp:Display: Loaded TP Android_ATCTargetPlatform
[2017.03.30-04.00.44:911][  0]LogTemp:Display: Loaded TP Android_DXTTargetPlatform
[2017.03.30-04.00.44:918][  0]LogTemp:Display: Loaded TP Android_ETC1TargetPlatform
[2017.03.30-04.00.44:924][  0]LogTemp:Display: Loaded TP Android_ETC2TargetPlatform
[2017.03.30-04.00.44:936][  0]LogTemp:Display: Loaded TP Android_MultiTargetPlatform
[2017.03.30-04.00.44:936][  0]LogTemp:Display: Loaded TP Android_PVRTCTargetPlatform
[2017.03.30-04.00.44:937][  0]LogTemp:Display: Loaded TP HTML5TargetPlatform
[2017.03.30-04.00.44:958][  0]LogTemp:Display: Loaded TP IOSTargetPlatform
[2017.03.30-04.00.44:964][  0]LogTemp:Display: Loaded TP TVOSTargetPlatform
[2017.03.30-04.00.44:970][  0]LogTemp:Display: Loaded TP LinuxNoEditorTargetPlatform
[2017.03.30-04.00.44:977][  0]LogTemp:Display: Loaded TP LinuxServerTargetPlatform
[2017.03.30-04.00.44:983][  0]LogTemp:Display: Loaded TP LinuxTargetPlatform
[2017.03.30-04.00.44:983][  0]LogTargetPlatformManager:Display: Building Assets For Windows
[2017.03.30-04.00.45:040][  0]LogDerivedDataCache:Display: Max Cache Size: 512 MB
[2017.03.30-04.00.45:092][  0]LogDerivedDataCache: Loaded boot cache 0.05s 48MB C:/Users/SIG/AppData/Local/UnrealEngine/4.12/DerivedDataCache/Boot.ddc.
[2017.03.30-04.00.45:092][  0]LogDerivedDataCache:Display: Loaded Boot cache: C:/Users/SIG/AppData/Local/UnrealEngine/4.12/DerivedDataCache/Boot.ddc
[2017.03.30-04.00.45:092][  0]LogDerivedDataCache: FDerivedDataBackendGraph:  Pak pak cache file ../../../../../../Users/SIG/Downloads/final-project-submariner/DerivedDataCache/DDC.ddp not found, will not use a pak cache.
[2017.03.30-04.00.45:092][  0]LogDerivedDataCache: Unable to find inner node Pak for hierarchical cache Hierarchy.
[2017.03.30-04.00.45:092][  0]LogDerivedDataCache: FDerivedDataBackendGraph:  CompressedPak pak cache file ../../../../../../Users/SIG/Downloads/final-project-submariner/DerivedDataCache/Compressed.ddp not found, will not use a pak cache.
[2017.03.30-04.00.45:092][  0]LogDerivedDataCache: Unable to find inner node CompressedPak for hierarchical cache Hierarchy.
[2017.03.30-04.00.45:106][  0]LogDerivedDataCache:Display: Pak cache opened for reading ../../../Engine/DerivedDataCache/Compressed.ddp.
[2017.03.30-04.00.45:118][  0]LogDerivedDataCache: Using Local data cache path C:/Users/SIG/AppData/Local/UnrealEngine/Common/DerivedDataCache: Writable
[2017.03.30-04.00.45:160][  0]LogModuleManager:Warning: Found module file ../../../../../../Users/SIG/Downloads/final-project-submariner/Plugins/socketio-client-ue4/Binaries/Win64/UE4Editor-SIOJEditorPlugin.dll (API version 3299760), but it was incompatible with the current engine API version (2992821). This is likely a stale module that must be recompiled.
[2017.03.30-04.00.45:160][  0]LogModuleManager:Warning: Found module file ../../../../../../Users/SIG/Downloads/final-project-submariner/Plugins/socketio-client-ue4/Binaries/Win64/UE4Editor-SIOJPlugin.dll (API version 3106830), but it was incompatible with the current engine API version (2992821). This is likely a stale module that must be recompiled.
[2017.03.30-04.00.45:160][  0]LogModuleManager:Warning: Found module file ../../../../../../Users/SIG/Downloads/final-project-submariner/Plugins/socketio-client-ue4/Binaries/Win64/UE4Editor-SIOJson.dll (API version 3299760), but it was incompatible with the current engine API version (2992821). This is likely a stale module that must be recompiled.
[2017.03.30-04.00.45:161][  0]LogModuleManager:Warning: Found module file ../../../../../../Users/SIG/Downloads/final-project-submariner/Plugins/socketio-client-ue4/Binaries/Win64/UE4Editor-SocketIOClient.dll (API version 3299760), but it was incompatible with the current engine API version (2992821). This is likely a stale module that must be recompiled.
[2017.03.30-04.00.45:270][  0]LogInit: Selected Device Profile: [Windows]
[2017.03.30-04.00.45:270][  0]LogContentStreaming: Texture pool size is 0.00 MB
[2017.03.30-04.00.45:402][  0]LogMeshUtilities: No automatic mesh reduction module available
[2017.03.30-04.00.45:402][  0]LogMeshUtilities: No automatic mesh merging module available
[2017.03.30-04.00.45:402][  0]LogMeshUtilities: No distributed automatic mesh merging module available
[2017.03.30-04.00.45:623][  0]LogAssetRegistry: FAssetRegistry took 0.0223 seconds to start up
[2017.03.30-04.00.45:644][  0]LogPackageLocalizationCache: Processed 2 localized package path(s) for 2 prioritized culture(s) in 0.019461 seconds
[2017.03.30-04.00.45:649][  0]LogUObjectArray: 28739 objects as part of root set at end of initial load.
[2017.03.30-04.00.45:649][  0]LogUObjectAllocator: 5855632 out of 0 bytes used by permanent object pool.
[2017.03.30-04.00.45:649][  0]LogUObjectArray: CloseDisregardForGC: 0/0 objects in disregard for GC pool
[2017.03.30-04.00.45:653][  0]LogInit: WinSock: version 1.1 (2.2), MaxSocks=32767, MaxUdp=65467
[2017.03.30-04.00.45:823][  0]LogSlate: SlateFontCache - WITH_FREETYPE: 1, WITH_HARFBUZZ: 1
[2017.03.30-04.00.45:823][  0]LogSlate: SlateFontCache - WITH_FREETYPE: 1, WITH_HARFBUZZ: 1
[2017.03.30-04.00.46:377][  0]LogPackageName:Error: DoesPackageExist: DoesPackageExist FAILED: '/Paper2D/MaskedUnlitSpriteMaterial' is not a standard unreal filename or a long path name. Reason: Path does not start with a valid root. Path must begin with: '/Engine/', '/Game/', '/Config/', '/Script/', or '/Temp/'
[2017.03.30-04.00.46:377][  0]LogLinker:Warning: Can't find file '/Paper2D/MaskedUnlitSpriteMaterial'
[2017.03.30-04.00.46:377][  0]LogPackageName:Error: DoesPackageExist: DoesPackageExist FAILED: '/Paper2D/MaskedUnlitSpriteMaterial' is not a standard unreal filename or a long path name. Reason: Path does not start with a valid root. Path must begin with: '/Engine/', '/Game/', '/Config/', '/Script/', or '/Temp/'
[2017.03.30-04.00.46:377][  0]LogLinker:Warning: Can't find file '/Paper2D/MaskedUnlitSpriteMaterial'
[2017.03.30-04.00.46:377][  0]LogUObjectGlobals:Warning: Failed to find object 'MaterialInterface /Paper2D/MaskedUnlitSpriteMaterial.MaskedUnlitSpriteMaterial'
[2017.03.30-04.00.46:377][  0]Error: CDO Constructor (PaperSprite): Failed to find /Paper2D/MaskedUnlitSpriteMaterial

[2017.03.30-04.00.46:377][  0]LogPackageName:Error: DoesPackageExist: DoesPackageExist FAILED: '/Paper2D/OpaqueUnlitSpriteMaterial' is not a standard unreal filename or a long path name. Reason: Path does not start with a valid root. Path must begin with: '/Engine/', '/Game/', '/Config/', '/Script/', or '/Temp/'
[2017.03.30-04.00.46:377][  0]LogLinker:Warning: Can't find file '/Paper2D/OpaqueUnlitSpriteMaterial'
[2017.03.30-04.00.46:377][  0]LogPackageName:Error: DoesPackageExist: DoesPackageExist FAILED: '/Paper2D/OpaqueUnlitSpriteMaterial' is not a standard unreal filename or a long path name. Reason: Path does not start with a valid root. Path must begin with: '/Engine/', '/Game/', '/Config/', '/Script/', or '/Temp/'
[2017.03.30-04.00.46:377][  0]LogLinker:Warning: Can't find file '/Paper2D/OpaqueUnlitSpriteMaterial'
[2017.03.30-04.00.46:377][  0]LogUObjectGlobals:Warning: Failed to find object 'MaterialInterface /Paper2D/OpaqueUnlitSpriteMaterial.OpaqueUnlitSpriteMaterial'
[2017.03.30-04.00.46:377][  0]Error: CDO Constructor (PaperSprite): Failed to find /Paper2D/OpaqueUnlitSpriteMaterial

[2017.03.30-04.00.46:377][  0]LogPackageName:Error: DoesPackageExist: DoesPackageExist FAILED: '/Paper2D/MaskedUnlitSpriteMaterial' is not a standard unreal filename or a long path name. Reason: Path does not start with a valid root. Path must begin with: '/Engine/', '/Game/', '/Config/', '/Script/', or '/Temp/'
[2017.03.30-04.00.46:377][  0]LogLinker:Warning: Can't find file '/Paper2D/MaskedUnlitSpriteMaterial'
[2017.03.30-04.00.46:377][  0]LogUObjectGlobals:Warning: Failed to find object 'MaterialInterface /Paper2D/MaskedUnlitSpriteMaterial.MaskedUnlitSpriteMaterial'
[2017.03.30-04.00.46:377][  0]Error: CDO Constructor (PaperFlipbook): Failed to find /Paper2D/MaskedUnlitSpriteMaterial

[2017.03.30-04.00.46:377][  0]LogPackageName:Error: DoesPackageExist: DoesPackageExist FAILED: '/Paper2D/DefaultPaperTerrainMaterial' is not a standard unreal filename or a long path name. Reason: Path does not start with a valid root. Path must begin with: '/Engine/', '/Game/', '/Config/', '/Script/', or '/Temp/'
[2017.03.30-04.00.46:378][  0]LogLinker:Warning: Can't find file '/Paper2D/DefaultPaperTerrainMaterial'
[2017.03.30-04.00.46:378][  0]LogPackageName:Error: DoesPackageExist: DoesPackageExist FAILED: '/Paper2D/DefaultPaperTerrainMaterial' is not a standard unreal filename or a long path name. Reason: Path does not start with a valid root. Path must begin with: '/Engine/', '/Game/', '/Config/', '/Script/', or '/Temp/'
[2017.03.30-04.00.46:378][  0]LogLinker:Warning: Can't find file '/Paper2D/DefaultPaperTerrainMaterial'
[2017.03.30-04.00.46:378][  0]LogUObjectGlobals:Warning: Failed to find object 'PaperTerrainMaterial /Paper2D/DefaultPaperTerrainMaterial.DefaultPaperTerrainMaterial'
[2017.03.30-04.00.46:378][  0]Error: CDO Constructor (PaperTerrainComponent): Failed to find /Paper2D/DefaultPaperTerrainMaterial

[2017.03.30-04.00.46:378][  0]LogPackageName:Error: DoesPackageExist: DoesPackageExist FAILED: '/Paper2D/MaskedUnlitSpriteMaterial' is not a standard unreal filename or a long path name. Reason: Path does not start with a valid root. Path must begin with: '/Engine/', '/Game/', '/Config/', '/Script/', or '/Temp/'
[2017.03.30-04.00.46:378][  0]LogLinker:Warning: Can't find file '/Paper2D/MaskedUnlitSpriteMaterial'
[2017.03.30-04.00.46:378][  0]LogUObjectGlobals:Warning: Failed to find object 'MaterialInterface /Paper2D/MaskedUnlitSpriteMaterial.MaskedUnlitSpriteMaterial'
[2017.03.30-04.00.46:378][  0]Error: CDO Constructor (PaperTileMap): Failed to find /Paper2D/MaskedUnlitSpriteMaterial

[2017.03.30-04.00.46:378][  0]LogPackageName:Error: DoesPackageExist: DoesPackageExist FAILED: '/Paper2D/MaskedUnlitSpriteMaterial' is not a standard unreal filename or a long path name. Reason: Path does not start with a valid root. Path must begin with: '/Engine/', '/Game/', '/Config/', '/Script/', or '/Temp/'
[2017.03.30-04.00.46:378][  0]LogLinker:Warning: Can't find file '/Paper2D/MaskedUnlitSpriteMaterial'
[2017.03.30-04.00.46:378][  0]LogUObjectGlobals:Warning: Failed to find object 'MaterialInterface /Paper2D/MaskedUnlitSpriteMaterial.MaskedUnlitSpriteMaterial'
[2017.03.30-04.00.46:378][  0]Error: CDO Constructor (PaperTileMapComponent): Failed to find /Paper2D/MaskedUnlitSpriteMaterial

[2017.03.30-04.00.46:378][  0]LogUObjectBase:Warning: -------------- Default Property warnings and errors:
[2017.03.30-04.00.46:378][  0]LogUObjectBase:Warning: Error: CDO Constructor (PaperSprite): Failed to find /Paper2D/MaskedUnlitSpriteMaterial

[2017.03.30-04.00.46:378][  0]LogUObjectBase:Warning: Error: CDO Constructor (PaperSprite): Failed to find /Paper2D/OpaqueUnlitSpriteMaterial

[2017.03.30-04.00.46:378][  0]LogUObjectBase:Warning: Error: CDO Constructor (PaperFlipbook): Failed to find /Paper2D/MaskedUnlitSpriteMaterial

[2017.03.30-04.00.46:378][  0]LogUObjectBase:Warning: Error: CDO Constructor (PaperTerrainComponent): Failed to find /Paper2D/DefaultPaperTerrainMaterial

[2017.03.30-04.00.46:378][  0]LogUObjectBase:Warning: Error: CDO Constructor (PaperTileMap): Failed to find /Paper2D/MaskedUnlitSpriteMaterial

[2017.03.30-04.00.46:378][  0]LogUObjectBase:Warning: Error: CDO Constructor (PaperTileMapComponent): Failed to find /Paper2D/MaskedUnlitSpriteMaterial

[2017.03.30-04.00.46:388][  0]LogWindowsTextInputMethodSystem:Display: IME system now deactivated.
[2017.03.30-04.00.48:012][  0]LogWindowsTextInputMethodSystem:Display: IME system now deactivated.
[2017.03.30-04.00.48:031][  0]LogSubstanceCoreModule: Substance CPU Engine Loaded, Max Texture Size 2048
[2017.03.30-04.00.48:039][  0]LogUdpMessaging: Initializing bridge on interface 0.0.0.0:0 to multicast group 230.0.0.1:6666.
[2017.03.30-04.00.48:103][  0]LogModuleManager:Warning: Found module file C:/Users/SIG/Downloads/final-project-submariner/Plugins/socketio-client-ue4/Binaries/Win64/UE4Editor-SIOJson.dll (API version 3299760), but it was incompatible with the current engine API version (2992821). This is likely a stale module that must be recompiled.
[2017.03.30-04.00.48:108][  0]LogWindowsTextInputMethodSystem:Display: IME system now deactivated.
[2017.03.30-04.00.48:652][  0]LogWindowsTextInputMethodSystem:Display: IME system now deactivated.
[2017.03.30-04.00.48:678][  0]LogExit: Preparing to exit.
[2017.03.30-04.00.49:196][  0]LogObj: Freed 0b from 0 cluster array pools.
[2017.03.30-04.00.49:196][  0]LogExit: Object subsystem successfully closed.
[2017.03.30-04.00.49:201][  0]LogD3D11RHI: Shutdown
[2017.03.30-04.00.49:202][  0]LogD3D11RHI: CleanupD3DDevice
[2017.03.30-04.00.49:229][  0]LogD3D11RHI: ~FD3D11DynamicRHI
[2017.03.30-04.00.49:235][  0]LogModuleManager: Shutting down and abandoning module HotReload (97)
[2017.03.30-04.00.49:235][  0]LogModuleManager: Shutting down and abandoning module UdpMessaging (95)
[2017.03.30-04.00.49:336][  0]LogModuleManager: Shutting down and abandoning module SubstanceCore (94)
[2017.03.30-04.00.49:336][  0]LogModuleManager: Shutting down and abandoning module LightPropagationVolumeRuntime (93)
[2017.03.30-04.00.49:336][  0]LogModuleManager: Shutting down and abandoning module Paper2D (92)
[2017.03.30-04.00.49:336][  0]LogModuleManager: Shutting down and abandoning module WindowsMoviePlayer (91)
[2017.03.30-04.00.49:336][  0]LogModuleManager: Shutting down and abandoning module Media (90)
[2017.03.30-04.00.49:336][  0]LogModuleManager: Shutting down and abandoning module WmfMedia (89)
[2017.03.30-04.00.49:336][  0]LogModuleManager: Shutting down and abandoning module MediaAssets (88)
[2017.03.30-04.00.49:336][  0]LogModuleManager: Shutting down and abandoning module GameLiveStreaming (87)
[2017.03.30-04.00.49:336][  0]LogModuleManager: Shutting down and abandoning module GameplayTagsEditor (86)
[2017.03.30-04.00.49:336][  0]LogModuleManager: Shutting down and abandoning module OnlineBlueprintSupport (85)
[2017.03.30-04.00.49:336][  0]LogModuleManager: Shutting down and abandoning module VREditor (84)
[2017.03.30-04.00.49:336][  0]LogModuleManager: Shutting down and abandoning module GameplayTasksEditor (83)
[2017.03.30-04.00.49:336][  0]LogModuleManager: Shutting down and abandoning module PropertyEditor (82)
[2017.03.30-04.00.49:336][  0]LogModuleManager: Shutting down and abandoning module BehaviorTreeEditor (81)
[2017.03.30-04.00.49:336][  0]LogModuleManager: Shutting down and abandoning module FunctionalTesting (80)
[2017.03.30-04.00.49:336][  0]LogModuleManager: Shutting down and abandoning module CollisionAnalyzer (79)
[2017.03.30-04.00.49:336][  0]LogModuleManager: Shutting down and abandoning module Sequencer (78)
[2017.03.30-04.00.49:336][  0]LogModuleManager: Shutting down and abandoning module WorkspaceMenuStructure (77)
[2017.03.30-04.00.49:336][  0]LogModuleManager: Shutting down and abandoning module MessageLog (76)
[2017.03.30-04.00.49:336][  0]LogModuleManager: Shutting down and abandoning module AssetTools (75)
[2017.03.30-04.00.49:336][  0]LogModuleManager: Shutting down and abandoning module UMGEditor (74)
[2017.03.30-04.00.49:336][  0]LogModuleManager: Shutting down and abandoning module UMG (73)
[2017.03.30-04.00.49:336][  0]LogModuleManager: Shutting down and abandoning module SlateReflector (72)
[2017.03.30-04.00.49:336][  0]LogModuleManager: Shutting down and abandoning module Slate (71)
[2017.03.30-04.00.49:336][  0]LogModuleManager: Shutting down and abandoning module EditorStyle (70)
[2017.03.30-04.00.49:338][  0]LogModuleManager: Shutting down and abandoning module SourceCodeAccess (69)
[2017.03.30-04.00.49:338][  0]LogModuleManager: Shutting down and abandoning module HeadMountedDisplay (68)
[2017.03.30-04.00.49:338][  0]LogModuleManager: Shutting down and abandoning module XAudio2 (67)
[2017.03.30-04.00.49:338][  0]LogModuleManager: Shutting down and abandoning module Networking (65)
[2017.03.30-04.00.49:338][  0]LogModuleManager: Shutting down and abandoning module Core (64)
[2017.03.30-04.00.49:338][  0]LogModuleManager: Shutting down and abandoning module DirectoryWatcher (63)
[2017.03.30-04.00.49:338][  0]LogModuleManager: Shutting down and abandoning module AssetRegistry (62)
[2017.03.30-04.00.49:440][  0]LogModuleManager: Shutting down and abandoning module KismetCompiler (61)
[2017.03.30-04.00.49:440][  0]LogModuleManager: Shutting down and abandoning module PhysXFormats (60)
[2017.03.30-04.00.49:440][  0]LogModuleManager: Shutting down and abandoning module MeshUtilities (59)
[2017.03.30-04.00.49:440][  0]LogModuleManager: Shutting down and abandoning module DerivedDataCache (58)
[2017.03.30-04.00.49:613][  0]LogDerivedDataCache: Shutdown
[2017.03.30-04.00.49:613][  0]LogModuleManager: Shutting down and abandoning module VulkanShaderFormat (57)
[2017.03.30-04.00.49:613][  0]LogModuleManager: Shutting down and abandoning module ShaderFormatOpenGL (56)
[2017.03.30-04.00.49:613][  0]LogModuleManager: Shutting down and abandoning module ShaderFormatD3D (55)
[2017.03.30-04.00.49:613][  0]LogModuleManager: Shutting down and abandoning module MetalShaderFormat (54)
[2017.03.30-04.00.49:613][  0]LogModuleManager: Shutting down and abandoning module TextureFormatUncompressed (53)
[2017.03.30-04.00.49:613][  0]LogModuleManager: Shutting down and abandoning module TextureFormatPVR (52)
[2017.03.30-04.00.49:613][  0]LogModuleManager: Shutting down and abandoning module TextureFormatIntelISPCTexComp (51)
[2017.03.30-04.00.49:613][  0]LogModuleManager: Shutting down and abandoning module TextureFormatDXT (50)
[2017.03.30-04.00.49:613][  0]LogModuleManager: Shutting down and abandoning module ImageWrapper (49)
[2017.03.30-04.00.49:613][  0]LogModuleManager: Shutting down and abandoning module TextureFormatASTC (48)
[2017.03.30-04.00.49:613][  0]LogModuleManager: Shutting down and abandoning module TextureFormatAndroid (47)
[2017.03.30-04.00.49:613][  0]LogModuleManager: Shutting down and abandoning module AudioFormatOpus (46)
[2017.03.30-04.00.49:613][  0]LogModuleManager: Shutting down and abandoning module AudioFormatOgg (45)
[2017.03.30-04.00.49:613][  0]LogModuleManager: Shutting down and abandoning module AudioFormatADPCM (44)
[2017.03.30-04.00.49:613][  0]LogModuleManager: Shutting down and abandoning module LinuxTargetPlatform (43)
[2017.03.30-04.00.49:613][  0]LogModuleManager: Shutting down and abandoning module LinuxServerTargetPlatform (42)
[2017.03.30-04.00.49:613][  0]LogModuleManager: Shutting down and abandoning module LinuxNoEditorTargetPlatform (41)
[2017.03.30-04.00.49:613][  0]LogModuleManager: Shutting down and abandoning module TVOSTargetPlatform (40)
[2017.03.30-04.00.49:613][  0]LogModuleManager: Shutting down and abandoning module Messaging (39)
[2017.03.30-04.00.49:613][  0]LogModuleManager: Shutting down and abandoning module IOSTargetPlatform (38)
[2017.03.30-04.00.49:613][  0]LogModuleManager: Shutting down and abandoning module HTML5TargetPlatform (37)
[2017.03.30-04.00.49:613][  0]LogModuleManager: Shutting down and abandoning module Android_PVRTCTargetPlatform (36)
[2017.03.30-04.00.49:613][  0]LogModuleManager: Shutting down and abandoning module Android_MultiTargetPlatform (35)
[2017.03.30-04.00.49:613][  0]LogModuleManager: Shutting down and abandoning module Android_ETC2TargetPlatform (34)
[2017.03.30-04.00.49:613][  0]LogModuleManager: Shutting down and abandoning module Android_ETC1TargetPlatform (33)
[2017.03.30-04.00.49:613][  0]LogModuleManager: Shutting down and abandoning module Android_DXTTargetPlatform (32)
[2017.03.30-04.00.49:613][  0]LogModuleManager: Shutting down and abandoning module Android_ATCTargetPlatform (31)
[2017.03.30-04.00.49:613][  0]LogModuleManager: Shutting down and abandoning module Android_ASTCTargetPlatform (30)
[2017.03.30-04.00.49:613][  0]LogModuleManager: Shutting down and abandoning module AndroidTargetPlatform (29)
[2017.03.30-04.00.49:613][  0]LogModuleManager: Shutting down and abandoning module WindowsTargetPlatform (28)
[2017.03.30-04.00.49:613][  0]LogModuleManager: Shutting down and abandoning module WindowsServerTargetPlatform (27)
[2017.03.30-04.00.49:613][  0]LogModuleManager: Shutting down and abandoning module WindowsNoEditorTargetPlatform (26)
[2017.03.30-04.00.49:614][  0]LogModuleManager: Shutting down and abandoning module WindowsClientTargetPlatform (25)
[2017.03.30-04.00.49:614][  0]LogModuleManager: Shutting down and abandoning module AllDesktopTargetPlatform (24)
[2017.03.30-04.00.49:614][  0]LogModuleManager: Shutting down and abandoning module TargetPlatform (23)
[2017.03.30-04.00.49:614][  0]LogModuleManager: Shutting down and abandoning module InputCore (22)
[2017.03.30-04.00.49:614][  0]LogModuleManager: Shutting down and abandoning module Settings (21)
[2017.03.30-04.00.49:614][  0]LogModuleManager: Shutting down and abandoning module OnlineSubsystem (19)
[2017.03.30-04.00.49:614][  0]LogModuleManager: Shutting down and abandoning module HTTP (18)
[2017.03.30-04.00.49:614][  0]LogModuleManager: Shutting down and abandoning module XMPP (17)
[2017.03.30-04.00.49:614][  0]LogModuleManager: Shutting down and abandoning module OculusRift (16)
[2017.03.30-04.00.49:614][  0]LogHMD: Oculus shutdown.
[2017.03.30-04.00.49:614][  0]LogModuleManager: Shutting down and abandoning module ExampleDeviceProfileSelector (15)
[2017.03.30-04.00.49:614][  0]LogModuleManager: Shutting down and abandoning module TextureCompressor (14)
[2017.03.30-04.00.49:614][  0]LogModuleManager: Shutting down and abandoning module ShaderCore (13)
[2017.03.30-04.00.49:614][  0]LogModuleManager: Shutting down and abandoning module Landscape (12)
[2017.03.30-04.00.49:614][  0]LogModuleManager: Shutting down and abandoning module SlateRHIRenderer (11)
[2017.03.30-04.00.49:614][  0]LogModuleManager: Shutting down and abandoning module OpenGLDrv (10)
[2017.03.30-04.00.49:614][  0]LogModuleManager: Shutting down and abandoning module D3D11RHI (9)
[2017.03.30-04.00.49:614][  0]LogModuleManager: Shutting down and abandoning module AnimGraphRuntime (8)
[2017.03.30-04.00.49:614][  0]LogModuleManager: Shutting down and abandoning module Renderer (7)
[2017.03.30-04.00.49:615][  0]LogModuleManager: Shutting down and abandoning module Engine (6)
[2017.03.30-04.00.49:615][  0]LogModuleManager: Shutting down and abandoning module CoreUObject (5)
[2017.03.30-04.00.49:615][  0]LogModuleManager: Shutting down and abandoning module NetworkFile (4)
[2017.03.30-04.00.49:615][  0]LogModuleManager: Shutting down and abandoning module StreamingFile (3)
[2017.03.30-04.00.49:615][  0]LogModuleManager: Shutting down and abandoning module SandboxFile (2)
[2017.03.30-04.00.49:615][  0]LogModuleManager: Shutting down and abandoning module PakFile (1)
[2017.03.30-04.00.49:616][  0]LogExit: Exiting.
[2017.03.30-04.00.49:617][  0]Log file closed, 03/30/17 00:00:49
