Log file open, 03/29/17 23:32:25
LogInit:Display: Running engine for game: Submariner
LogPlatformFile: Not using cached read wrapper
LogInit:Display: RandInit(-1823799365) SRandInit(-1823799365).
LogTaskGraph: Started task graph with 5 named threads and 8 total threads with 1 sets of task threads.
LogStats: Stats thread started at 0.086356
LogInit: Using libcurl 7.47.1
LogInit:  - built for x86_64-pc-win32
LogInit:  - supports SSL with OpenSSL/1.0.2g
LogInit:  - supports HTTP deflate (compression) using libz 1.2.8
LogInit:  - other features:
LogInit:      CURL_VERSION_SSL
LogInit:      CURL_VERSION_LIBZ
LogInit:      CURL_VERSION_IPV6
LogInit:      CURL_VERSION_ASYNCHDNS
LogInit:      CURL_VERSION_LARGEFILE
LogInit:      CURL_VERSION_IDN
LogInit:  CurlRequestOptions (configurable via config and command line):
LogInit:  - bVerifyPeer = false  - Libcurl will NOT verify peer certificate
LogInit:  - bUseHttpProxy = false  - Libcurl will NOT use HTTP proxy
LogInit:  - bDontReuseConnections = false  - Libcurl will reuse connections
LogInit:  - CertBundlePath = nullptr  - Libcurl will use whatever was configured at build time.
OCULUS: Info: [CAPI] LibOVR module is located at C:\Program Files\Oculus\Support\oculus-runtime\LibOVRRT64_1.dll
OCULUS: Debug: Connected to the server running version (prod = 1).1.10.2(build = 321138) feature version = 0. Client runs version (prod = 1).1.10.2(build = 321138) feature version = 0
LogHMD: GearVR: Emulating GearVR using Oculus Rift!
LogInit: Build: ++UE4+Release-4.15-CL-3348071
LogInit: Engine Version: 4.15.1-3348071+++UE4+Release-4.15
LogInit: Compatible Engine Version: 4.15.0-3299760+++UE4+Release-4.15
LogInit: Net CL: 3299760
LogDevObjectVersion: Number of dev versions registered: 14
LogDevObjectVersion:   Dev-Blueprints (B0D832E4-1F89-4F0D-ACCF-7EB736FD4AA2): 8
LogDevObjectVersion:   Dev-Build (E1C64328-A22C-4D53-A36C-8E866417BD8C): 0
LogDevObjectVersion:   Dev-Core (375EC13C-06E4-48FB-B500-84F0262A717E): 2
LogDevObjectVersion:   Dev-Editor (E4B068ED-F494-42E9-A231-DA0B2E46BB41): 14
LogDevObjectVersion:   Dev-Framework (CFFC743F-43B0-4480-9391-14DF171D2073): 22
LogDevObjectVersion:   Dev-Mobile (B02B49B5-BB20-44E9-A304-32B752E40360): 0
LogDevObjectVersion:   Dev-Networking (A4E4105C-59A1-49B5-A7C5-40C4547EDFEE): 0
LogDevObjectVersion:   Dev-Online (39C831C9-5AE6-47DC-9A44-9C173E1C8E7C): 0
LogDevObjectVersion:   Dev-Physics (78F01B33-EBEA-4F98-B9B4-84EACCB95AA2): 0
LogDevObjectVersion:   Dev-Platform (6631380F-2D4D-43E0-8009-CF276956A95A): 0
LogDevObjectVersion:   Dev-Rendering (12F88B9F-8875-4AFC-A67C-D90C383ABD29): 12
LogDevObjectVersion:   Dev-Sequencer (7B5AE74C-D270-4C10-A958-57980B212A5A): 3
LogDevObjectVersion:   Dev-VR (D7296918-1DD6-4BDD-9DE2-64A83CC13884): 0
LogDevObjectVersion:   Dev-LoadTimes (C2A15278-BFE7-4AFE-6C17-90FF531DF755): 1
LogInit: Compiled (64-bit): Mar 15 2017 16:52:47
LogInit: Compiled with Visual C++: 19.00.23026.00
LogInit: Build Configuration: Development
LogInit: Branch Name: ++UE4+Release-4.15
LogInit: Command line: -EpicPortal 
LogInit: Base directory: C:/Program Files/Epic Games/UE_4.15/Engine/Binaries/Win64/
LogInit: Installed Engine Build: 1
LogInit: Presizing for max 8388607 objects, including 0 objects not considered by GC, pre-allocating 0 bytes for permanent pool.
LogInit: Object subsystem initialized
[2017.03.30-03.32.27:459][  0]LogInit: Selected Device Profile: [Windows]
[2017.03.30-03.32.27:459][  0]LogInit: Applying CVar settings loaded from the selected device profile: [Windows]
[2017.03.30-03.32.27:470][  0]LogInit: Computer: SIGLAB-VR5
[2017.03.30-03.32.27:470][  0]LogInit: User: SIG
[2017.03.30-03.32.27:470][  0]LogInit: CPU Page size=65536, Cores=4
[2017.03.30-03.32.27:470][  0]LogInit: High frequency timer resolution =3.604932 MHz
[2017.03.30-03.32.27:470][  0]LogMemory: Memory total: Physical=31.9GB (32GB approx)
[2017.03.30-03.32.27:470][  0]LogMemory: Platform Memory Stats for Windows
[2017.03.30-03.32.27:470][  0]LogMemory: Process Physical Memory: 273.18 MB used, 273.18 MB peak
[2017.03.30-03.32.27:470][  0]LogMemory: Process Virtual Memory: 270.48 MB used, 270.48 MB peak
[2017.03.30-03.32.27:470][  0]LogMemory: Physical Memory: 10735.32 MB used,  21954.98 MB free, 32690.30 MB total
[2017.03.30-03.32.27:470][  0]LogMemory: Virtual Memory: 697.12 MB used,  21954.98 MB free, 134217728.00 MB total
[2017.03.30-03.32.27:554][  0]LogTextLocalizationManager: No specific translations for ('en-US') exist, so ('en') translations will be used.
[2017.03.30-03.32.28:110][  0]LogD3D11RHI: D3D11 adapters:
[2017.03.30-03.32.28:142][  0]LogD3D11RHI:    0. 'NVIDIA GeForce GTX 1070' (Feature Level 11_0)
[2017.03.30-03.32.28:142][  0]LogD3D11RHI:       8120/0/16345 MB DedicatedVideo/DedicatedSystem/SharedSystem, Outputs:2, VendorId:0x10de
[2017.03.30-03.32.28:144][  0]LogD3D11RHI:    1. 'Microsoft Basic Render Driver' (Feature Level 11_0)
[2017.03.30-03.32.28:144][  0]LogD3D11RHI:       0/0/16345 MB DedicatedVideo/DedicatedSystem/SharedSystem, Outputs:0, VendorId:0x1414
[2017.03.30-03.32.28:144][  0]LogD3D11RHI: Chosen D3D11 Adapter: 0
[2017.03.30-03.32.28:150][  0]LogD3D11RHI: Creating new Direct3DDevice
[2017.03.30-03.32.28:150][  0]LogD3D11RHI:     GPU DeviceId: 0x1b81 (for the marketing name, search the web for "GPU Device Id")
[2017.03.30-03.32.28:150][  0]LogWindows: EnumDisplayDevices:
[2017.03.30-03.32.28:150][  0]LogWindows:    0. 'NVIDIA GeForce GTX 1070' (P:0 D:1)
[2017.03.30-03.32.28:150][  0]LogWindows:    1. 'NVIDIA GeForce GTX 1070' (P:1 D:1)
[2017.03.30-03.32.28:150][  0]LogWindows:    2. 'NVIDIA GeForce GTX 1070' (P:0 D:0)
[2017.03.30-03.32.28:150][  0]LogWindows:    3. 'NVIDIA GeForce GTX 1070' (P:0 D:0)
[2017.03.30-03.32.28:150][  0]LogWindows: DebugString: FoundDriverCount:4 
[2017.03.30-03.32.28:151][  0]LogD3D11RHI:     Adapter Name: NVIDIA GeForce GTX 1070
[2017.03.30-03.32.28:151][  0]LogD3D11RHI:   Driver Version: 378.49 (internal:21.21.13.7849, unified:378.49)
[2017.03.30-03.32.28:151][  0]LogD3D11RHI:      Driver Date: 1-20-2017
[2017.03.30-03.32.28:151][  0]LogRHI: Texture pool is 1361 MB (70% of 1945 MB)
[2017.03.30-03.32.28:163][  0]LogD3D11RHI: Async texture creation enabled
[2017.03.30-03.32.28:174][  0]LogD3D11RHI: GPU Timing Frequency: 1000.000000 (Debug: 2 1)
[2017.03.30-03.32.28:262][  0]LogShaderCompilers: Guid format shader working directory is -18 characters bigger than the processId version (../../../../../../Users/SIG/Downloads/final-project-submariner/Intermediate/Shaders/WorkingDirectory/8116/).
[2017.03.30-03.32.28:262][  0]LogShaderCompilers: Cleaned the shader compiler working directory 'C:/Users/SIG/AppData/Local/Temp/UnrealShaderWorkingDir/C3A58E30492591CC8E27D58D98C27C02/'.
[2017.03.30-03.32.28:262][  0]LogShaderCompilers:Display: Using Local Shader Compiler.
[2017.03.30-03.32.29:247][  0]LogTemp:Display: Loaded TP AllDesktopTargetPlatform
[2017.03.30-03.32.29:298][  0]LogTemp:Display: Loaded TP MacClientTargetPlatform
[2017.03.30-03.32.29:349][  0]LogTemp:Display: Loaded TP MacNoEditorTargetPlatform
[2017.03.30-03.32.29:401][  0]LogTemp:Display: Loaded TP MacServerTargetPlatform
[2017.03.30-03.32.29:452][  0]LogTemp:Display: Loaded TP MacTargetPlatform
[2017.03.30-03.32.29:505][  0]LogTemp:Display: Loaded TP WindowsClientTargetPlatform
[2017.03.30-03.32.29:556][  0]LogTemp:Display: Loaded TP WindowsNoEditorTargetPlatform
[2017.03.30-03.32.29:607][  0]LogTemp:Display: Loaded TP WindowsServerTargetPlatform
[2017.03.30-03.32.29:650][  0]LogTemp:Display: Loaded TP WindowsTargetPlatform
[2017.03.30-03.32.29:701][  0]LogTemp:Display: Loaded TP AndroidTargetPlatform
[2017.03.30-03.32.29:753][  0]LogTemp:Display: Loaded TP Android_ASTCTargetPlatform
[2017.03.30-03.32.29:802][  0]LogTemp:Display: Loaded TP Android_ATCTargetPlatform
[2017.03.30-03.32.29:853][  0]LogTemp:Display: Loaded TP Android_DXTTargetPlatform
[2017.03.30-03.32.29:902][  0]LogTemp:Display: Loaded TP Android_ETC1TargetPlatform
[2017.03.30-03.32.29:970][  0]LogTemp:Display: Loaded TP Android_ETC2TargetPlatform
[2017.03.30-03.32.30:074][  0]LogTemp:Display: Loaded TP Android_MultiTargetPlatform
[2017.03.30-03.32.30:074][  0]LogTemp:Display: Loaded TP Android_PVRTCTargetPlatform
[2017.03.30-03.32.30:111][  0]LogTemp:Display: Loaded TP HTML5TargetPlatform
[2017.03.30-03.32.30:203][  0]LogTemp:Display: Loaded TP IOSTargetPlatform
[2017.03.30-03.32.30:236][  0]LogTemp:Display: Loaded TP TVOSTargetPlatform
[2017.03.30-03.32.30:287][  0]LogTemp:Display: Loaded TP LinuxClientTargetPlatform
[2017.03.30-03.32.30:345][  0]LogTemp:Display: Loaded TP LinuxNoEditorTargetPlatform
[2017.03.30-03.32.30:406][  0]LogTemp:Display: Loaded TP LinuxServerTargetPlatform
[2017.03.30-03.32.30:463][  0]LogTemp:Display: Loaded TP LinuxTargetPlatform
[2017.03.30-03.32.30:463][  0]LogTargetPlatformManager:Display: Building Assets For Windows
[2017.03.30-03.32.30:876][  0]LogDerivedDataCache:Display: Max Cache Size: 512 MB
[2017.03.30-03.32.30:931][  0]LogDerivedDataCache: Loaded boot cache 0.05s 50MB C:/Users/SIG/AppData/Local/UnrealEngine/4.15/DerivedDataCache/Boot.ddc.
[2017.03.30-03.32.30:931][  0]LogDerivedDataCache:Display: Loaded Boot cache: C:/Users/SIG/AppData/Local/UnrealEngine/4.15/DerivedDataCache/Boot.ddc
[2017.03.30-03.32.30:931][  0]LogDerivedDataCache: FDerivedDataBackendGraph:  Pak pak cache file ../../../../../../Users/SIG/Downloads/final-project-submariner/DerivedDataCache/DDC.ddp not found, will not use a pak cache.
[2017.03.30-03.32.30:931][  0]LogDerivedDataCache: Unable to find inner node Pak for hierarchical cache Hierarchy.
[2017.03.30-03.32.30:931][  0]LogDerivedDataCache: FDerivedDataBackendGraph:  CompressedPak pak cache file ../../../../../../Users/SIG/Downloads/final-project-submariner/DerivedDataCache/Compressed.ddp not found, will not use a pak cache.
[2017.03.30-03.32.30:931][  0]LogDerivedDataCache: Unable to find inner node CompressedPak for hierarchical cache Hierarchy.
[2017.03.30-03.32.30:947][  0]LogDerivedDataCache:Display: Pak cache opened for reading ../../../Engine/DerivedDataCache/Compressed.ddp.
[2017.03.30-03.32.30:959][  0]LogDerivedDataCache: Using Local data cache path C:/Users/SIG/AppData/Local/UnrealEngine/Common/DerivedDataCache: Writable
[2017.03.30-03.32.30:967][  0]LogSlate: Using Freetype 2.6.0
[2017.03.30-03.32.30:968][  0]LogSlate: SlateFontCache - WITH_FREETYPE: 1, WITH_HARFBUZZ: 1
[2017.03.30-03.32.30:968][  0]LogSlate: SlateFontCache - WITH_FREETYPE: 1, WITH_HARFBUZZ: 1
[2017.03.30-03.32.31:043][  0]LogModuleManager:Warning: Found module file ../../../../../../Users/SIG/Downloads/final-project-submariner/Plugins/socketio-client-ue4/Binaries/Win64/UE4Editor-SIOJPlugin.dll (API version 3106830), but it was incompatible with the current engine API version (3299760). This is likely a stale module that must be recompiled.
[2017.03.30-03.32.31:216][  0]LogInit: Selected Device Profile: [Windows]
[2017.03.30-03.32.31:218][  0]LogContentStreaming: Texture pool size is 0.00 MB
[2017.03.30-03.32.31:423][  0]LogMeshUtilities: Using QuadricMeshReduction for automatic static mesh reduction
[2017.03.30-03.32.31:476][  0]LogSimplygon: Simplygon DLL not present - disabling.
[2017.03.30-03.32.31:524][  0]LogMeshUtilities: Using SimplygonSwarm for distributed automatic mesh merging
[2017.03.30-03.32.31:524][  0]LogMeshUtilities: No automatic skeletal mesh reduction module available
[2017.03.30-03.32.31:524][  0]LogMeshUtilities: No automatic mesh merging module available
[2017.03.30-03.32.32:024][  0]LogNetVersion: GetLocalNetworkVersion: CL: 3299760, ProjectName: submariner, ProjectVersion: , EngineNetworkVersion: 2, GameNetworkVersion: 0, NetworkChecksum: 2308320845
[2017.03.30-03.32.32:069][  0]LogAssetRegistry: FAssetRegistry took 0.0224 seconds to start up
[2017.03.30-03.32.32:115][  0]LogPackageLocalizationCache: Processed 3 localized package path(s) for 2 prioritized culture(s) in 0.023524 seconds
[2017.03.30-03.32.32:120][  0]LogUObjectArray: 32493 objects as part of root set at end of initial load.
[2017.03.30-03.32.32:120][  0]LogUObjectAllocator: 7077032 out of 0 bytes used by permanent object pool.
[2017.03.30-03.32.32:120][  0]LogUObjectArray: CloseDisregardForGC: 0/0 objects in disregard for GC pool
[2017.03.30-03.32.32:178][  0]LogInit: WinSock: version 1.1 (2.2), MaxSocks=32767, MaxUdp=65467
[2017.03.30-03.32.33:645][  0]LogTcpMessaging: Initializing TcpMessaging bridge
[2017.03.30-03.32.33:681][  0]LogUdpMessaging: Initializing bridge on interface 0.0.0.0:0 to multicast group 230.0.0.1:6666.
[2017.03.30-03.32.34:152][  0]LogMaterial: Uniform references updated for custom material expression Custom.
[2017.03.30-03.32.34:506][  0]SourceControl: Info Source control is disabled
[2017.03.30-03.32.34:532][  0]SourceControl: Info Source control is disabled
[2017.03.30-03.32.34:576][  0]SourceControl: Info Source control is disabled
[2017.03.30-03.32.34:618][  0]SourceControl: Info Source control is disabled
[2017.03.30-03.32.35:869][  0]LogEngine: Initializing Engine...
[2017.03.30-03.32.35:892][  0]LogHMD: Failed to initialize OpenVR with code 108
[2017.03.30-03.32.35:892][  0]LogHMD: Oculus plugin initialized. Version: 4.15.1-3348071+++UE4+Release-4.15, LibOVR: 1.10.2, SDK: 1.10.0, built Mar 15 2017, 16:59:09
[2017.03.30-03.32.36:099][  0]LogAIModule: Creating AISystem for world Untitled
[2017.03.30-03.32.36:108][  0]LogInit: XAudio2 using 'Speakers / Headphones (Realtek High Definition Audio)' : 2 channels at 48 kHz using 32 bits per sample (channel mask 0x3)
[2017.03.30-03.32.36:227][  0]LogInit: FAudioDevice initialized.
[2017.03.30-03.32.36:254][  0]LogDerivedDataCache: Saved boot cache 0.03s 50MB C:/Users/SIG/AppData/Local/UnrealEngine/4.15/DerivedDataCache/Boot.ddc.
[2017.03.30-03.32.36:262][  0]LogInit: Texture streaming: Enabled
[2017.03.30-03.32.36:351][  0]LogEngineSessionManager: EngineSessionManager initialized
[2017.03.30-03.32.36:437][  0]LogInit: Transaction tracking system initialized
[2017.03.30-03.32.36:790][  0]BlueprintLog: New page: Editor Load
[2017.03.30-03.32.37:623][  0]LocalizationService: Info Localization service is disabled
[2017.03.30-03.32.38:254][  0]LogConsoleResponse:Display: 
[2017.03.30-03.32.38:373][  0]LogCook:Display: Max memory allowance for cook 16384mb min free memory 0mb
[2017.03.30-03.32.38:373][  0]LogCook:Display: Mobile HDR setting 1
[2017.03.30-03.32.39:305][  0]LogFileCache: Scanning file cache for directory 'C:/Users/SIG/Downloads/final-project-submariner/Content/' took 0.01s
[2017.03.30-03.32.39:347][  0]SourceControl: Info Source control is disabled
[2017.03.30-03.32.39:347][  0]Cmd: MAP LOAD FILE="../../../../../../Users/SIG/Downloads/final-project-submariner/Content/Levels/Captain.umap" TEMPLATE=0 SHOWPROGRESS=1 FEATURELEVEL=3
[2017.03.30-03.32.39:348][  0]LightingResults: New page: Lighting Build
[2017.03.30-03.32.39:386][  0]MapCheck: New page: Map Check
[2017.03.30-03.32.39:386][  0]LightingResults: New page: Lighting Build
[2017.03.30-03.32.39:587][  0]LogLinker:Warning: Asset '../../../../../../Users/SIG/Downloads/final-project-submariner/Content/Materials/PP_Outliner_M.uasset' has been saved with empty engine version. The asset will be loaded but may be incompatible.
[2017.03.30-03.32.39:589][  0]LogLinker:Warning: Asset '../../../../../../Users/SIG/Downloads/final-project-submariner/Content/Materials/MF_ConvolveTexture.uasset' has been saved with empty engine version. The asset will be loaded but may be incompatible.
[2017.03.30-03.32.39:591][  0]LogLinker:Warning: Asset '../../../../../../Users/SIG/Downloads/final-project-submariner/Content/Materials/MF_ExtractDepth.uasset' has been saved with empty engine version. The asset will be loaded but may be incompatible.
[2017.03.30-03.32.39:591][  0]LogLinker:Warning: Asset '../../../../../../Users/SIG/Downloads/final-project-submariner/Content/Materials/MF_SampleSceneTextureNeighbourUVs.uasset' has been saved with empty engine version. The asset will be loaded but may be incompatible.
[2017.03.30-03.32.39:725][  0]LogAIModule: Creating AISystem for world Captain
[2017.03.30-03.32.39:748][  0]LogEditorServer: Finished looking for orphan Actors (0.000 secs)
[2017.03.30-03.32.39:749][  0]Cmd: MAP CHECKDEP NOCLEARLOG
[2017.03.30-03.32.39:792][  0]MapCheck: Info Map check complete: 0 Error(s), 0 Warning(s), took 42.866ms to complete.
[2017.03.30-03.32.39:792][  0]LogFileHelpers: Loading map 'Captain' took 0.445
[2017.03.30-03.32.39:960][  0]LogCollectionManager: Loaded 0 collections in 0.002293 seconds
[2017.03.30-03.32.40:042][  0]LogFileCache: Scanning file cache for directory 'C:/Users/SIG/Downloads/final-project-submariner/Saved/Collections/' took 0.01s
[2017.03.30-03.32.40:042][  0]LogFileCache: Scanning file cache for directory 'C:/Users/SIG/Downloads/final-project-submariner/Content/Developers/SIG/Collections/' took 0.01s
[2017.03.30-03.32.40:042][  0]LogFileCache: Scanning file cache for directory 'C:/Users/SIG/Downloads/final-project-submariner/Content/Collections/' took 0.01s
[2017.03.30-03.32.40:042][  0]LogCollectionManager: Rebuilt the GUID cache for 0 collections in 0.000002 seconds
[2017.03.30-03.32.40:050][  0]LogContentBrowser: Native class hierarchy populated in 0.0078 seconds. Added 2253 classes and 460 folders.
[2017.03.30-03.32.40:053][  0]LogStats: UGameplayTagsManager::ConstructGameplayTagTree: Construct from data asset -  0.000 s
[2017.03.30-03.32.40:053][  0]LogStats: UGameplayTagsManager::ConstructGameplayTagTree: GameplayTagTreeChangedEvent.Broadcast -  0.000 s
[2017.03.30-03.32.40:115][  0]LogContentBrowser: Native class hierarchy updated for 'WidgetCarousel' in 0.0005 seconds. Added 0 classes and 0 folders.
[2017.03.30-03.32.40:145][  0]LogContentBrowser: Native class hierarchy updated for 'AddContentDialog' in 0.0005 seconds. Added 0 classes and 0 folders.
[2017.03.30-03.32.40:184][  0]LogContentBrowser: Native class hierarchy updated for 'SceneOutliner' in 0.0005 seconds. Added 1 classes and 2 folders.
[2017.03.30-03.32.40:227][  0]LogCrashTracker: Crashtracker disabled due to settings.
[2017.03.30-03.32.40:233][  0]LogUObjectGlobals:Warning: Failed to find object 'Class None.'
[2017.03.30-03.32.40:297][  0]LogContentBrowser: Native class hierarchy updated for 'HierarchicalLODOutliner' in 0.0005 seconds. Added 1 classes and 2 folders.
[2017.03.30-03.32.40:297][  0]LogLoad: (Engine Initialization) Total time: 15.37 seconds
[2017.03.30-03.32.40:297][  0]LogLoad: (Engine Initialization) Total Blueprint compile time: 0.13 seconds
[2017.03.30-03.32.40:297][  0]LogExternalProfiler: Found external profiler: VSPerf
[2017.03.30-03.32.40:297][  0]LogExternalProfiler: Using external profiler: VSPerf
[2017.03.30-03.32.40:637][  0]LogOcInput: OculusInput pre-init called
[2017.03.30-03.32.40:647][  0]LogOcInput: OculusInput is initialized. Init status 0. Runtime version: 1.10.2
[2017.03.30-03.32.40:692][  0]LogContentStreaming: Texture pool size now 1000 MB
[2017.03.30-03.32.40:693][  0]LogSlate: Took 0.000197 seconds to synchronously load lazily loaded font '../../../Engine/Content/Slate/Fonts/Roboto-Regular.ttf' (155K)
[2017.03.30-03.32.40:697][  0]LogSlate: Took 0.000245 seconds to synchronously load lazily loaded font '../../../Engine/Content/Slate/Fonts/Roboto-Bold.ttf' (160K)
[2017.03.30-03.32.40:702][  0]LogSlate: Took 0.000206 seconds to synchronously load lazily loaded font '../../../Engine/Content/Editor/Slate/Fonts/FontAwesome.ttf' (139K)
[2017.03.30-03.32.40:820][  0]LogSlate: Took 0.000196 seconds to synchronously load lazily loaded font '../../../Engine/Content/Slate/Fonts/Roboto-Light.ttf' (159K)
[2017.03.30-03.32.40:861][  0]LogRenderer: Reallocating scene render targets to support 1208x580 NumSamples 1 (Frame:2).
[2017.03.30-03.32.40:969][  1]LogFileCache: Retrieving MD5 hashes for directory 'C:/Users/SIG/Downloads/final-project-submariner/Content/' took 0.31s
[2017.03.30-03.32.40:988][  1]LogAssetRegistry: Asset discovery search completed in 8.9418 seconds
[2017.03.30-03.32.40:988][  1]LogCollectionManager: Rebuilt the object cache for 0 collections in 0.000004 seconds (found 0 objects)
[2017.03.30-03.32.40:988][  1]LogCollectionManager: Fixed up redirectors for 0 collections in 0.000016 seconds (updated 0 objects)
[2017.03.30-03.32.41:652][  3]LogSlate: Took 0.000188 seconds to synchronously load lazily loaded font '../../../Engine/Content/Slate/Fonts/Roboto-Light.ttf' (159K)
[2017.03.30-03.32.54:650][ 42]LogEditorViewport: Clicking on Actor (LMB): StaticMeshActor (Floor)
[2017.03.30-03.33.18:396][859]LogEditorViewport: Clicking on Actor (LMB): StaticMeshActor (Floor4)
[2017.03.30-03.33.36:979][ 47]LogEditorViewport: Clicking on Actor (LMB): Handle_C (Handle)
[2017.03.30-03.33.38:841][262]LogEditorViewport: Clicking on Actor (LMB): Lever_C (Lever)
[2017.03.30-03.33.39:858][375]LogSlate: Took 0.000206 seconds to synchronously load lazily loaded font '../../../Engine/Content/Editor/Slate/Fonts/Roboto-Italic.ttf' (157K)
[2017.03.30-03.34.41:774][926]Cmd: SELECT NONE
[2017.03.30-03.34.42:541][ 18]Cmd: SELECT NONE
[2017.03.30-03.34.48:051][556]LogEditorViewport: Clicking on Actor (LMB): StaticMeshActor (Console)
[2017.03.30-03.34.49:763][744]LogEditorViewport: Clicking on Actor (LMB): StaticMeshActor (Console)
[2017.03.30-03.34.50:674][851]LogEditorViewport: Clicking on Actor (LMB): Lever_C (Lever)
[2017.03.30-03.34.51:842][984]LogEditorViewport: Clicking on Actor (LMB): StaticMeshActor (Console)
[2017.03.30-03.34.53:400][162]LogEditorViewport: Clicking on Actor (LMB): Lever_C (Lever)
[2017.03.30-03.34.54:598][299]LogEditorViewport: Clicking on Actor (LMB): StaticMeshActor (Console)
[2017.03.30-03.34.55:725][425]LogEditorViewport: Clicking on Actor (LMB): Lever_C (Lever)
[2017.03.30-03.35.53:975][ 49]LogEditorViewport: Clicking on Actor (LMB): Button_C (Button)
[2017.03.30-03.35.54:640][120]LogEditorViewport: Clicking on Actor (LMB): Button_C (Button)
[2017.03.30-03.35.56:969][380]LogEditorViewport: Clicking on Actor (LMB): Actor (Actor)
[2017.03.30-03.36.02:398][999]LogEditorViewport: Clicking on Actor (LMB): StaticMeshActor (Console)
[2017.03.30-03.36.03:087][ 71]LogEditorViewport: Clicking on Actor (LMB): Handle_C (Handle)
[2017.03.30-03.36.06:968][504]LogEditorViewport: Clicking on Actor (LMB): Actor (Actor)
[2017.03.30-03.36.09:015][734]LogTemp: Repeting last play command: Selected Viewport
[2017.03.30-03.36.09:029][734]LogBlueprintUserMessages: Early PlayInEditor Detection: Level '/Game/Levels/Captain.Captain:PersistentLevel' has LevelScriptBlueprint '/Game/Levels/Captain.Captain:PersistentLevel.Captain' with GeneratedClass '/Game/Levels/Captain.Captain_C' with ClassGeneratedBy '/Game/Levels/Captain.Captain:PersistentLevel.Captain'
[2017.03.30-03.36.09:029][734]LogPlayLevel: PlayLevel: No blueprints needed recompiling
[2017.03.30-03.36.09:029][734]PIE: New page: PIE session: Captain (Mar 29, 2017, 7:36:09 PM)
[2017.03.30-03.36.09:029][734]LogPlayLevel: Creating play world package: /Game/Levels/UEDPIE_0_Captain
[2017.03.30-03.36.09:034][734]LogPlayLevel: PIE: StaticDuplicateObject took: (0.004534s)
[2017.03.30-03.36.09:035][734]LogAIModule: Creating AISystem for world Captain
[2017.03.30-03.36.09:035][734]LogPlayLevel: PIE: World Init took: (0.000840s)
[2017.03.30-03.36.09:035][734]LogPlayLevel: PIE: Created PIE world by copying editor world from /Game/Levels/Captain.Captain to /Game/Levels/UEDPIE_0_Captain.Captain (0.005599s)
[2017.03.30-03.36.09:055][734]LogInit: XAudio2 using 'Speakers / Headphones (Realtek High Definition Audio)' : 2 channels at 48 kHz using 32 bits per sample (channel mask 0x3)
[2017.03.30-03.36.09:066][734]LogInit: FAudioDevice initialized.
[2017.03.30-03.36.09:229][734]LogLoad: Game class is 'SubmarineGameMode_C'
[2017.03.30-03.36.09:231][734]LogWorld: Bringing World /Game/Levels/UEDPIE_0_Captain.Captain up for play (max tick rate 0) at 2017.03.29-23.36.09
[2017.03.30-03.36.09:276][734]LogWorld: Bringing up level for play took: 0.045196
[2017.03.30-03.36.09:317][734]LogContentBrowser: Native class hierarchy updated for 'MovieSceneCapture' in 0.0005 seconds. Added 11 classes and 0 folders.
[2017.03.30-03.36.09:319][734]PIE: Info Play in editor start time for /Game/Levels/UEDPIE_0_Captain 0.018
[2017.03.30-03.36.09:319][734]LogBlueprintUserMessages: Late PlayInEditor Detection: Level '/Game/Levels/Captain.Captain:PersistentLevel' has LevelScriptBlueprint '/Game/Levels/Captain.Captain:PersistentLevel.Captain' with GeneratedClass '/Game/Levels/Captain.Captain_C' with ClassGeneratedBy '/Game/Levels/Captain.Captain:PersistentLevel.Captain'
[2017.03.30-03.36.12:334][ 90]LogBlueprintUserMessages: Early EndPlayMap Detection: Level '/Game/Levels/Captain.Captain:PersistentLevel' has LevelScriptBlueprint '/Game/Levels/Captain.Captain:PersistentLevel.Captain' with GeneratedClass '/Game/Levels/Captain.Captain_C' with ClassGeneratedBy '/Game/Levels/Captain.Captain:PersistentLevel.Captain'
[2017.03.30-03.36.12:379][ 90]LogBlueprintUserMessages: Late EndPlayMap Detection: Level '/Game/Levels/Captain.Captain:PersistentLevel' has LevelScriptBlueprint '/Game/Levels/Captain.Captain:PersistentLevel.Captain' with GeneratedClass '/Game/Levels/Captain.Captain_C' with ClassGeneratedBy '/Game/Levels/Captain.Captain:PersistentLevel.Captain'
[2017.03.30-03.36.12:391][ 90]SocketIOLog: SocketIO disconnected from namespace: /
[2017.03.30-03.36.12:392][ 90]SocketIOLog: SocketIO disconnected from namespace: /
[2017.03.30-03.36.12:393][ 90]SocketIOLog: SocketIO disconnected from namespace: /
[2017.03.30-03.36.12:394][ 90]SocketIOLog: SocketIO disconnected from namespace: /
[2017.03.30-03.36.13:233][183]LogEditorViewport: Clicking on Actor (LMB): Actor (Actor)
[2017.03.30-03.36.26:917][694]LogEditorViewport: Clicking on Actor (LMB): Actor (Actor)
[2017.03.30-03.37.00:879][291]LogSlate: Took 0.000164 seconds to synchronously load lazily loaded font '../../../Engine/Content/Slate/Fonts/Roboto-Light.ttf' (159K)
[2017.03.30-03.38.13:129][697]Cmd: CAMERA ALIGN ACTIVEVIEWPORTONLY
[2017.03.30-03.38.14:089][805]LogEditorViewport: Clicking on Actor (LMB): Handle_C (Handle)
[2017.03.30-03.38.14:474][850]Cmd: DELETE
[2017.03.30-03.38.14:474][850]Cmd: ACTOR DELETE
[2017.03.30-03.38.14:475][850]LogEditorActor: Deleted Actor: Handle_C
[2017.03.30-03.38.14:484][850]LogEditorActor: Deleted 1 Actors (0.010 secs)
[2017.03.30-03.38.20:263][347]LogEditorViewport: Clicking on Actor (LMB): Actor (Handle)
[2017.03.30-03.38.26:928][ 82]LogContentBrowser: Native class hierarchy updated for 'BlueprintGraph' in 0.0009 seconds. Added 112 classes and 0 folders.
[2017.03.30-03.38.27:468][ 82]LogSlate: Took 0.000156 seconds to synchronously load lazily loaded font '../../../Engine/Content/Slate/Fonts/Roboto-Regular.ttf' (155K)
[2017.03.30-03.38.27:547][ 82]LogSlate: Took 0.000267 seconds to synchronously load lazily loaded font '../../../Engine/Content/Editor/Slate/Fonts/Roboto-BoldCondensed.ttf' (158K)
[2017.03.30-03.38.36:859][715]LogUObjectGlobals:Warning: Failed to find object 'Class None.SIOJJsonObject'
[2017.03.30-03.38.36:859][715]LogUObjectGlobals:Warning: Failed to find object 'Class None.SIOJJsonObject'
[2017.03.30-03.38.41:098][131]Cmd: OBJ SAVEPACKAGE PACKAGE="/Game/Blueprints/Handle" FILE="../../../../../../Users/SIG/Downloads/final-project-submariner/Content/Blueprints/Handle.uasset" SILENT=true
[2017.03.30-03.38.41:125][131]LogSavePackage: Save=16.29ms
[2017.03.30-03.38.41:125][131]LogSavePackage: Moving '../../../../../../Users/SIG/Downloads/final-project-submariner/Saved/Handle00EFC85543886628EACC6CA35C9AAB79.tmp' to '../../../../../../Users/SIG/Downloads/final-project-submariner/Content/Blueprints/Handle.uasset'
[2017.03.30-03.38.41:129][131]LogSavePackage:Display: Finished SavePackage ../../../../../../Users/SIG/Downloads/final-project-submariner/Content/Blueprints/Handle.uasset
[2017.03.30-03.38.59:390][463]Cmd: OBJ SAVEPACKAGE PACKAGE="/Game/Levels/Captain" FILE="../../../../../../Users/SIG/Downloads/final-project-submariner/Content/Levels/Captain.umap" SILENT=true AUTOSAVING=false KEEPDIRTY=false
[2017.03.30-03.38.59:515][463]LogSavePackage: Save=103.35ms
[2017.03.30-03.38.59:515][463]LogSavePackage: Moving '../../../../../../Users/SIG/Downloads/final-project-submariner/Saved/Captain1E0D15E44559943D414ACFB94B72344C.tmp' to '../../../../../../Users/SIG/Downloads/final-project-submariner/Content/Levels/Captain.umap'
[2017.03.30-03.38.59:518][463]LogSavePackage:Display: Finished SavePackage ../../../../../../Users/SIG/Downloads/final-project-submariner/Content/Levels/Captain.umap
[2017.03.30-03.38.59:542][463]LogFileHelpers: Saving map 'Captain' took 0.200
[2017.03.30-03.38.59:552][463]Cmd: MAP LOAD FILE="../../../../../../Users/SIG/Downloads/final-project-submariner/Content/Levels/Captain.umap" TEMPLATE=0 SHOWPROGRESS=1 FEATURELEVEL=3
[2017.03.30-03.38.59:552][463]LightingResults: New page: Lighting Build
[2017.03.30-03.38.59:553][463]LoadErrors: New page: Loading map: Captain.umap
[2017.03.30-03.38.59:554][463]MapCheck: New page: Map Check
[2017.03.30-03.38.59:554][463]LightingResults: New page: Lighting Build
[2017.03.30-03.38.59:587][463]LogAIModule: Creating AISystem for world Captain
[2017.03.30-03.38.59:592][463]LogEditorServer: Finished looking for orphan Actors (0.000 secs)
[2017.03.30-03.38.59:617][463]Cmd: MAP CHECKDEP NOCLEARLOG
[2017.03.30-03.38.59:663][463]MapCheck: Info Map check complete: 0 Error(s), 0 Warning(s), took 46.45ms to complete.
[2017.03.30-03.38.59:664][463]LogFileHelpers: Loading map 'Captain' took 0.113
[2017.03.30-03.39.23:480][296]LogEditorViewport: Clicking on Actor (LMB): Actor (Handle)
[2017.03.30-03.39.24:401][405]Cmd: DELETE
[2017.03.30-03.39.24:401][405]Cmd: ACTOR DELETE
[2017.03.30-03.39.24:401][405]LogEditorActor: Deleted Actor: Actor
[2017.03.30-03.39.24:420][405]LogEditorActor: Deleted 1 Actors (0.019 secs)
[2017.03.30-03.39.26:809][691]Cmd: TRANSACTION UNDO
[2017.03.30-03.39.26:809][691]LogEditorTransaction: Undo Delete Actors
[2017.03.30-03.39.54:649][462]LogObjectTools:Warning: ForceReplaceReferences replaced references for a transient object 'DEADCLASS_Handle_C_0' or package '/Engine/Transient'.
[2017.03.30-03.39.54:650][462]LogObjectTools:Warning: ForceReplaceReferences replaced references for a transient object 'SimpleConstructionScript_0' or package '/Engine/Transient'.
[2017.03.30-03.39.54:650][462]LogObjectTools:Warning: ForceReplaceReferences replaced references for a transient object 'DefaultSceneRoot_GEN_VARIABLE' or package '/Engine/Transient'.
[2017.03.30-03.39.54:650][462]LogObjectTools:Warning: ForceReplaceReferences replaced references for a transient object 'SocketIOClient_REMOVED_8445A8D9498D2EBA241A79AE84AF4956' or package '/Engine/Transient'.
[2017.03.30-03.39.54:650][462]LogObjectTools:Warning: ForceReplaceReferences replaced references for a transient object 'DEADCLASS_Handle_C_1' or package '/Engine/Transient'.
[2017.03.30-03.39.54:650][462]LogObjectTools:Warning: ForceReplaceReferences replaced references for a transient object 'Json' or package '/Engine/Transient'.
[2017.03.30-03.39.54:650][462]LogObjectTools:Warning: ForceReplaceReferences replaced references for a transient object 'Name' or package '/Engine/Transient'.
[2017.03.30-03.39.54:650][462]LogObjectTools:Warning: ForceReplaceReferences replaced references for a transient object 'SocketIOClient' or package '/Engine/Transient'.
[2017.03.30-03.39.54:650][462]LogObjectTools:Warning: ForceReplaceReferences replaced references for a transient object 'ExecuteUbergraph_Handle' or package '/Engine/Transient'.
[2017.03.30-03.39.54:650][462]LogObjectTools:Warning: ForceReplaceReferences replaced references for a transient object 'CustomEvent' or package '/Engine/Transient'.
[2017.03.30-03.39.54:650][462]LogObjectTools:Warning: ForceReplaceReferences replaced references for a transient object 'ReceiveBeginPlay' or package '/Engine/Transient'.
[2017.03.30-03.39.54:650][462]LogObjectTools:Warning: ForceReplaceReferences replaced references for a transient object 'UserConstructionScript' or package '/Engine/Transient'.
[2017.03.30-03.39.54:650][462]LogObjectTools:Warning: ForceReplaceReferences replaced references for a transient object 'UberGraphFrame' or package '/Engine/Transient'.
[2017.03.30-03.39.54:650][462]LogObjectTools:Warning: ForceReplaceReferences replaced references for a transient object 'REINST_SKEL_Handle_C_86' or package '/Engine/Transient'.
[2017.03.30-03.39.54:650][462]LogObjectTools:Warning: ForceReplaceReferences replaced references for a transient object 'REINST_SKEL_Handle_C_89' or package '/Engine/Transient'.
[2017.03.30-03.39.54:650][462]LogObjectTools:Warning: ForceReplaceReferences replaced references for a transient object 'REINST_Handle_C_88' or package '/Engine/Transient'.
[2017.03.30-03.40.00:344][103]LogActorFactory: Actor Factory created Handle
[2017.03.30-03.40.06:601][845]LogEditorViewport: Clicking on Component (LMB): SceneComponent (DefaultSceneRoot)
[2017.03.30-03.40.17:535][132]LogEditorViewport: Clicking on Component (LMB): StaticMeshComponent (Handle)
[2017.03.30-03.40.18:194][205]LogEditorViewport: Clicking on Component (LMB): StaticMeshComponent (Handle)
[2017.03.30-03.40.31:466][766]LogUObjectGlobals:Warning: Guid referenced by SceneComponent /Game/Blueprints/Handle_Blueprint.Handle_Blueprint_C:DefaultSceneRoot1_GEN_VARIABLE is already used by SceneComponent /Game/Levels/Captain.Captain:PersistentLevel.Handle_2.DefaultSceneRoot, which should never happen in the editor but could happen at runtime with duplicate level loading or PIE
[2017.03.30-03.40.31:466][766]LogUObjectGlobals:Warning: Guid referenced by BillboardComponent /Game/Blueprints/Handle_Blueprint.Handle_Blueprint_C:BillboardComponent_8_GEN_VARIABLE is already used by BillboardComponent /Game/Levels/Captain.Captain:PersistentLevel.Handle_2.BillboardComponent_8, which should never happen in the editor but could happen at runtime with duplicate level loading or PIE
[2017.03.30-03.40.34:027][938]LogRenderer: Reallocating scene render targets to support 1208x912 NumSamples 1 (Frame:54992).
[2017.03.30-03.42.24:014][286]Cmd: OBJ SAVEPACKAGE PACKAGE="/Game/Blueprints/Handle_Blueprint" FILE="../../../../../../Users/SIG/Downloads/final-project-submariner/Content/Blueprints/Handle_Blueprint.uasset" SILENT=true
[2017.03.30-03.42.24:037][286]LogSavePackage: Save=19.51ms
[2017.03.30-03.42.24:037][286]LogSavePackage: Moving '../../../../../../Users/SIG/Downloads/final-project-submariner/Saved/Handle_Blueprint0647407F4332C0773195FF829EA30085.tmp' to '../../../../../../Users/SIG/Downloads/final-project-submariner/Content/Blueprints/Handle_Blueprint.uasset'
[2017.03.30-03.42.24:039][286]LogSavePackage:Display: Finished SavePackage ../../../../../../Users/SIG/Downloads/final-project-submariner/Content/Blueprints/Handle_Blueprint.uasset
[2017.03.30-03.43.23:521][254]BlueprintLog: New page: Compile Handle_Blueprint
[2017.03.30-03.46.12:986][452]Cmd: DELETE
[2017.03.30-03.46.12:986][452]Cmd: ACTOR DELETE
[2017.03.30-03.46.12:986][452]LogEditorActor: Deleted Actor: Handle_Blueprint_C
[2017.03.30-03.46.13:002][452]LogEditorActor: Deleted 1 Actors (0.016 secs)
[2017.03.30-03.46.19:569][988]LogActorComponent: UnregisterComponent: (/Engine/Transient.EditorFloorComp) Not registered. Aborting.
[2017.03.30-03.46.19:729][988]LogObjectTools:Warning: ForceReplaceReferences replaced references for a transient object 'DefaultSceneRoot1_GEN_VARIABLE' or package '/Engine/Transient'.
[2017.03.30-03.46.19:729][988]LogObjectTools:Warning: ForceReplaceReferences replaced references for a transient object 'REINST_SKEL_Handle_Blueprint_C_111' or package '/Engine/Transient'.
[2017.03.30-03.46.19:730][988]LogObjectTools:Warning: ForceReplaceReferences replaced references for a transient object 'UserConstructionScript' or package '/Engine/Transient'.
[2017.03.30-03.46.19:730][988]LogObjectTools:Warning: ForceReplaceReferences replaced references for a transient object 'SocketIOClient' or package '/Engine/Transient'.
[2017.03.30-03.46.19:730][988]LogObjectTools:Warning: ForceReplaceReferences replaced references for a transient object 'Handle' or package '/Engine/Transient'.
[2017.03.30-03.46.19:730][988]LogObjectTools:Warning: ForceReplaceReferences replaced references for a transient object 'Billboard' or package '/Engine/Transient'.
[2017.03.30-03.46.19:730][988]LogObjectTools:Warning: ForceReplaceReferences replaced references for a transient object 'DefaultSceneRoot1' or package '/Engine/Transient'.
[2017.03.30-03.46.19:730][988]LogObjectTools:Warning: ForceReplaceReferences replaced references for a transient object 'REINST_Handle_Blueprint_C_106' or package '/Engine/Transient'.
[2017.03.30-03.46.19:730][988]LogObjectTools:Warning: ForceReplaceReferences replaced references for a transient object 'ExecuteUbergraph_Handle_Blueprint' or package '/Game/Blueprints/Handle_Blueprint'.
[2017.03.30-03.46.19:730][988]LogObjectTools:Warning: ForceReplaceReferences replaced references for a transient object 'DEADCLASS_Handle_Blueprint_C_3' or package '/Engine/Transient'.
[2017.03.30-03.46.19:730][988]LogObjectTools:Warning: ForceReplaceReferences replaced references for a transient object 'REINST_Handle_Blueprint_C_110' or package '/Engine/Transient'.
[2017.03.30-03.46.19:730][988]LogObjectTools:Warning: ForceReplaceReferences replaced references for a transient object 'SocketIOClient_GEN_VARIABLE' or package '/Engine/Transient'.
[2017.03.30-03.46.19:730][988]LogObjectTools:Warning: ForceReplaceReferences replaced references for a transient object 'Handle_GEN_VARIABLE' or package '/Engine/Transient'.
[2017.03.30-03.46.19:730][988]LogObjectTools:Warning: ForceReplaceReferences replaced references for a transient object 'Billboard_GEN_VARIABLE' or package '/Engine/Transient'.
[2017.03.30-03.46.19:730][988]LogObjectTools:Warning: ForceReplaceReferences replaced references for a transient object 'DefaultSceneRoot_GEN_VARIABLE' or package '/Engine/Transient'.
[2017.03.30-03.46.19:730][988]LogObjectTools:Warning: ForceReplaceReferences replaced references for a transient object 'SimpleConstructionScript_0' or package '/Engine/Transient'.
[2017.03.30-03.46.19:730][988]LogObjectTools:Warning: ForceReplaceReferences replaced references for a transient object 'DEADCLASS_Handle_Blueprint_C_2' or package '/Engine/Transient'.
[2017.03.30-03.46.32:606][452]LogMetaData: Removing '/Game/Blueprints/Handle.SKEL_Handle_C' ref from Metadata '/Game/Blueprints/Button_2.PackageMetaData'
[2017.03.30-03.46.32:606][452]LogMetaData: Removing '/Game/Blueprints/Handle.Handle_C' ref from Metadata '/Game/Blueprints/Button_2.PackageMetaData'
[2017.03.30-03.46.32:625][452]Cmd: OBJ SAVEPACKAGE PACKAGE="/Game/Blueprints/Handle" FILE="../../../../../../Users/SIG/Downloads/final-project-submariner/Content/Blueprints/Handle.uasset" SILENT=true
[2017.03.30-03.46.32:645][452]LogSavePackage: Save=17.58ms
[2017.03.30-03.46.32:645][452]LogSavePackage: Moving '../../../../../../Users/SIG/Downloads/final-project-submariner/Saved/HandleB696F83F4628A9AC0CF444B780EEAE69.tmp' to '../../../../../../Users/SIG/Downloads/final-project-submariner/Content/Blueprints/Handle.uasset'
[2017.03.30-03.46.32:647][452]LogSavePackage:Display: Finished SavePackage ../../../../../../Users/SIG/Downloads/final-project-submariner/Content/Blueprints/Handle.uasset
[2017.03.30-03.47.03:777][ 44]BlueprintLog: New page: Compile Handle
[2017.03.30-03.47.04:443][ 80]Cmd: OBJ SAVEPACKAGE PACKAGE="/Game/Blueprints/Handle" FILE="../../../../../../Users/SIG/Downloads/final-project-submariner/Content/Blueprints/Handle.uasset" SILENT=true
[2017.03.30-03.47.04:467][ 80]LogSavePackage: Save=13.26ms
[2017.03.30-03.47.04:467][ 80]LogSavePackage: Moving '../../../../../../Users/SIG/Downloads/final-project-submariner/Saved/HandleEAC3065C4539F11663E568B01A0CC4C3.tmp' to '../../../../../../Users/SIG/Downloads/final-project-submariner/Content/Blueprints/Handle.uasset'
[2017.03.30-03.47.04:470][ 80]LogSavePackage:Display: Finished SavePackage ../../../../../../Users/SIG/Downloads/final-project-submariner/Content/Blueprints/Handle.uasset
[2017.03.30-03.47.24:303][129]Cmd: OBJ SAVEPACKAGE PACKAGE="/Game/Levels/Captain" FILE="../../../../../../Users/SIG/Downloads/final-project-submariner/Content/Levels/Captain.umap" SILENT=true AUTOSAVING=false KEEPDIRTY=false
[2017.03.30-03.47.24:436][129]LogSavePackage: Save=108.33ms
[2017.03.30-03.47.24:436][129]LogSavePackage: Moving '../../../../../../Users/SIG/Downloads/final-project-submariner/Saved/Captain8D5A926B47166800B4460EA8582FE767.tmp' to '../../../../../../Users/SIG/Downloads/final-project-submariner/Content/Levels/Captain.umap'
[2017.03.30-03.47.24:439][129]LogSavePackage:Display: Finished SavePackage ../../../../../../Users/SIG/Downloads/final-project-submariner/Content/Levels/Captain.umap
[2017.03.30-03.47.24:467][129]Cmd: OBJ SAVEPACKAGE PACKAGE="/Game/Levels/Captain_BuiltData" FILE="../../../../../../Users/SIG/Downloads/final-project-submariner/Content/Levels/Captain_BuiltData.uasset" SILENT=true
[2017.03.30-03.47.24:520][129]LogSavePackage: Save=43.36ms
[2017.03.30-03.47.24:520][129]LogSavePackage: Moving '../../../../../../Users/SIG/Downloads/final-project-submariner/Saved/Captain_BuiltData43DFCF6644BD2CA522051A8CF4B61F88.tmp' to '../../../../../../Users/SIG/Downloads/final-project-submariner/Content/Levels/Captain_BuiltData.uasset'
[2017.03.30-03.47.24:521][129]LogSavePackage:Display: Finished SavePackage ../../../../../../Users/SIG/Downloads/final-project-submariner/Content/Levels/Captain_BuiltData.uasset
[2017.03.30-03.47.26:300][320]Cmd: OBJ SAVEPACKAGE PACKAGE="/Game/Levels/Captain" FILE="../../../../../../Users/SIG/Downloads/final-project-submariner/Content/Levels/Captain.umap" SILENT=true AUTOSAVING=false KEEPDIRTY=false
[2017.03.30-03.47.26:428][320]LogSavePackage: Save=107.87ms
[2017.03.30-03.47.26:428][320]LogSavePackage: Moving '../../../../../../Users/SIG/Downloads/final-project-submariner/Saved/Captain44212CAE4BFC57D8BCBFE8BC2A34A93F.tmp' to '../../../../../../Users/SIG/Downloads/final-project-submariner/Content/Levels/Captain.umap'
[2017.03.30-03.47.26:429][320]LogSavePackage:Display: Finished SavePackage ../../../../../../Users/SIG/Downloads/final-project-submariner/Content/Levels/Captain.umap
[2017.03.30-03.47.26:458][320]Cmd: OBJ SAVEPACKAGE PACKAGE="/Game/Levels/Captain_BuiltData" FILE="../../../../../../Users/SIG/Downloads/final-project-submariner/Content/Levels/Captain_BuiltData.uasset" SILENT=true
[2017.03.30-03.47.26:513][320]LogSavePackage: Save=49.39ms
[2017.03.30-03.47.26:513][320]LogSavePackage: Moving '../../../../../../Users/SIG/Downloads/final-project-submariner/Saved/Captain_BuiltDataD5027D7D4F4E974A08E7DAA15D146DB3.tmp' to '../../../../../../Users/SIG/Downloads/final-project-submariner/Content/Levels/Captain_BuiltData.uasset'
[2017.03.30-03.47.26:515][320]LogSavePackage:Display: Finished SavePackage ../../../../../../Users/SIG/Downloads/final-project-submariner/Content/Levels/Captain_BuiltData.uasset
[2017.03.30-03.48.29:071][118]Cmd: OBJ SAVEPACKAGE PACKAGE="/Game/Levels/Captain" FILE="../../../../../../Users/SIG/Downloads/final-project-submariner/Content/Levels/Captain.umap" SILENT=true AUTOSAVING=false KEEPDIRTY=false
[2017.03.30-03.48.29:207][118]LogSavePackage: Save=112.64ms
[2017.03.30-03.48.29:207][118]LogSavePackage: Moving '../../../../../../Users/SIG/Downloads/final-project-submariner/Saved/CaptainEC7E26F54B0701DF6D63478B04091A86.tmp' to '../../../../../../Users/SIG/Downloads/final-project-submariner/Content/Levels/Captain.umap'
[2017.03.30-03.48.29:209][118]LogSavePackage:Display: Finished SavePackage ../../../../../../Users/SIG/Downloads/final-project-submariner/Content/Levels/Captain.umap
[2017.03.30-03.48.29:243][118]Cmd: OBJ SAVEPACKAGE PACKAGE="/Game/Levels/Captain_BuiltData" FILE="../../../../../../Users/SIG/Downloads/final-project-submariner/Content/Levels/Captain_BuiltData.uasset" SILENT=true
[2017.03.30-03.48.29:291][118]LogSavePackage: Save=43.41ms
[2017.03.30-03.48.29:291][118]LogSavePackage: Moving '../../../../../../Users/SIG/Downloads/final-project-submariner/Saved/Captain_BuiltDataDA1E94FF4A32CE9E17C3F7A2801E27B6.tmp' to '../../../../../../Users/SIG/Downloads/final-project-submariner/Content/Levels/Captain_BuiltData.uasset'
[2017.03.30-03.48.29:292][118]LogSavePackage:Display: Finished SavePackage ../../../../../../Users/SIG/Downloads/final-project-submariner/Content/Levels/Captain_BuiltData.uasset
[2017.03.30-03.48.30:072][208]Cmd: OBJ SAVEPACKAGE PACKAGE="/Game/Levels/Captain" FILE="../../../../../../Users/SIG/Downloads/final-project-submariner/Content/Levels/Captain.umap" SILENT=true AUTOSAVING=false KEEPDIRTY=false
[2017.03.30-03.48.30:205][208]LogSavePackage: Save=111.90ms
[2017.03.30-03.48.30:205][208]LogSavePackage: Moving '../../../../../../Users/SIG/Downloads/final-project-submariner/Saved/Captain154FF0CF4FEB6430E49B389C62919CE0.tmp' to '../../../../../../Users/SIG/Downloads/final-project-submariner/Content/Levels/Captain.umap'
[2017.03.30-03.48.30:206][208]LogSavePackage:Display: Finished SavePackage ../../../../../../Users/SIG/Downloads/final-project-submariner/Content/Levels/Captain.umap
[2017.03.30-03.48.30:233][208]Cmd: OBJ SAVEPACKAGE PACKAGE="/Game/Levels/Captain_BuiltData" FILE="../../../../../../Users/SIG/Downloads/final-project-submariner/Content/Levels/Captain_BuiltData.uasset" SILENT=true
[2017.03.30-03.48.30:281][208]LogSavePackage: Save=43.08ms
[2017.03.30-03.48.30:281][208]LogSavePackage: Moving '../../../../../../Users/SIG/Downloads/final-project-submariner/Saved/Captain_BuiltData4173C36147618B87382CB589939BD799.tmp' to '../../../../../../Users/SIG/Downloads/final-project-submariner/Content/Levels/Captain_BuiltData.uasset'
[2017.03.30-03.48.30:282][208]LogSavePackage:Display: Finished SavePackage ../../../../../../Users/SIG/Downloads/final-project-submariner/Content/Levels/Captain_BuiltData.uasset
[2017.03.30-03.48.47:470][607]BlueprintLog: New page: Compile Handle
[2017.03.30-03.48.50:079][786]LogActorComponent: UnregisterComponent: (/Engine/Transient.EditorFloorComp) Not registered. Aborting.
[2017.03.30-03.48.51:073][891]LogTemp: Repeting last play command: Selected Viewport
[2017.03.30-03.48.51:093][891]LogBlueprintUserMessages: Early PlayInEditor Detection: Level '/Game/Levels/Captain.Captain:PersistentLevel' has LevelScriptBlueprint '/Game/Levels/Captain.Captain:PersistentLevel.Captain' with GeneratedClass '/Game/Levels/Captain.Captain_C' with ClassGeneratedBy '/Game/Levels/Captain.Captain:PersistentLevel.Captain'
[2017.03.30-03.48.51:093][891]LogPlayLevel: PlayLevel: No blueprints needed recompiling
[2017.03.30-03.48.51:093][891]PIE: New page: PIE session: Captain (Mar 29, 2017, 7:48:51 PM)
[2017.03.30-03.48.51:093][891]LogPlayLevel: Creating play world package: /Game/Levels/UEDPIE_0_Captain
[2017.03.30-03.48.51:097][891]LogPlayLevel: PIE: StaticDuplicateObject took: (0.003592s)
[2017.03.30-03.48.51:097][891]LogAIModule: Creating AISystem for world Captain
[2017.03.30-03.48.51:098][891]LogPlayLevel: PIE: World Init took: (0.000680s)
[2017.03.30-03.48.51:098][891]LogPlayLevel: PIE: Created PIE world by copying editor world from /Game/Levels/Captain.Captain to /Game/Levels/UEDPIE_0_Captain.Captain (0.004489s)
[2017.03.30-03.48.51:122][891]LogInit: XAudio2 using 'Speakers / Headphones (Realtek High Definition Audio)' : 2 channels at 48 kHz using 32 bits per sample (channel mask 0x3)
[2017.03.30-03.48.51:133][891]LogInit: FAudioDevice initialized.
[2017.03.30-03.48.51:162][891]LogLoad: Game class is 'SubmarineGameMode_C'
[2017.03.30-03.48.51:165][891]LogWorld: Bringing World /Game/Levels/UEDPIE_0_Captain.Captain up for play (max tick rate 0) at 2017.03.29-23.48.51
[2017.03.30-03.48.51:210][891]LogWorld: Bringing up level for play took: 0.046680
[2017.03.30-03.48.51:212][891]PIE: Info Play in editor start time for /Game/Levels/UEDPIE_0_Captain -0.089
[2017.03.30-03.48.51:212][891]LogBlueprintUserMessages: Late PlayInEditor Detection: Level '/Game/Levels/Captain.Captain:PersistentLevel' has LevelScriptBlueprint '/Game/Levels/Captain.Captain:PersistentLevel.Captain' with GeneratedClass '/Game/Levels/Captain.Captain_C' with ClassGeneratedBy '/Game/Levels/Captain.Captain:PersistentLevel.Captain'
[2017.03.30-03.49.01:969][176]LogBlueprintUserMessages: Early EndPlayMap Detection: Level '/Game/Levels/Captain.Captain:PersistentLevel' has LevelScriptBlueprint '/Game/Levels/Captain.Captain:PersistentLevel.Captain' with GeneratedClass '/Game/Levels/Captain.Captain_C' with ClassGeneratedBy '/Game/Levels/Captain.Captain:PersistentLevel.Captain'
[2017.03.30-03.49.02:012][176]LogBlueprintUserMessages: Late EndPlayMap Detection: Level '/Game/Levels/Captain.Captain:PersistentLevel' has LevelScriptBlueprint '/Game/Levels/Captain.Captain:PersistentLevel.Captain' with GeneratedClass '/Game/Levels/Captain.Captain_C' with ClassGeneratedBy '/Game/Levels/Captain.Captain:PersistentLevel.Captain'
[2017.03.30-03.49.02:027][176]SocketIOLog: SocketIO disconnected from namespace: /
[2017.03.30-03.49.02:028][176]SocketIOLog: SocketIO disconnected from namespace: /
[2017.03.30-03.49.02:029][176]SocketIOLog: SocketIO disconnected from namespace: /
[2017.03.30-03.49.02:030][176]SocketIOLog: SocketIO disconnected from namespace: /
[2017.03.30-03.49.03:658][356]LogEditorViewport: Clicking on Actor (LMB): Handle_C (Handle)
[2017.03.30-03.49.16:013][749]LogEditorViewport: Clicking on Actor (LMB): StaticMeshActor (Console)
[2017.03.30-03.49.18:849][ 68]LogEditorViewport: Clicking on Actor (LMB): Handle_C (Handle)
[2017.03.30-03.49.21:257][341]LogEditorViewport: Clicking on Actor (LMB): StaticMeshActor (Floor)
[2017.03.30-03.49.26:524][876]Cmd: OBJ SAVEPACKAGE PACKAGE="/Game/Levels/Captain" FILE="../../../../../../Users/SIG/Downloads/final-project-submariner/Content/Levels/Captain.umap" SILENT=true AUTOSAVING=false KEEPDIRTY=false
[2017.03.30-03.49.26:667][876]LogSavePackage: Save=124.83ms
[2017.03.30-03.49.26:667][876]LogSavePackage: Moving '../../../../../../Users/SIG/Downloads/final-project-submariner/Saved/Captain708980F84E8A2D50E10B17A5F1E0FE55.tmp' to '../../../../../../Users/SIG/Downloads/final-project-submariner/Content/Levels/Captain.umap'
[2017.03.30-03.49.26:670][876]LogSavePackage:Display: Finished SavePackage ../../../../../../Users/SIG/Downloads/final-project-submariner/Content/Levels/Captain.umap
[2017.03.30-03.49.26:699][876]Cmd: OBJ SAVEPACKAGE PACKAGE="/Game/Levels/Captain_BuiltData" FILE="../../../../../../Users/SIG/Downloads/final-project-submariner/Content/Levels/Captain_BuiltData.uasset" SILENT=true
[2017.03.30-03.49.26:749][876]LogSavePackage: Save=44.40ms
[2017.03.30-03.49.26:749][876]LogSavePackage: Moving '../../../../../../Users/SIG/Downloads/final-project-submariner/Saved/Captain_BuiltData5C2C23AE4B2BFD25D7A47697ACAB5805.tmp' to '../../../../../../Users/SIG/Downloads/final-project-submariner/Content/Levels/Captain_BuiltData.uasset'
[2017.03.30-03.49.26:750][876]LogSavePackage:Display: Finished SavePackage ../../../../../../Users/SIG/Downloads/final-project-submariner/Content/Levels/Captain_BuiltData.uasset
[2017.03.30-03.49.27:075][902]LogTemp: Repeting last play command: Selected Viewport
[2017.03.30-03.49.27:089][902]LogBlueprintUserMessages: Early PlayInEditor Detection: Level '/Game/Levels/Captain.Captain:PersistentLevel' has LevelScriptBlueprint '/Game/Levels/Captain.Captain:PersistentLevel.Captain' with GeneratedClass '/Game/Levels/Captain.Captain_C' with ClassGeneratedBy '/Game/Levels/Captain.Captain:PersistentLevel.Captain'
[2017.03.30-03.49.27:089][902]LogPlayLevel: PlayLevel: No blueprints needed recompiling
[2017.03.30-03.49.27:089][902]PIE: New page: PIE session: Captain (Mar 29, 2017, 7:49:27 PM)
[2017.03.30-03.49.27:089][902]LogPlayLevel: Creating play world package: /Game/Levels/UEDPIE_0_Captain
[2017.03.30-03.49.27:093][902]LogPlayLevel: PIE: StaticDuplicateObject took: (0.003672s)
[2017.03.30-03.49.27:094][902]LogAIModule: Creating AISystem for world Captain
[2017.03.30-03.49.27:094][902]LogPlayLevel: PIE: World Init took: (0.000959s)
[2017.03.30-03.49.27:094][902]LogPlayLevel: PIE: Created PIE world by copying editor world from /Game/Levels/Captain.Captain to /Game/Levels/UEDPIE_0_Captain.Captain (0.004858s)
[2017.03.30-03.49.27:113][902]LogInit: XAudio2 using 'Speakers / Headphones (Realtek High Definition Audio)' : 2 channels at 48 kHz using 32 bits per sample (channel mask 0x3)
[2017.03.30-03.49.27:123][902]LogInit: FAudioDevice initialized.
[2017.03.30-03.49.27:153][902]LogLoad: Game class is 'SubmarineGameMode_C'
[2017.03.30-03.49.27:155][902]LogWorld: Bringing World /Game/Levels/UEDPIE_0_Captain.Captain up for play (max tick rate 0) at 2017.03.29-23.49.27
[2017.03.30-03.49.27:199][902]LogWorld: Bringing up level for play took: 0.044907
[2017.03.30-03.49.27:201][902]PIE: Info Play in editor start time for /Game/Levels/UEDPIE_0_Captain -0.1
[2017.03.30-03.49.27:201][902]LogBlueprintUserMessages: Late PlayInEditor Detection: Level '/Game/Levels/Captain.Captain:PersistentLevel' has LevelScriptBlueprint '/Game/Levels/Captain.Captain:PersistentLevel.Captain' with GeneratedClass '/Game/Levels/Captain.Captain_C' with ClassGeneratedBy '/Game/Levels/Captain.Captain:PersistentLevel.Captain'
[2017.03.30-03.49.31:536][415]LogBlueprintUserMessages: Early EndPlayMap Detection: Level '/Game/Levels/Captain.Captain:PersistentLevel' has LevelScriptBlueprint '/Game/Levels/Captain.Captain:PersistentLevel.Captain' with GeneratedClass '/Game/Levels/Captain.Captain_C' with ClassGeneratedBy '/Game/Levels/Captain.Captain:PersistentLevel.Captain'
[2017.03.30-03.49.31:602][415]LogBlueprintUserMessages: Late EndPlayMap Detection: Level '/Game/Levels/Captain.Captain:PersistentLevel' has LevelScriptBlueprint '/Game/Levels/Captain.Captain:PersistentLevel.Captain' with GeneratedClass '/Game/Levels/Captain.Captain_C' with ClassGeneratedBy '/Game/Levels/Captain.Captain:PersistentLevel.Captain'
[2017.03.30-03.49.31:621][415]SocketIOLog: SocketIO disconnected from namespace: /
[2017.03.30-03.49.31:622][415]SocketIOLog: SocketIO disconnected from namespace: /
[2017.03.30-03.49.31:623][415]SocketIOLog: SocketIO disconnected from namespace: /
[2017.03.30-03.49.31:624][415]SocketIOLog: SocketIO disconnected from namespace: /
[2017.03.30-03.49.32:517][512]LogEditorViewport: Clicking on Actor (LMB): StaticMeshActor (Console)
[2017.03.30-03.49.32:785][536]LogEditorViewport: Clicking on Actor (LMB): Handle_C (Handle)
[2017.03.30-03.49.33:752][642]LogEditorViewport: Clicking on Actor (LMB): Handle_C (Handle)
[2017.03.30-03.49.33:829][649]LogEditorViewport: Clicking on Component (LMB): StaticMeshComponent (Handle)
[2017.03.30-03.50.15:979][958]LogTemp: Repeting last play command: Selected Viewport
[2017.03.30-03.50.15:993][958]LogBlueprintUserMessages: Early PlayInEditor Detection: Level '/Game/Levels/Captain.Captain:PersistentLevel' has LevelScriptBlueprint '/Game/Levels/Captain.Captain:PersistentLevel.Captain' with GeneratedClass '/Game/Levels/Captain.Captain_C' with ClassGeneratedBy '/Game/Levels/Captain.Captain:PersistentLevel.Captain'
[2017.03.30-03.50.15:993][958]LogPlayLevel: PlayLevel: No blueprints needed recompiling
[2017.03.30-03.50.15:994][958]PIE: New page: PIE session: Captain (Mar 29, 2017, 7:50:15 PM)
[2017.03.30-03.50.15:994][958]LogPlayLevel: Creating play world package: /Game/Levels/UEDPIE_0_Captain
[2017.03.30-03.50.15:998][958]LogPlayLevel: PIE: StaticDuplicateObject took: (0.004602s)
[2017.03.30-03.50.15:999][958]LogAIModule: Creating AISystem for world Captain
[2017.03.30-03.50.15:999][958]LogPlayLevel: PIE: World Init took: (0.000710s)
[2017.03.30-03.50.15:999][958]LogPlayLevel: PIE: Created PIE world by copying editor world from /Game/Levels/Captain.Captain to /Game/Levels/UEDPIE_0_Captain.Captain (0.005556s)
[2017.03.30-03.50.16:019][958]LogInit: XAudio2 using 'Speakers / Headphones (Realtek High Definition Audio)' : 2 channels at 48 kHz using 32 bits per sample (channel mask 0x3)
[2017.03.30-03.50.16:030][958]LogInit: FAudioDevice initialized.
[2017.03.30-03.50.16:060][958]LogLoad: Game class is 'SubmarineGameMode_C'
[2017.03.30-03.50.16:062][958]LogWorld: Bringing World /Game/Levels/UEDPIE_0_Captain.Captain up for play (max tick rate 0) at 2017.03.29-23.50.16
[2017.03.30-03.50.16:107][958]LogWorld: Bringing up level for play took: 0.046020
[2017.03.30-03.50.16:109][958]PIE: Info Play in editor start time for /Game/Levels/UEDPIE_0_Captain 0.808
[2017.03.30-03.50.16:109][958]LogBlueprintUserMessages: Late PlayInEditor Detection: Level '/Game/Levels/Captain.Captain:PersistentLevel' has LevelScriptBlueprint '/Game/Levels/Captain.Captain:PersistentLevel.Captain' with GeneratedClass '/Game/Levels/Captain.Captain_C' with ClassGeneratedBy '/Game/Levels/Captain.Captain:PersistentLevel.Captain'
[2017.03.30-03.50.18:478][237]LogBlueprintUserMessages: Early EndPlayMap Detection: Level '/Game/Levels/Captain.Captain:PersistentLevel' has LevelScriptBlueprint '/Game/Levels/Captain.Captain:PersistentLevel.Captain' with GeneratedClass '/Game/Levels/Captain.Captain_C' with ClassGeneratedBy '/Game/Levels/Captain.Captain:PersistentLevel.Captain'
[2017.03.30-03.50.18:523][237]LogBlueprintUserMessages: Late EndPlayMap Detection: Level '/Game/Levels/Captain.Captain:PersistentLevel' has LevelScriptBlueprint '/Game/Levels/Captain.Captain:PersistentLevel.Captain' with GeneratedClass '/Game/Levels/Captain.Captain_C' with ClassGeneratedBy '/Game/Levels/Captain.Captain:PersistentLevel.Captain'
[2017.03.30-03.50.18:538][237]SocketIOLog: SocketIO disconnected from namespace: /
[2017.03.30-03.50.18:540][237]SocketIOLog: SocketIO disconnected from namespace: /
[2017.03.30-03.50.18:540][237]SocketIOLog: SocketIO disconnected from namespace: /
[2017.03.30-03.50.18:541][237]SocketIOLog: SocketIO disconnected from namespace: /
[2017.03.30-03.51.19:201][109]Cmd: OBJ SAVEPACKAGE PACKAGE="/Game/Blueprints/Handle" FILE="../../../../../../Users/SIG/Downloads/final-project-submariner/Content/Blueprints/Handle.uasset" SILENT=true
[2017.03.30-03.51.19:225][109]LogSavePackage: Save=16.86ms
[2017.03.30-03.51.19:225][109]LogSavePackage: Moving '../../../../../../Users/SIG/Downloads/final-project-submariner/Saved/Handle01126C0747EDF3B8B235C6B292D77456.tmp' to '../../../../../../Users/SIG/Downloads/final-project-submariner/Content/Blueprints/Handle.uasset'
[2017.03.30-03.51.19:228][109]LogSavePackage:Display: Finished SavePackage ../../../../../../Users/SIG/Downloads/final-project-submariner/Content/Blueprints/Handle.uasset
[2017.03.30-03.51.32:399][362]LogTemp: Repeting last play command: Selected Viewport
[2017.03.30-03.51.32:413][362]LogBlueprintUserMessages: Early PlayInEditor Detection: Level '/Game/Levels/Captain.Captain:PersistentLevel' has LevelScriptBlueprint '/Game/Levels/Captain.Captain:PersistentLevel.Captain' with GeneratedClass '/Game/Levels/Captain.Captain_C' with ClassGeneratedBy '/Game/Levels/Captain.Captain:PersistentLevel.Captain'
[2017.03.30-03.51.32:413][362]BlueprintLog: New page: Pre-Play auto-recompile
[2017.03.30-03.51.32:413][362]LogPlayLevel: [PlayLevel] Compiling Handle before play...
[2017.03.30-03.51.32:531][362]LogPlayLevel: PlayLevel: Blueprint regeneration took 117 ms (1 blueprints)
[2017.03.30-03.51.32:531][362]PIE: New page: PIE session: Captain (Mar 29, 2017, 7:51:32 PM)
[2017.03.30-03.51.32:531][362]LogPlayLevel: Creating play world package: /Game/Levels/UEDPIE_0_Captain
[2017.03.30-03.51.32:535][362]LogPlayLevel: PIE: StaticDuplicateObject took: (0.003677s)
[2017.03.30-03.51.32:535][362]LogAIModule: Creating AISystem for world Captain
[2017.03.30-03.51.32:535][362]LogPlayLevel: PIE: World Init took: (0.000697s)
[2017.03.30-03.51.32:536][362]LogPlayLevel: PIE: Created PIE world by copying editor world from /Game/Levels/Captain.Captain to /Game/Levels/UEDPIE_0_Captain.Captain (0.004577s)
[2017.03.30-03.51.32:556][362]LogInit: XAudio2 using 'Speakers / Headphones (Realtek High Definition Audio)' : 2 channels at 48 kHz using 32 bits per sample (channel mask 0x3)
[2017.03.30-03.51.32:567][362]LogInit: FAudioDevice initialized.
[2017.03.30-03.51.32:598][362]LogLoad: Game class is 'SubmarineGameMode_C'
[2017.03.30-03.51.32:601][362]LogWorld: Bringing World /Game/Levels/UEDPIE_0_Captain.Captain up for play (max tick rate 0) at 2017.03.29-23.51.32
[2017.03.30-03.51.32:645][362]LogWorld: Bringing up level for play took: 0.045856
[2017.03.30-03.51.32:647][362]PIE: Info Play in editor start time for /Game/Levels/UEDPIE_0_Captain -0.654
[2017.03.30-03.51.32:647][362]LogBlueprintUserMessages: Late PlayInEditor Detection: Level '/Game/Levels/Captain.Captain:PersistentLevel' has LevelScriptBlueprint '/Game/Levels/Captain.Captain:PersistentLevel.Captain' with GeneratedClass '/Game/Levels/Captain.Captain_C' with ClassGeneratedBy '/Game/Levels/Captain.Captain:PersistentLevel.Captain'
[2017.03.30-03.51.40:218][264]LogBlueprintUserMessages: [Lever_530] I am a Captain Lever
[2017.03.30-03.51.41:733][445]LogBlueprintUserMessages: [Button_422] I am a Captain Button
[2017.03.30-03.51.46:112][970]LogBlueprintUserMessages: Early EndPlayMap Detection: Level '/Game/Levels/Captain.Captain:PersistentLevel' has LevelScriptBlueprint '/Game/Levels/Captain.Captain:PersistentLevel.Captain' with GeneratedClass '/Game/Levels/Captain.Captain_C' with ClassGeneratedBy '/Game/Levels/Captain.Captain:PersistentLevel.Captain'
[2017.03.30-03.51.46:156][970]LogBlueprintUserMessages: Late EndPlayMap Detection: Level '/Game/Levels/Captain.Captain:PersistentLevel' has LevelScriptBlueprint '/Game/Levels/Captain.Captain:PersistentLevel.Captain' with GeneratedClass '/Game/Levels/Captain.Captain_C' with ClassGeneratedBy '/Game/Levels/Captain.Captain:PersistentLevel.Captain'
[2017.03.30-03.51.46:172][970]SocketIOLog: SocketIO disconnected from namespace: /
[2017.03.30-03.51.46:173][970]SocketIOLog: SocketIO disconnected from namespace: /
[2017.03.30-03.51.46:174][970]SocketIOLog: SocketIO disconnected from namespace: /
[2017.03.30-03.51.46:175][970]SocketIOLog: SocketIO disconnected from namespace: /
[2017.03.30-03.51.49:818][397]LogEditorViewport: Clicking on Actor (LMB): Button_C (Button)
[2017.03.30-03.55.34:002][903]LogTemp: Repeting last play command: Selected Viewport
[2017.03.30-03.55.34:016][903]LogBlueprintUserMessages: Early PlayInEditor Detection: Level '/Game/Levels/Captain.Captain:PersistentLevel' has LevelScriptBlueprint '/Game/Levels/Captain.Captain:PersistentLevel.Captain' with GeneratedClass '/Game/Levels/Captain.Captain_C' with ClassGeneratedBy '/Game/Levels/Captain.Captain:PersistentLevel.Captain'
[2017.03.30-03.55.34:016][903]LogPlayLevel: PlayLevel: No blueprints needed recompiling
[2017.03.30-03.55.34:016][903]PIE: New page: PIE session: Captain (Mar 29, 2017, 7:55:34 PM)
[2017.03.30-03.55.34:016][903]LogPlayLevel: Creating play world package: /Game/Levels/UEDPIE_0_Captain
[2017.03.30-03.55.34:020][903]LogPlayLevel: PIE: StaticDuplicateObject took: (0.003983s)
[2017.03.30-03.55.34:021][903]LogAIModule: Creating AISystem for world Captain
[2017.03.30-03.55.34:021][903]LogPlayLevel: PIE: World Init took: (0.000979s)
[2017.03.30-03.55.34:021][903]LogPlayLevel: PIE: Created PIE world by copying editor world from /Game/Levels/Captain.Captain to /Game/Levels/UEDPIE_0_Captain.Captain (0.005278s)
[2017.03.30-03.55.34:044][903]LogInit: XAudio2 using 'Speakers / Headphones (Realtek High Definition Audio)' : 2 channels at 48 kHz using 32 bits per sample (channel mask 0x3)
[2017.03.30-03.55.34:055][903]LogInit: FAudioDevice initialized.
[2017.03.30-03.55.34:085][903]LogLoad: Game class is 'SubmarineGameMode_C'
[2017.03.30-03.55.34:087][903]LogWorld: Bringing World /Game/Levels/UEDPIE_0_Captain.Captain up for play (max tick rate 0) at 2017.03.29-23.55.34
[2017.03.30-03.55.34:132][903]LogWorld: Bringing up level for play took: 0.046334
[2017.03.30-03.55.34:134][903]PIE: Info Play in editor start time for /Game/Levels/UEDPIE_0_Captain 0.833
[2017.03.30-03.55.34:135][903]LogBlueprintUserMessages: Late PlayInEditor Detection: Level '/Game/Levels/Captain.Captain:PersistentLevel' has LevelScriptBlueprint '/Game/Levels/Captain.Captain:PersistentLevel.Captain' with GeneratedClass '/Game/Levels/Captain.Captain_C' with ClassGeneratedBy '/Game/Levels/Captain.Captain:PersistentLevel.Captain'
[2017.03.30-03.55.48:460][615]LogBlueprintUserMessages: Early EndPlayMap Detection: Level '/Game/Levels/Captain.Captain:PersistentLevel' has LevelScriptBlueprint '/Game/Levels/Captain.Captain:PersistentLevel.Captain' with GeneratedClass '/Game/Levels/Captain.Captain_C' with ClassGeneratedBy '/Game/Levels/Captain.Captain:PersistentLevel.Captain'
[2017.03.30-03.55.48:507][615]LogBlueprintUserMessages: Late EndPlayMap Detection: Level '/Game/Levels/Captain.Captain:PersistentLevel' has LevelScriptBlueprint '/Game/Levels/Captain.Captain:PersistentLevel.Captain' with GeneratedClass '/Game/Levels/Captain.Captain_C' with ClassGeneratedBy '/Game/Levels/Captain.Captain:PersistentLevel.Captain'
[2017.03.30-03.55.48:525][615]SocketIOLog: SocketIO disconnected from namespace: /
[2017.03.30-03.55.48:526][615]SocketIOLog: SocketIO disconnected from namespace: /
[2017.03.30-03.55.48:527][615]SocketIOLog: SocketIO disconnected from namespace: /
[2017.03.30-03.55.48:528][615]SocketIOLog: SocketIO disconnected from namespace: /
[2017.03.30-03.55.50:504][846]LogEditorViewport: Clicking on Actor (LMB): Handle_C (Handle)
[2017.03.30-03.55.55:210][404]LogEditorViewport: Clicking on Actor (LMB): Handle_C (Handle)
[2017.03.30-03.55.55:311][414]LogEditorViewport: Clicking on Component (LMB): StaticMeshComponent (Handle)
[2017.03.30-03.55.56:005][492]LogEditorViewport: Clicking on Component (LMB): StaticMeshComponent (Handle)
[2017.03.30-03.55.56:119][504]LogEditorViewport: Clicking on Actor (double click): Handle_C (Handle)
[2017.03.30-03.56.03:906][409]LogMaterial: Missing cached shader map for material Material_0, compiling. 
[2017.03.30-03.56.03:907][409]LogTemp:Display: Added material ShaderMap 0x0000019FBFD8AB00 with Material 0x0000019F8265CB80 to ShaderMapsBeingCompiled
[2017.03.30-03.56.03:913][409]LogTemp:Display: Kicking off shader compilation for Material_0, GameThreadShaderMap 0x0000019FBFD8AB00
[2017.03.30-03.56.03:937][410]LogMaterial: Missing cached shader map for material Material_1, compiling. 
[2017.03.30-03.56.03:938][410]LogMaterial:Warning: Failed to compile Material /Engine/Transient.Material_1 for platform PCD3D_SM5, Default Material will be used in game.
[2017.03.30-03.56.03:938][410]LogMaterial:Warning: 	SceneTexture expressions cannot be used in opaque materials
[2017.03.30-03.56.04:006][411]LogMaterial: Missing cached shader map for material Material_2, compiling. 
[2017.03.30-03.56.04:007][411]LogTemp:Display: Added material ShaderMap 0x0000019FC9C99980 with Material 0x0000019F4C70AC80 to ShaderMapsBeingCompiled
[2017.03.30-03.56.04:010][411]LogTemp:Display: Kicking off shader compilation for Material_2, GameThreadShaderMap 0x0000019FC9C99980
[2017.03.30-03.56.04:765][478]LogTemp:Display: Finished compile of shader map 0x0000019FBFD8AB00
[2017.03.30-03.56.04:765][478]LogTemp:Display: Shader map Material_0 complete, GameThreadShaderMap 0x0000019FBFD8AB00, marking material Material_0 as finished
[2017.03.30-03.56.04:765][478]LogTemp:Display: Marking material as finished 0x0000019F8265CB80
[2017.03.30-03.56.04:786][480]LogTemp:Display: Finished compile of shader map 0x0000019FC9C99980
[2017.03.30-03.56.04:787][480]LogTemp:Display: Shader map Material_2 complete, GameThreadShaderMap 0x0000019FC9C99980, marking material Material_2 as finished
[2017.03.30-03.56.04:787][480]LogTemp:Display: Marking material as finished 0x0000019F4C70AC80
[2017.03.30-03.56.09:080][970]LogMaterial: Missing cached shader map for material Chopper_Mat, compiling. 
[2017.03.30-03.56.09:081][970]LogTemp:Display: Added material ShaderMap 0x0000019F9B705980 with Material 0x0000019F4F8EFE80 to ShaderMapsBeingCompiled
[2017.03.30-03.56.09:100][970]LogTemp:Display: Kicking off shader compilation for Chopper_Mat, GameThreadShaderMap 0x0000019F9B705980
[2017.03.30-03.56.09:111][970]LogMaterial:Warning: Material /Game/Assets/Chopper_Mat.Chopper_Mat needed to have new flag set bUsedWithStaticLighting !
[2017.03.30-03.56.09:114][970]LogMaterial: Missing cached shader map for material Chopper_Mat, compiling. 
[2017.03.30-03.56.09:115][970]LogTemp:Display: Added material ShaderMap 0x0000019FCABEE080 with Material 0x0000019F4F8EFE80 to ShaderMapsBeingCompiled
[2017.03.30-03.56.09:145][970]LogTemp:Display: Kicking off shader compilation for Chopper_Mat, GameThreadShaderMap 0x0000019FCABEE080
[2017.03.30-03.56.09:145][970]LogMaterial: 0.00 seconds spent updating 1 materials, 1 interfaces, 0 instances, 0 with static permutations.
[2017.03.30-03.56.10:795][ 99]Cmd: TRANSACTION UNDO
[2017.03.30-03.56.10:795][ 99]LogEditorTransaction: Undo Create Actors
[2017.03.30-03.56.11:404][138]LogTemp:Display: Finished compile of shader map 0x0000019F9B705980
[2017.03.30-03.56.11:404][138]LogTemp:Display: Shader map Chopper_Mat complete, GameThreadShaderMap 0x0000019F9B705980, marking material Chopper_Mat as finished
[2017.03.30-03.56.11:404][138]LogTemp:Display: Marking material as finished 0x0000019F4F8EFE80
[2017.03.30-03.56.12:730][246]LogTemp:Display: Finished compile of shader map 0x0000019FCABEE080
[2017.03.30-03.56.12:730][246]LogTemp:Display: Shader map Chopper_Mat complete, GameThreadShaderMap 0x0000019FCABEE080, marking material Chopper_Mat as finished
[2017.03.30-03.56.12:730][246]LogTemp:Display: Marking material as finished 0x0000019F4F8EFE80
[2017.03.30-03.56.14:598][445]LogMaterial: Missing cached shader map for material Brass_Mat, compiling. 
[2017.03.30-03.56.14:598][445]LogTemp:Display: Added material ShaderMap 0x0000019F9810B900 with Material 0x0000019F8BA31000 to ShaderMapsBeingCompiled
[2017.03.30-03.56.14:608][445]LogTemp:Display: Kicking off shader compilation for Brass_Mat, GameThreadShaderMap 0x0000019F9810B900
[2017.03.30-03.56.14:618][445]LogMaterial:Warning: Material /Game/Assets/Brass_Mat.Brass_Mat needed to have new flag set bUsedWithStaticLighting !
[2017.03.30-03.56.14:620][445]LogMaterial: Missing cached shader map for material Brass_Mat, compiling. 
[2017.03.30-03.56.14:621][445]LogTemp:Display: Added material ShaderMap 0x0000019F679ABC80 with Material 0x0000019F8BA31000 to ShaderMapsBeingCompiled
[2017.03.30-03.56.14:637][445]LogTemp:Display: Kicking off shader compilation for Brass_Mat, GameThreadShaderMap 0x0000019F679ABC80
[2017.03.30-03.56.14:637][445]LogMaterial: 0.00 seconds spent updating 1 materials, 1 interfaces, 0 instances, 0 with static permutations.
[2017.03.30-03.56.16:141][558]Cmd: TRANSACTION UNDO
[2017.03.30-03.56.16:141][558]LogEditorTransaction: Undo Create Actors
[2017.03.30-03.56.16:474][578]LogTemp:Display: Finished compile of shader map 0x0000019F9810B900
[2017.03.30-03.56.16:474][578]LogTemp:Display: Shader map Brass_Mat complete, GameThreadShaderMap 0x0000019F9810B900, marking material Brass_Mat as finished
[2017.03.30-03.56.16:474][578]LogTemp:Display: Marking material as finished 0x0000019F8BA31000
[2017.03.30-03.56.17:605][678]LogTemp:Display: Finished compile of shader map 0x0000019F679ABC80
[2017.03.30-03.56.17:605][678]LogTemp:Display: Shader map Brass_Mat complete, GameThreadShaderMap 0x0000019F679ABC80, marking material Brass_Mat as finished
[2017.03.30-03.56.17:605][678]LogTemp:Display: Marking material as finished 0x0000019F8BA31000
[2017.03.30-03.56.44:383][695]LogMaterial: Missing cached shader map for material Brass_Mat2, compiling. 
[2017.03.30-03.56.44:384][695]LogTemp:Display: Added material ShaderMap 0x0000019F64DF0100 with Material 0x0000019F8FD75600 to ShaderMapsBeingCompiled
[2017.03.30-03.56.44:394][695]LogTemp:Display: Kicking off shader compilation for Brass_Mat2, GameThreadShaderMap 0x0000019F64DF0100
[2017.03.30-03.56.46:234][863]LogTemp:Display: Finished compile of shader map 0x0000019F64DF0100
[2017.03.30-03.56.46:234][863]LogTemp:Display: Shader map Brass_Mat2 complete, GameThreadShaderMap 0x0000019F64DF0100, marking material Brass_Mat2 as finished
[2017.03.30-03.56.46:234][863]LogTemp:Display: Marking material as finished 0x0000019F8FD75600
[2017.03.30-03.56.51:263][421]LogMaterial: Missing cached shader map for material Chopper_Mat2, compiling. 
[2017.03.30-03.56.51:263][421]LogTemp:Display: Added material ShaderMap 0x0000019FCD516400 with Material 0x0000019FCA578E80 to ShaderMapsBeingCompiled
[2017.03.30-03.56.51:274][421]LogTemp:Display: Kicking off shader compilation for Chopper_Mat2, GameThreadShaderMap 0x0000019FCD516400
[2017.03.30-03.56.52:817][564]LogTemp:Display: Finished compile of shader map 0x0000019FCD516400
[2017.03.30-03.56.52:817][564]LogTemp:Display: Shader map Chopper_Mat2 complete, GameThreadShaderMap 0x0000019FCD516400, marking material Chopper_Mat2 as finished
[2017.03.30-03.56.52:817][564]LogTemp:Display: Marking material as finished 0x0000019FCA578E80
[2017.03.30-03.56.59:149][286]LogTemp: Repeting last play command: Selected Viewport
[2017.03.30-03.56.59:162][286]LogBlueprintUserMessages: Early PlayInEditor Detection: Level '/Game/Levels/Captain.Captain:PersistentLevel' has LevelScriptBlueprint '/Game/Levels/Captain.Captain:PersistentLevel.Captain' with GeneratedClass '/Game/Levels/Captain.Captain_C' with ClassGeneratedBy '/Game/Levels/Captain.Captain:PersistentLevel.Captain'
[2017.03.30-03.56.59:162][286]LogPlayLevel: PlayLevel: No blueprints needed recompiling
[2017.03.30-03.56.59:162][286]PIE: New page: PIE session: Captain (Mar 29, 2017, 7:56:59 PM)
[2017.03.30-03.56.59:162][286]LogPlayLevel: Creating play world package: /Game/Levels/UEDPIE_0_Captain
[2017.03.30-03.56.59:166][286]LogPlayLevel: PIE: StaticDuplicateObject took: (0.003830s)
[2017.03.30-03.56.59:167][286]LogAIModule: Creating AISystem for world Captain
[2017.03.30-03.56.59:167][286]LogPlayLevel: PIE: World Init took: (0.000801s)
[2017.03.30-03.56.59:167][286]LogPlayLevel: PIE: Created PIE world by copying editor world from /Game/Levels/Captain.Captain to /Game/Levels/UEDPIE_0_Captain.Captain (0.004907s)
[2017.03.30-03.56.59:192][286]LogInit: XAudio2 using 'Speakers / Headphones (Realtek High Definition Audio)' : 2 channels at 48 kHz using 32 bits per sample (channel mask 0x3)
[2017.03.30-03.56.59:203][286]LogInit: FAudioDevice initialized.
[2017.03.30-03.56.59:233][286]LogLoad: Game class is 'SubmarineGameMode_C'
[2017.03.30-03.56.59:235][286]LogWorld: Bringing World /Game/Levels/UEDPIE_0_Captain.Captain up for play (max tick rate 0) at 2017.03.29-23.56.59
[2017.03.30-03.56.59:278][286]LogWorld: Bringing up level for play took: 0.044305
[2017.03.30-03.56.59:280][286]PIE: Info Play in editor start time for /Game/Levels/UEDPIE_0_Captain -0.021
[2017.03.30-03.56.59:280][286]LogBlueprintUserMessages: Late PlayInEditor Detection: Level '/Game/Levels/Captain.Captain:PersistentLevel' has LevelScriptBlueprint '/Game/Levels/Captain.Captain:PersistentLevel.Captain' with GeneratedClass '/Game/Levels/Captain.Captain_C' with ClassGeneratedBy '/Game/Levels/Captain.Captain:PersistentLevel.Captain'
[2017.03.30-03.57.06:977][205]LogBlueprintUserMessages: Early EndPlayMap Detection: Level '/Game/Levels/Captain.Captain:PersistentLevel' has LevelScriptBlueprint '/Game/Levels/Captain.Captain:PersistentLevel.Captain' with GeneratedClass '/Game/Levels/Captain.Captain_C' with ClassGeneratedBy '/Game/Levels/Captain.Captain:PersistentLevel.Captain'
[2017.03.30-03.57.07:023][205]LogBlueprintUserMessages: Late EndPlayMap Detection: Level '/Game/Levels/Captain.Captain:PersistentLevel' has LevelScriptBlueprint '/Game/Levels/Captain.Captain:PersistentLevel.Captain' with GeneratedClass '/Game/Levels/Captain.Captain_C' with ClassGeneratedBy '/Game/Levels/Captain.Captain:PersistentLevel.Captain'
[2017.03.30-03.57.07:041][205]SocketIOLog: SocketIO disconnected from namespace: /
