Log file open, 03/29/17 22:46:58
LogInit:Display: Running engine for game: Submariner
LogPlatformFile: Not using cached read wrapper
LogInit:Display: RandInit(1230125264) SRandInit(1230125264).
LogTaskGraph: Started task graph with 5 named threads and 8 total threads with 1 sets of task threads.
LogStats: Stats thread started at 0.088524
LogInit: Using libcurl 7.47.1
LogInit:  - built for x86_64-pc-win32
LogInit:  - supports SSL with OpenSSL/1.0.2g
LogInit:  - supports HTTP deflate (compression) using libz 1.2.8
LogInit:  - other features:
LogInit:      CURL_VERSION_SSL
LogInit:      CURL_VERSION_LIBZ
LogInit:      CURL_VERSION_IPV6
LogInit:      CURL_VERSION_ASYNCHDNS
LogInit:      CURL_VERSION_LARGEFILE
LogInit:      CURL_VERSION_IDN
LogInit:  CurlRequestOptions (configurable via config and command line):
LogInit:  - bVerifyPeer = false  - Libcurl will NOT verify peer certificate
LogInit:  - bUseHttpProxy = false  - Libcurl will NOT use HTTP proxy
LogInit:  - bDontReuseConnections = false  - Libcurl will reuse connections
LogInit:  - CertBundlePath = nullptr  - Libcurl will use whatever was configured at build time.
OCULUS: Info: [CAPI] LibOVR module is located at C:\Program Files\Oculus\Support\oculus-runtime\LibOVRRT64_1.dll
OCULUS: Debug: Connected to the server running version (prod = 1).1.10.2(build = 321138) feature version = 0. Client runs version (prod = 1).1.10.2(build = 321138) feature version = 0
LogHMD: GearVR: Emulating GearVR using Oculus Rift!
LogInit: Build: ++UE4+Release-4.15-CL-3348071
LogInit: Engine Version: 4.15.1-3348071+++UE4+Release-4.15
LogInit: Compatible Engine Version: 4.15.0-3299760+++UE4+Release-4.15
LogInit: Net CL: 3299760
LogDevObjectVersion: Number of dev versions registered: 14
LogDevObjectVersion:   Dev-Blueprints (B0D832E4-1F89-4F0D-ACCF-7EB736FD4AA2): 8
LogDevObjectVersion:   Dev-Build (E1C64328-A22C-4D53-A36C-8E866417BD8C): 0
LogDevObjectVersion:   Dev-Core (375EC13C-06E4-48FB-B500-84F0262A717E): 2
LogDevObjectVersion:   Dev-Editor (E4B068ED-F494-42E9-A231-DA0B2E46BB41): 14
LogDevObjectVersion:   Dev-Framework (CFFC743F-43B0-4480-9391-14DF171D2073): 22
LogDevObjectVersion:   Dev-Mobile (B02B49B5-BB20-44E9-A304-32B752E40360): 0
LogDevObjectVersion:   Dev-Networking (A4E4105C-59A1-49B5-A7C5-40C4547EDFEE): 0
LogDevObjectVersion:   Dev-Online (39C831C9-5AE6-47DC-9A44-9C173E1C8E7C): 0
LogDevObjectVersion:   Dev-Physics (78F01B33-EBEA-4F98-B9B4-84EACCB95AA2): 0
LogDevObjectVersion:   Dev-Platform (6631380F-2D4D-43E0-8009-CF276956A95A): 0
LogDevObjectVersion:   Dev-Rendering (12F88B9F-8875-4AFC-A67C-D90C383ABD29): 12
LogDevObjectVersion:   Dev-Sequencer (7B5AE74C-D270-4C10-A958-57980B212A5A): 3
LogDevObjectVersion:   Dev-VR (D7296918-1DD6-4BDD-9DE2-64A83CC13884): 0
LogDevObjectVersion:   Dev-LoadTimes (C2A15278-BFE7-4AFE-6C17-90FF531DF755): 1
LogInit: Compiled (64-bit): Mar 15 2017 16:52:47
LogInit: Compiled with Visual C++: 19.00.23026.00
LogInit: Build Configuration: Development
LogInit: Branch Name: ++UE4+Release-4.15
LogInit: Command line: -EpicPortal 
LogInit: Base directory: C:/Program Files/Epic Games/UE_4.15/Engine/Binaries/Win64/
LogInit: Installed Engine Build: 1
LogInit: Presizing for max 8388607 objects, including 0 objects not considered by GC, pre-allocating 0 bytes for permanent pool.
LogInit: Object subsystem initialized
[2017.03.30-02.47.00:427][  0]LogInit: Selected Device Profile: [Windows]
[2017.03.30-02.47.00:427][  0]LogInit: Applying CVar settings loaded from the selected device profile: [Windows]
[2017.03.30-02.47.00:437][  0]LogInit: Computer: SIGLAB-VR5
[2017.03.30-02.47.00:437][  0]LogInit: User: SIG
[2017.03.30-02.47.00:437][  0]LogInit: CPU Page size=65536, Cores=4
[2017.03.30-02.47.00:437][  0]LogInit: High frequency timer resolution =3.604932 MHz
[2017.03.30-02.47.00:437][  0]LogMemory: Memory total: Physical=31.9GB (32GB approx)
[2017.03.30-02.47.00:437][  0]LogMemory: Platform Memory Stats for Windows
[2017.03.30-02.47.00:437][  0]LogMemory: Process Physical Memory: 273.69 MB used, 273.69 MB peak
[2017.03.30-02.47.00:437][  0]LogMemory: Process Virtual Memory: 270.30 MB used, 270.30 MB peak
[2017.03.30-02.47.00:437][  0]LogMemory: Physical Memory: 11082.32 MB used,  21607.98 MB free, 32690.30 MB total
[2017.03.30-02.47.00:437][  0]LogMemory: Virtual Memory: 701.92 MB used,  21607.98 MB free, 134217728.00 MB total
[2017.03.30-02.47.00:512][  0]LogTextLocalizationManager: No specific translations for ('en-US') exist, so ('en') translations will be used.
[2017.03.30-02.47.01:042][  0]LogD3D11RHI: D3D11 adapters:
[2017.03.30-02.47.01:075][  0]LogD3D11RHI:    0. 'NVIDIA GeForce GTX 1070' (Feature Level 11_0)
[2017.03.30-02.47.01:075][  0]LogD3D11RHI:       8120/0/16345 MB DedicatedVideo/DedicatedSystem/SharedSystem, Outputs:2, VendorId:0x10de
[2017.03.30-02.47.01:077][  0]LogD3D11RHI:    1. 'Microsoft Basic Render Driver' (Feature Level 11_0)
[2017.03.30-02.47.01:077][  0]LogD3D11RHI:       0/0/16345 MB DedicatedVideo/DedicatedSystem/SharedSystem, Outputs:0, VendorId:0x1414
[2017.03.30-02.47.01:077][  0]LogD3D11RHI: Chosen D3D11 Adapter: 0
[2017.03.30-02.47.01:083][  0]LogD3D11RHI: Creating new Direct3DDevice
[2017.03.30-02.47.01:083][  0]LogD3D11RHI:     GPU DeviceId: 0x1b81 (for the marketing name, search the web for "GPU Device Id")
[2017.03.30-02.47.01:083][  0]LogWindows: EnumDisplayDevices:
[2017.03.30-02.47.01:083][  0]LogWindows:    0. 'NVIDIA GeForce GTX 1070' (P:0 D:1)
[2017.03.30-02.47.01:083][  0]LogWindows:    1. 'NVIDIA GeForce GTX 1070' (P:1 D:1)
[2017.03.30-02.47.01:084][  0]LogWindows:    2. 'NVIDIA GeForce GTX 1070' (P:0 D:0)
[2017.03.30-02.47.01:084][  0]LogWindows:    3. 'NVIDIA GeForce GTX 1070' (P:0 D:0)
[2017.03.30-02.47.01:084][  0]LogWindows: DebugString: FoundDriverCount:4 
[2017.03.30-02.47.01:084][  0]LogD3D11RHI:     Adapter Name: NVIDIA GeForce GTX 1070
[2017.03.30-02.47.01:084][  0]LogD3D11RHI:   Driver Version: 378.49 (internal:21.21.13.7849, unified:378.49)
[2017.03.30-02.47.01:084][  0]LogD3D11RHI:      Driver Date: 1-20-2017
[2017.03.30-02.47.01:084][  0]LogRHI: Texture pool is 1361 MB (70% of 1945 MB)
[2017.03.30-02.47.01:097][  0]LogD3D11RHI: Async texture creation enabled
[2017.03.30-02.47.01:107][  0]LogD3D11RHI: GPU Timing Frequency: 1000.000000 (Debug: 2 1)
[2017.03.30-02.47.01:196][  0]LogShaderCompilers: Guid format shader working directory is -19 characters bigger than the processId version (../../../../../../Users/SIG/Downloads/final-project-submariner/Intermediate/Shaders/WorkingDirectory/14188/).
[2017.03.30-02.47.01:196][  0]LogShaderCompilers: Cleaned the shader compiler working directory 'C:/Users/SIG/AppData/Local/Temp/UnrealShaderWorkingDir/243600D140AB1D64607E0AACF134EA94/'.
[2017.03.30-02.47.01:196][  0]LogShaderCompilers:Display: Using Local Shader Compiler.
[2017.03.30-02.47.02:182][  0]LogTemp:Display: Loaded TP AllDesktopTargetPlatform
[2017.03.30-02.47.02:234][  0]LogTemp:Display: Loaded TP MacClientTargetPlatform
[2017.03.30-02.47.02:287][  0]LogTemp:Display: Loaded TP MacNoEditorTargetPlatform
[2017.03.30-02.47.02:342][  0]LogTemp:Display: Loaded TP MacServerTargetPlatform
[2017.03.30-02.47.02:394][  0]LogTemp:Display: Loaded TP MacTargetPlatform
[2017.03.30-02.47.02:444][  0]LogTemp:Display: Loaded TP WindowsClientTargetPlatform
[2017.03.30-02.47.02:498][  0]LogTemp:Display: Loaded TP WindowsNoEditorTargetPlatform
[2017.03.30-02.47.02:552][  0]LogTemp:Display: Loaded TP WindowsServerTargetPlatform
[2017.03.30-02.47.02:601][  0]LogTemp:Display: Loaded TP WindowsTargetPlatform
[2017.03.30-02.47.02:659][  0]LogTemp:Display: Loaded TP AndroidTargetPlatform
[2017.03.30-02.47.02:714][  0]LogTemp:Display: Loaded TP Android_ASTCTargetPlatform
[2017.03.30-02.47.02:766][  0]LogTemp:Display: Loaded TP Android_ATCTargetPlatform
[2017.03.30-02.47.02:818][  0]LogTemp:Display: Loaded TP Android_DXTTargetPlatform
[2017.03.30-02.47.02:883][  0]LogTemp:Display: Loaded TP Android_ETC1TargetPlatform
[2017.03.30-02.47.02:938][  0]LogTemp:Display: Loaded TP Android_ETC2TargetPlatform
[2017.03.30-02.47.03:039][  0]LogTemp:Display: Loaded TP Android_MultiTargetPlatform
[2017.03.30-02.47.03:039][  0]LogTemp:Display: Loaded TP Android_PVRTCTargetPlatform
[2017.03.30-02.47.03:076][  0]LogTemp:Display: Loaded TP HTML5TargetPlatform
[2017.03.30-02.47.03:169][  0]LogTemp:Display: Loaded TP IOSTargetPlatform
[2017.03.30-02.47.03:201][  0]LogTemp:Display: Loaded TP TVOSTargetPlatform
[2017.03.30-02.47.03:250][  0]LogTemp:Display: Loaded TP LinuxClientTargetPlatform
[2017.03.30-02.47.03:300][  0]LogTemp:Display: Loaded TP LinuxNoEditorTargetPlatform
[2017.03.30-02.47.03:359][  0]LogTemp:Display: Loaded TP LinuxServerTargetPlatform
[2017.03.30-02.47.03:412][  0]LogTemp:Display: Loaded TP LinuxTargetPlatform
[2017.03.30-02.47.03:412][  0]LogTargetPlatformManager:Display: Building Assets For Windows
[2017.03.30-02.47.03:833][  0]LogDerivedDataCache:Display: Max Cache Size: 512 MB
[2017.03.30-02.47.03:888][  0]LogDerivedDataCache: Loaded boot cache 0.05s 50MB C:/Users/SIG/AppData/Local/UnrealEngine/4.15/DerivedDataCache/Boot.ddc.
[2017.03.30-02.47.03:888][  0]LogDerivedDataCache:Display: Loaded Boot cache: C:/Users/SIG/AppData/Local/UnrealEngine/4.15/DerivedDataCache/Boot.ddc
[2017.03.30-02.47.03:888][  0]LogDerivedDataCache: FDerivedDataBackendGraph:  Pak pak cache file ../../../../../../Users/SIG/Downloads/final-project-submariner/DerivedDataCache/DDC.ddp not found, will not use a pak cache.
[2017.03.30-02.47.03:888][  0]LogDerivedDataCache: Unable to find inner node Pak for hierarchical cache Hierarchy.
[2017.03.30-02.47.03:888][  0]LogDerivedDataCache: FDerivedDataBackendGraph:  CompressedPak pak cache file ../../../../../../Users/SIG/Downloads/final-project-submariner/DerivedDataCache/Compressed.ddp not found, will not use a pak cache.
[2017.03.30-02.47.03:888][  0]LogDerivedDataCache: Unable to find inner node CompressedPak for hierarchical cache Hierarchy.
[2017.03.30-02.47.03:903][  0]LogDerivedDataCache:Display: Pak cache opened for reading ../../../Engine/DerivedDataCache/Compressed.ddp.
[2017.03.30-02.47.03:916][  0]LogDerivedDataCache: Using Local data cache path C:/Users/SIG/AppData/Local/UnrealEngine/Common/DerivedDataCache: Writable
[2017.03.30-02.47.03:924][  0]LogSlate: Using Freetype 2.6.0
[2017.03.30-02.47.03:925][  0]LogSlate: SlateFontCache - WITH_FREETYPE: 1, WITH_HARFBUZZ: 1
[2017.03.30-02.47.03:925][  0]LogSlate: SlateFontCache - WITH_FREETYPE: 1, WITH_HARFBUZZ: 1
[2017.03.30-02.47.04:005][  0]LogModuleManager:Warning: Found module file ../../../../../../Users/SIG/Downloads/final-project-submariner/Plugins/socketio-client-ue4/Binaries/Win64/UE4Editor-SIOJPlugin.dll (API version 3106830), but it was incompatible with the current engine API version (3299760). This is likely a stale module that must be recompiled.
[2017.03.30-02.47.04:174][  0]LogInit: Selected Device Profile: [Windows]
[2017.03.30-02.47.04:177][  0]LogContentStreaming: Texture pool size is 0.00 MB
[2017.03.30-02.47.04:371][  0]LogMeshUtilities: Using QuadricMeshReduction for automatic static mesh reduction
[2017.03.30-02.47.04:413][  0]LogSimplygon: Simplygon DLL not present - disabling.
[2017.03.30-02.47.04:457][  0]LogMeshUtilities: Using SimplygonSwarm for distributed automatic mesh merging
[2017.03.30-02.47.04:457][  0]LogMeshUtilities: No automatic skeletal mesh reduction module available
[2017.03.30-02.47.04:457][  0]LogMeshUtilities: No automatic mesh merging module available
[2017.03.30-02.47.04:957][  0]LogNetVersion: GetLocalNetworkVersion: CL: 3299760, ProjectName: submariner, ProjectVersion: , EngineNetworkVersion: 2, GameNetworkVersion: 0, NetworkChecksum: 2308320845
[2017.03.30-02.47.05:004][  0]LogAssetRegistry: FAssetRegistry took 0.0220 seconds to start up
[2017.03.30-02.47.05:048][  0]LogPackageLocalizationCache: Processed 3 localized package path(s) for 2 prioritized culture(s) in 0.024599 seconds
[2017.03.30-02.47.05:054][  0]LogUObjectArray: 32493 objects as part of root set at end of initial load.
[2017.03.30-02.47.05:054][  0]LogUObjectAllocator: 7077024 out of 0 bytes used by permanent object pool.
[2017.03.30-02.47.05:054][  0]LogUObjectArray: CloseDisregardForGC: 0/0 objects in disregard for GC pool
[2017.03.30-02.47.05:111][  0]LogInit: WinSock: version 1.1 (2.2), MaxSocks=32767, MaxUdp=65467
[2017.03.30-02.47.06:556][  0]LogTcpMessaging: Initializing TcpMessaging bridge
[2017.03.30-02.47.06:596][  0]LogUdpMessaging: Initializing bridge on interface 0.0.0.0:0 to multicast group 230.0.0.1:6666.
[2017.03.30-02.47.07:058][  0]LogMaterial: Uniform references updated for custom material expression Custom.
[2017.03.30-02.47.07:425][  0]SourceControl: Info Source control is disabled
[2017.03.30-02.47.07:452][  0]SourceControl: Info Source control is disabled
[2017.03.30-02.47.07:496][  0]SourceControl: Info Source control is disabled
[2017.03.30-02.47.07:539][  0]SourceControl: Info Source control is disabled
[2017.03.30-02.47.08:768][  0]LogEngine: Initializing Engine...
[2017.03.30-02.47.08:792][  0]LogHMD: Failed to initialize OpenVR with code 108
[2017.03.30-02.47.08:792][  0]LogHMD: Oculus plugin initialized. Version: 4.15.1-3348071+++UE4+Release-4.15, LibOVR: 1.10.2, SDK: 1.10.0, built Mar 15 2017, 16:59:09
[2017.03.30-02.47.09:008][  0]LogAIModule: Creating AISystem for world Untitled
[2017.03.30-02.47.09:017][  0]LogInit: XAudio2 using 'Speakers / Headphones (Realtek High Definition Audio)' : 2 channels at 48 kHz using 32 bits per sample (channel mask 0x3)
[2017.03.30-02.47.09:030][  0]LogInit: FAudioDevice initialized.
[2017.03.30-02.47.09:057][  0]LogDerivedDataCache: Saved boot cache 0.03s 50MB C:/Users/SIG/AppData/Local/UnrealEngine/4.15/DerivedDataCache/Boot.ddc.
[2017.03.30-02.47.09:067][  0]LogInit: Texture streaming: Enabled
[2017.03.30-02.47.09:157][  0]LogEngineSessionManager: EngineSessionManager initialized
[2017.03.30-02.47.09:242][  0]LogInit: Transaction tracking system initialized
[2017.03.30-02.47.09:569][  0]BlueprintLog: New page: Editor Load
[2017.03.30-02.47.10:421][  0]LocalizationService: Info Localization service is disabled
[2017.03.30-02.47.11:057][  0]LogConsoleResponse:Display: 
[2017.03.30-02.47.11:169][  0]LogCook:Display: Max memory allowance for cook 16384mb min free memory 0mb
[2017.03.30-02.47.11:169][  0]LogCook:Display: Mobile HDR setting 1
[2017.03.30-02.47.11:411][  0]LogFileCache: Scanning file cache for directory 'C:/Users/SIG/Downloads/final-project-submariner/Content/' took 0.01s
[2017.03.30-02.47.12:135][  0]SourceControl: Info Source control is disabled
[2017.03.30-02.47.12:135][  0]Cmd: MAP LOAD FILE="../../../../../../Users/SIG/Downloads/final-project-submariner/Content/Levels/Captain.umap" TEMPLATE=0 SHOWPROGRESS=1 FEATURELEVEL=3
[2017.03.30-02.47.12:136][  0]LightingResults: New page: Lighting Build
[2017.03.30-02.47.12:175][  0]MapCheck: New page: Map Check
[2017.03.30-02.47.12:175][  0]LightingResults: New page: Lighting Build
[2017.03.30-02.47.12:328][  0]LogLinker:Warning: Asset '../../../../../../Users/SIG/Downloads/final-project-submariner/Content/Materials/PP_Outliner_M.uasset' has been saved with empty engine version. The asset will be loaded but may be incompatible.
[2017.03.30-02.47.12:330][  0]LogLinker:Warning: Asset '../../../../../../Users/SIG/Downloads/final-project-submariner/Content/Materials/MF_ConvolveTexture.uasset' has been saved with empty engine version. The asset will be loaded but may be incompatible.
[2017.03.30-02.47.12:331][  0]LogLinker:Warning: Asset '../../../../../../Users/SIG/Downloads/final-project-submariner/Content/Materials/MF_ExtractDepth.uasset' has been saved with empty engine version. The asset will be loaded but may be incompatible.
[2017.03.30-02.47.12:332][  0]LogLinker:Warning: Asset '../../../../../../Users/SIG/Downloads/final-project-submariner/Content/Materials/MF_SampleSceneTextureNeighbourUVs.uasset' has been saved with empty engine version. The asset will be loaded but may be incompatible.
[2017.03.30-02.47.12:450][  0]LogTexture:Display: Building textures: HQ_Lightmap0_1 (AutoDXT, 1024X1024) - 48 MB total VRAM
[2017.03.30-02.47.12:507][  0]LogTexture:Display: Building textures: HQ_Lightmap0_2 (AutoDXT, 64X64) - 48 MB total VRAM
[2017.03.30-02.47.12:519][  0]LogTexture:Display: Building textures: LQ_Lightmap_0_1 (DXT1, 1024X1024) - 48 MB total VRAM
[2017.03.30-02.47.12:558][  0]LogTexture:Display: Building textures: LQ_Lightmap_0_2 (DXT1, 64X64) - 48 MB total VRAM
[2017.03.30-02.47.12:566][  0]LogTexture:Display: Building textures: SkyOcclusion0_1 (AutoDXT, 1024X512) - 48 MB total VRAM
[2017.03.30-02.47.12:596][  0]LogTexture:Display: Building textures: SkyOcclusion0_2 (AutoDXT, 64X32) - 48 MB total VRAM
[2017.03.30-02.47.12:615][  0]LogAIModule: Creating AISystem for world Captain
[2017.03.30-02.47.12:639][  0]LogEditorServer: Finished looking for orphan Actors (0.000 secs)
[2017.03.30-02.47.12:639][  0]Cmd: MAP CHECKDEP NOCLEARLOG
[2017.03.30-02.47.12:680][  0]MapCheck: Info Map check complete: 0 Error(s), 0 Warning(s), took 40.46ms to complete.
[2017.03.30-02.47.12:680][  0]LogFileHelpers: Loading map 'Captain' took 0.544
[2017.03.30-02.47.12:751][  0]LogWindowsTextInputMethodSystem:Display: IME system now deactivated.
[2017.03.30-02.47.12:854][  0]LogCollectionManager: Loaded 0 collections in 0.001396 seconds
[2017.03.30-02.47.12:934][  0]LogFileCache: Scanning file cache for directory 'C:/Users/SIG/Downloads/final-project-submariner/Saved/Collections/' took 0.01s
[2017.03.30-02.47.12:934][  0]LogFileCache: Scanning file cache for directory 'C:/Users/SIG/Downloads/final-project-submariner/Content/Developers/SIG/Collections/' took 0.01s
[2017.03.30-02.47.12:934][  0]LogFileCache: Scanning file cache for directory 'C:/Users/SIG/Downloads/final-project-submariner/Content/Collections/' took 0.01s
[2017.03.30-02.47.12:934][  0]LogCollectionManager: Rebuilt the GUID cache for 0 collections in 0.000002 seconds
[2017.03.30-02.47.12:941][  0]LogContentBrowser: Native class hierarchy populated in 0.0076 seconds. Added 2253 classes and 460 folders.
[2017.03.30-02.47.12:944][  0]LogStats: UGameplayTagsManager::ConstructGameplayTagTree: Construct from data asset -  0.000 s
[2017.03.30-02.47.12:944][  0]LogStats: UGameplayTagsManager::ConstructGameplayTagTree: GameplayTagTreeChangedEvent.Broadcast -  0.000 s
[2017.03.30-02.47.13:004][  0]LogContentBrowser: Native class hierarchy updated for 'WidgetCarousel' in 0.0005 seconds. Added 0 classes and 0 folders.
[2017.03.30-02.47.13:035][  0]LogContentBrowser: Native class hierarchy updated for 'AddContentDialog' in 0.0005 seconds. Added 0 classes and 0 folders.
[2017.03.30-02.47.13:078][  0]LogContentBrowser: Native class hierarchy updated for 'SceneOutliner' in 0.0005 seconds. Added 1 classes and 2 folders.
[2017.03.30-02.47.13:124][  0]LogCrashTracker: Crashtracker disabled due to settings.
[2017.03.30-02.47.13:132][  0]LogUObjectGlobals:Warning: Failed to find object 'Class None.'
[2017.03.30-02.47.13:201][  0]LogContentBrowser: Native class hierarchy updated for 'HierarchicalLODOutliner' in 0.0005 seconds. Added 1 classes and 2 folders.
[2017.03.30-02.47.13:201][  0]LogLoad: (Engine Initialization) Total time: 15.37 seconds
[2017.03.30-02.47.13:201][  0]LogLoad: (Engine Initialization) Total Blueprint compile time: 0.10 seconds
[2017.03.30-02.47.13:201][  0]LogExternalProfiler: Found external profiler: VSPerf
[2017.03.30-02.47.13:201][  0]LogExternalProfiler: Using external profiler: VSPerf
[2017.03.30-02.47.13:210][  0]LogOcInput: OculusInput pre-init called
[2017.03.30-02.47.13:220][  0]LogOcInput: OculusInput is initialized. Init status 0. Runtime version: 1.10.2
[2017.03.30-02.47.13:252][  0]LogContentStreaming: Texture pool size now 1000 MB
[2017.03.30-02.47.13:253][  0]LogSlate: Took 0.000280 seconds to synchronously load lazily loaded font '../../../Engine/Content/Slate/Fonts/Roboto-Regular.ttf' (155K)
[2017.03.30-02.47.13:256][  0]LogSlate: Took 0.000292 seconds to synchronously load lazily loaded font '../../../Engine/Content/Slate/Fonts/Roboto-Bold.ttf' (160K)
[2017.03.30-02.47.13:261][  0]LogSlate: Took 0.000227 seconds to synchronously load lazily loaded font '../../../Engine/Content/Editor/Slate/Fonts/FontAwesome.ttf' (139K)
[2017.03.30-02.47.13:370][  0]LogSlate: Took 0.000209 seconds to synchronously load lazily loaded font '../../../Engine/Content/Slate/Fonts/Roboto-Light.ttf' (159K)
[2017.03.30-02.47.13:409][  0]LogRenderer: Reallocating scene render targets to support 1208x580 NumSamples 1 (Frame:2).
[2017.03.30-02.47.13:458][  1]LogFileCache: Retrieving MD5 hashes for directory 'C:/Users/SIG/Downloads/final-project-submariner/Content/' took 0.23s
[2017.03.30-02.47.13:477][  1]LogAssetRegistry: Asset discovery search completed in 8.4951 seconds
[2017.03.30-02.47.13:477][  1]LogCollectionManager: Rebuilt the object cache for 0 collections in 0.000004 seconds (found 0 objects)
[2017.03.30-02.47.13:477][  1]LogCollectionManager: Fixed up redirectors for 0 collections in 0.000032 seconds (updated 0 objects)
[2017.03.30-02.47.14:233][ 74]LogSlate: Took 0.000269 seconds to synchronously load lazily loaded font '../../../Engine/Content/Slate/Fonts/Roboto-Light.ttf' (159K)
[2017.03.30-02.47.17:807][497]LogSlate: Took 0.000146 seconds to synchronously load lazily loaded font '../../../Engine/Content/Slate/Fonts/Roboto-Light.ttf' (159K)
[2017.03.30-02.47.18:219][497]LogContentBrowser: Native class hierarchy updated for 'BlueprintGraph' in 0.0008 seconds. Added 112 classes and 0 folders.
[2017.03.30-02.47.19:380][497]LogLinker:Warning: Can't resolve asset name
[2017.03.30-02.47.21:551][742]LogSlate: Took 0.000199 seconds to synchronously load lazily loaded font '../../../Engine/Content/Editor/Slate/Fonts/Roboto-BoldCondensed.ttf' (158K)
[2017.03.30-02.47.21:617][743]LogSlate: Took 0.000292 seconds to synchronously load lazily loaded font '../../../Engine/Content/Editor/Slate/Fonts/Roboto-Italic.ttf' (157K)
[2017.03.30-02.47.26:183][130]LogUObjectGlobals:Warning: Failed to find object 'Class None.SIOJJsonObject'
[2017.03.30-02.47.26:183][130]LogUObjectGlobals:Warning: Failed to find object 'Class None.SIOJJsonObject'
[2017.03.30-02.50.21:805][829]LogAIModule: Creating AISystem for world Gunner
[2017.03.30-02.50.30:634][211]Cmd: MAP LOAD FILE="../../../../../../Users/SIG/Downloads/final-project-submariner/Content/Levels/Gunner.umap" TEMPLATE=0 SHOWPROGRESS=1 FEATURELEVEL=3
[2017.03.30-02.50.30:634][211]LightingResults: New page: Lighting Build
[2017.03.30-02.50.30:635][211]LoadErrors: New page: Loading map: Gunner.umap
[2017.03.30-02.50.30:636][211]MapCheck: New page: Map Check
[2017.03.30-02.50.30:636][211]LightingResults: New page: Lighting Build
[2017.03.30-02.50.30:663][211]LogEditorServer: Finished looking for orphan Actors (0.000 secs)
[2017.03.30-02.50.30:689][211]Cmd: MAP CHECKDEP NOCLEARLOG
[2017.03.30-02.50.30:741][211]MapCheck: Info Map check complete: 0 Error(s), 0 Warning(s), took 52.24ms to complete.
[2017.03.30-02.50.30:742][211]LogFileHelpers: Loading map 'Gunner' took 0.109
[2017.03.30-02.50.59:037][207]LogFactory: FactoryCreateFile: StaticMesh with FbxFactory (0 0 C:\Users\SIG\Downloads\3d-model.fbx\3d-model.fbx)
[2017.03.30-02.50.59:047][207]LogFbx: ItemName: GlobalSettings, ItemCount : 1
[2017.03.30-02.50.59:047][207]LogFbx: ItemName: AnimationStack, ItemCount : 1
[2017.03.30-02.50.59:047][207]LogFbx: ItemName: AnimationLayer, ItemCount : 1
[2017.03.30-02.50.59:047][207]LogFbx: ItemName: Model, ItemCount : 3
[2017.03.30-02.50.59:047][207]LogFbx: ItemName: Geometry, ItemCount : 3
[2017.03.30-02.50.59:047][207]LogFbx: ItemName: Material, ItemCount : 3
[2017.03.30-02.50.59:047][207]LogFbx: ItemName: CollectionExclusive, ItemCount : 1
[2017.03.30-02.50.59:051][207]LogFbx: Loading FBX Scene from C:\Users\SIG\Downloads\3d-model.fbx\3d-model.fbx
[2017.03.30-02.50.59:057][207]LogFbx: FBX Scene Loaded Succesfully
[2017.03.30-02.50.59:060][207]FBXImport:Warning: Warning FBX Scene Loading: Found material name clash, name clash can be wrongly reassign at reimport , material 'dbl_HDDWP_L_001' was rename 'dbl_HDDWP_L_001_ncl1_1' 
[2017.03.30-02.50.59:060][207]FBXImport:Warning: Warning FBX Scene Loading: Found material name clash, name clash can be wrongly reassign at reimport , material 'dbl_HDDWP_L_001' was rename 'dbl_HDDWP_L_001_ncl1_2' 
[2017.03.30-02.51.00:447][207]LogFbx: Loading FBX Scene from C:\Users\SIG\Downloads\3d-model.fbx\3d-model.fbx
[2017.03.30-02.51.00:453][207]LogFbx: FBX Scene Loaded Succesfully
[2017.03.30-02.51.00:455][207]LogStaticMesh: Building static mesh 3d-model_HDDWP_M_001...
[2017.03.30-02.51.00:456][207]LogStaticMesh: Built static mesh [0.00s] /Game/Assets/3d-model_HDDWP_M_001.3d-model_HDDWP_M_001
[2017.03.30-02.51.00:464][207]LogStaticMesh: Building static mesh 3d-model_HDDWP_R_001...
[2017.03.30-02.51.00:465][207]LogStaticMesh: Built static mesh [0.00s] /Game/Assets/3d-model_HDDWP_R_001.3d-model_HDDWP_R_001
[2017.03.30-02.51.00:473][207]LogStaticMesh: Building static mesh 3d-model_HDDWP_L_001...
[2017.03.30-02.51.00:474][207]LogStaticMesh: Built static mesh [0.00s] /Game/Assets/3d-model_HDDWP_L_001.3d-model_HDDWP_L_001
[2017.03.30-02.51.00:483][207]FBXImport:Warning: Warning FBX Scene Loading: Found material name clash, name clash can be wrongly reassign at reimport , material 'dbl_HDDWP_L_001' was rename 'dbl_HDDWP_L_001_ncl1_1' 
[2017.03.30-02.51.00:483][207]FBXImport:Warning: Warning FBX Scene Loading: Found material name clash, name clash can be wrongly reassign at reimport , material 'dbl_HDDWP_L_001' was rename 'dbl_HDDWP_L_001_ncl1_2' 
[2017.03.30-02.51.00:483][207]FBXImport:Warning: Warning No smoothing group information was found in this FBX scene.  Please make sure to enable the 'Export Smoothing Groups' option in the FBX Exporter plug-in before exporting the file.  Even for tools that don't support smoothing groups, the FBX Exporter will generate appropriate smoothing data at export-time so that correct vertex normals can be inferred while importing. 
[2017.03.30-02.51.03:848][596]LogActorFactory: Actor Factory created 3d-model_HDDWP_M_001
[2017.03.30-02.51.04:124][628]LogActorFactory: Actor Factory created 3d-model_HDDWP_M_001
[2017.03.30-02.51.05:705][808]Cmd: SELECT NONE
[2017.03.30-02.51.07:007][962]LogActorFactory: Actor Factory created 3d-model_HDDWP_M_001
[2017.03.30-02.51.07:706][ 45]LogActorFactory: Actor Factory created 3d-model_HDDWP_M_001
[2017.03.30-02.51.07:893][ 61]Cmd: SELECT NONE
[2017.03.30-02.51.08:736][162]LogEditorViewport: Clicking on Actor (LMB): StaticMeshActor (3d-model_HDDWP_M_001)
[2017.03.30-02.51.09:138][203]LogEditorViewport: Clicking on Actor (LMB): StaticMeshActor (3d-model_HDDWP_M_001)
[2017.03.30-02.51.09:305][222]Cmd: SELECT NONE
[2017.03.30-02.51.09:974][302]LogEditorViewport: Clicking on Actor (LMB): StaticMeshActor (3d-model_HDDWP_M_2)
[2017.03.30-02.51.10:075][307]Cmd: SELECT NONE
[2017.03.30-02.51.10:767][390]LogEditorViewport: Clicking on Actor (LMB): StaticMeshActor (3d-model_HDDWP_M_2)
[2017.03.30-02.51.11:160][430]Cmd: SELECT NONE
[2017.03.30-02.51.11:886][517]LogEditorViewport: Clicking on Actor (LMB): StaticMeshActor (3d-model_HDDWP_M_001)
[2017.03.30-02.51.11:981][522]Cmd: SELECT NONE
[2017.03.30-02.51.12:698][608]LogEditorViewport: Clicking on Actor (LMB): StaticMeshActor (Floor)
[2017.03.30-02.51.13:040][640]LogEditorViewport: Clicking on Actor (LMB): StaticMeshActor (3d-model_HDDWP_M_001)
[2017.03.30-02.51.15:798][945]LogEditorActor: Deleted Actor: StaticMeshActor
[2017.03.30-02.51.15:799][945]LogEditorActor: Deleted Actor: StaticMeshActor
[2017.03.30-02.51.15:815][945]LogEditorActor: Deleted 2 Actors (0.017 secs)
[2017.03.30-02.51.17:420][135]LogActorFactory: Actor Factory created 3d-model_HDDWP_M_001
[2017.03.30-02.51.18:459][259]LogActorFactory: Actor Factory created 3d-model_HDDWP_M_001
[2017.03.30-02.51.25:065][ 27]Cmd: CAMERA ALIGN ACTIVEVIEWPORTONLY
[2017.03.30-02.51.25:966][132]LogEditorViewport: Clicking on Actor (LMB): StaticMeshActor (3d-model_HDDWP_M_001)
[2017.03.30-02.51.36:618][394]Cmd: SELECT NONE
[2017.03.30-02.51.37:072][448]LogEditorViewport: Clicking on Actor (LMB): StaticMeshActor (Floor)
[2017.03.30-02.51.38:648][629]Cmd: TRANSACTION UNDO
[2017.03.30-02.51.38:648][629]LogEditorTransaction: Undo Clicking on Actors
[2017.03.30-02.51.39:065][676]Cmd: TRANSACTION UNDO
[2017.03.30-02.51.39:065][676]LogEditorTransaction: Undo Select None
[2017.03.30-02.51.40:139][797]Cmd: TRANSACTION UNDO
[2017.03.30-02.51.40:139][797]LogEditorTransaction: Undo Rotate Actors
[2017.03.30-02.51.42:630][ 89]Cmd: TRANSACTION UNDO
[2017.03.30-02.51.42:630][ 89]LogEditorTransaction: Undo Move Actors
[2017.03.30-02.51.43:015][133]Cmd: TRANSACTION UNDO
[2017.03.30-02.51.43:015][133]LogEditorTransaction: Undo Clicking on Actors
[2017.03.30-02.51.43:333][169]Cmd: TRANSACTION UNDO
[2017.03.30-02.51.43:333][169]LogEditorTransaction: Undo Create Actors
[2017.03.30-02.52.12:536][386]LogEditorViewport: Clicking on Actor (LMB): StaticMeshActor (Floor4)
[2017.03.30-02.54.28:737][300]LogFactory: FactoryCreateFile: StaticMesh with FbxFactory (0 0 C:\Users\SIG\Downloads\3d-model.obj\Handle.fbx)
[2017.03.30-02.54.28:747][300]LogFbx: ItemName: GlobalSettings, ItemCount : 1
[2017.03.30-02.54.28:747][300]LogFbx: ItemName: AnimationStack, ItemCount : 1
[2017.03.30-02.54.28:747][300]LogFbx: ItemName: AnimationLayer, ItemCount : 1
[2017.03.30-02.54.28:747][300]LogFbx: ItemName: Geometry, ItemCount : 3
[2017.03.30-02.54.28:747][300]LogFbx: ItemName: Material, ItemCount : 1
[2017.03.30-02.54.28:747][300]LogFbx: ItemName: Model, ItemCount : 3
[2017.03.30-02.54.28:751][300]LogFbx: Loading FBX Scene from C:\Users\SIG\Downloads\3d-model.obj\Handle.fbx
[2017.03.30-02.54.28:756][300]LogFbx: FBX Scene Loaded Succesfully
[2017.03.30-02.54.31:392][300]LogFbx: Loading FBX Scene from C:\Users\SIG\Downloads\3d-model.obj\Handle.fbx
[2017.03.30-02.54.31:397][300]LogFbx: FBX Scene Loaded Succesfully
[2017.03.30-02.54.31:400][300]LogLinker: Can't find file '/Game/Assets/lambert1'
[2017.03.30-02.54.31:400][300]LogLinker: Can't find file '/Game/Assets/lambert1'
[2017.03.30-02.54.31:403][300]LogMaterial: Missing cached shader map for material lambert1, compiling. 
[2017.03.30-02.54.31:404][300]LogTemp:Display: Added material ShaderMap 0x0000017CA1852E80 with Material 0x0000017CB5633880 to ShaderMapsBeingCompiled
[2017.03.30-02.54.31:425][300]LogTemp:Display: Kicking off shader compilation for lambert1, GameThreadShaderMap 0x0000017CA1852E80
[2017.03.30-02.54.31:426][300]LogFbx:Warning: Triangulating static mesh d_model:HDDWP_M_001
[2017.03.30-02.54.31:429][300]LogStaticMesh: Building static mesh Handle_HDDWP_M_001...
[2017.03.30-02.54.31:430][300]LogStaticMesh: Built static mesh [0.00s] /Game/Assets/Handle_HDDWP_M_001.Handle_HDDWP_M_001
[2017.03.30-02.54.31:436][300]LogFbx:Warning: Triangulating static mesh d_model:HDDWP_R_001
[2017.03.30-02.54.31:448][300]LogStaticMesh: Building static mesh Handle_HDDWP_R_001...
[2017.03.30-02.54.31:449][300]LogStaticMesh: Built static mesh [0.00s] /Game/Assets/Handle_HDDWP_R_001.Handle_HDDWP_R_001
[2017.03.30-02.54.31:456][300]LogFbx:Warning: Triangulating static mesh d_model:HDDWP_L_001
[2017.03.30-02.54.31:470][300]LogStaticMesh: Building static mesh Handle_HDDWP_L_001...
[2017.03.30-02.54.31:471][300]LogStaticMesh: Built static mesh [0.00s] /Game/Assets/Handle_HDDWP_L_001.Handle_HDDWP_L_001
[2017.03.30-02.54.31:482][300]FBXImport:Warning: Warning No smoothing group information was found in this FBX scene.  Please make sure to enable the 'Export Smoothing Groups' option in the FBX Exporter plug-in before exporting the file.  Even for tools that don't support smoothing groups, the FBX Exporter will generate appropriate smoothing data at export-time so that correct vertex normals can be inferred while importing. 
[2017.03.30-02.54.33:241][447]LogTemp:Display: Finished compile of shader map 0x0000017CA1852E80
[2017.03.30-02.54.33:241][447]LogTemp:Display: Shader map lambert1 complete, GameThreadShaderMap 0x0000017CA1852E80, marking material lambert1 as finished
[2017.03.30-02.54.33:241][447]LogTemp:Display: Marking material as finished 0x0000017CB5633880
[2017.03.30-02.54.49:281][327]LogActorFactory: Actor Factory created Handle_HDDWP_M_001
[2017.03.30-02.54.49:709][375]LogActorFactory: Actor Factory created Handle_HDDWP_M_001
[2017.03.30-02.54.52:107][650]LogActorFactory: Actor Factory created Handle_HDDWP_R_001
[2017.03.30-02.54.55:295][ 27]LogActorFactory: Actor Factory created Handle_HDDWP_R_001
[2017.03.30-02.54.57:531][284]LogActorFactory: Actor Factory created Handle_HDDWP_L_001
[2017.03.30-02.54.59:272][489]LogActorFactory: Actor Factory created Handle_HDDWP_L_001
[2017.03.30-02.55.02:818][906]LogEditorViewport: Clicking on Actor (LMB): StaticMeshActor (Floor)
[2017.03.30-02.55.04:130][ 55]LogEditorViewport: Clicking on Actor (LMB): StaticMeshActor (Floor)
[2017.03.30-02.55.04:501][ 98]LogEditorViewport: Clicking on Actor (LMB): StaticMeshActor (Floor)
[2017.03.30-02.55.05:213][182]LogEditorViewport: Clicking on Actor (LMB): StaticMeshActor (Handle_HDDWP_M_001)
[2017.03.30-02.55.05:632][224]LogEditorViewport: Clicking on Actor (LMB): StaticMeshActor (Handle_HDDWP_M_001)
[2017.03.30-02.55.07:780][480]LogEditorViewport: Clicking on Actor (CTRL LMB): StaticMeshActor (Handle_HDDWP_L_001)
[2017.03.30-02.55.09:080][629]LogEditorViewport: Clicking on Actor (CTRL LMB): StaticMeshActor (Handle_HDDWP_R_001)
[2017.03.30-02.55.09:862][716]LogEditorViewport: Clicking on Actor (context menu): StaticMeshActor (Handle_HDDWP_R_001)
[2017.03.30-02.55.40:958][ 17]LogEditorViewport: Clicking on Actor (LMB): StaticMeshActor (Floor)
[2017.03.30-02.55.42:330][174]LogEditorViewport: Clicking on Actor (LMB): StaticMeshActor (Handle_HDDWP_M_001)
[2017.03.30-02.55.49:756][ 51]LogEditorViewport: Clicking on Actor (LMB): StaticMeshActor (Floor)
[2017.03.30-02.55.51:345][234]LogEditorViewport: Clicking on Actor (LMB): StaticMeshActor (Handle_HDDWP_M_001)
[2017.03.30-02.55.54:841][644]LogEditorViewport: Clicking on Actor (LMB): StaticMeshActor (Floor)
[2017.03.30-02.55.55:672][736]LogEditorViewport: Clicking on Actor (LMB): StaticMeshActor (Handle_HDDWP_R_001)
[2017.03.30-02.55.56:185][789]LogEditorViewport: Clicking on Actor (context menu): StaticMeshActor (Handle_HDDWP_R_001)
[2017.03.30-02.56.00:861][224]Cmd: DUPLICATE
[2017.03.30-02.56.00:861][224]Cmd: ACTOR DUPLICATE
[2017.03.30-02.56.04:620][663]LogEditorViewport: Clicking on Actor (LMB): StaticMeshActor (Console)
[2017.03.30-02.56.05:086][711]LogEditorViewport: Clicking on Actor (LMB): StaticMeshActor (Console)
[2017.03.30-02.56.05:656][778]LogEditorViewport: Clicking on Actor (LMB): StaticMeshActor (Console)
[2017.03.30-02.56.06:117][832]LogEditorViewport: Clicking on Actor (LMB): StaticMeshActor (Floor)
[2017.03.30-02.56.06:958][926]LogEditorViewport: Clicking on Actor (LMB): StaticMeshActor (Handle_HDDWP_M_001)
[2017.03.30-02.56.09:430][213]LogEditorViewport: Clicking on Actor (LMB): StaticMeshActor (Handle_HDDWP_L_2)
[2017.03.30-02.56.22:595][770]LogEditorViewport: Clicking on Actor (LMB): StaticMeshActor (Handle_HDDWP_M_001)
[2017.03.30-02.56.26:517][229]LogEditorViewport: Clicking on Actor (LMB): StaticMeshActor (Floor)
[2017.03.30-02.56.27:084][288]LogEditorViewport: Clicking on Actor (LMB): StaticMeshActor (Handle_HDDWP_L_2)
[2017.03.30-02.56.35:338][257]LogEditorViewport: Clicking on Actor (LMB): StaticMeshActor (Floor)
[2017.03.30-02.56.36:497][388]LogEditorViewport: Clicking on Actor (LMB): StaticMeshActor (Floor)
[2017.03.30-02.56.39:391][732]LogEditorViewport: Clicking on Actor (LMB): StaticMeshActor (Console)
[2017.03.30-02.56.40:324][837]LogEditorViewport: Clicking on Actor (LMB): StaticMeshActor (Handle_HDDWP_M_2)
[2017.03.30-02.56.50:040][935]LogEditorViewport: Clicking on Actor (LMB): StaticMeshActor (Handle_HDDWP_R_001)
[2017.03.30-02.56.54:066][400]LogEditorViewport: Clicking on Actor (LMB): StaticMeshActor (Floor)
[2017.03.30-02.56.57:857][824]MapCheck: New page: Map Check
[2017.03.30-02.56.57:871][824]LightingResults: New page: Lighting Build - Mar 29, 2017, 6:56:57 PM
[2017.03.30-02.56.57:909][824]LogSwarmInterface: [OpenConnection] Registering TCP channel ...
[2017.03.30-02.56.57:954][824]LogSwarmInterface: [OpenConnection] Connecting to agent ...
[2017.03.30-02.56.57:962][824]LogSwarmInterface: [TryOpenConnection] Testing the Agent
[2017.03.30-02.56.58:469][824]LogSwarmInterface: [TryOpenConnection] Opening Connection to Agent
[2017.03.30-02.56.58:469][824]LogSwarmInterface: [TryOpenConnection] Local Process ID is 14188
[2017.03.30-02.57.01:309][824]LogStaticLightingSystem:Warning: No importance volume found, so the scene bounding box was used.  You can optimize your scene's quality and lighting build times by adding importance volumes.
[2017.03.30-02.57.01:309][824]LogStaticLightingSystem: Running Lightmass w/ ImmediateImport mode ENABLED
[2017.03.30-02.57.01:309][824]LogStaticLightingSystem: Running Lightmass w/ ImmediateProcess mode ENABLED
[2017.03.30-02.57.01:309][824]LogStaticLightingSystem: Running Lightmass w/ Sorting mode ENABLED
[2017.03.30-02.57.01:309][824]LogStaticLightingSystem: Running Lightmass w/ Mapping paddings ENABLED
[2017.03.30-02.57.01:310][824]LogStaticLightingSystem: Running Lightmass w/ Mapping debug paddings DISABLED
[2017.03.30-02.57.01:476][824]LogEditorBuildUtils: Build time 0:03
[2017.03.30-02.57.03:452][937]Job is a success!
[2017.03.30-02.57.03:517][938]LogMaterial:Warning: Material /Game/Assets/Brass1.Brass1 needed to have new flag set bUsedWithStaticLighting !
[2017.03.30-02.57.03:518][938]LogMaterial: Missing cached shader map for material Brass1, compiling. 
[2017.03.30-02.57.03:519][938]LogTemp:Display: Added material ShaderMap 0x0000017D1CEF6400 with Material 0x0000017C91909480 to ShaderMapsBeingCompiled
[2017.03.30-02.57.03:539][938]LogTemp:Display: Kicking off shader compilation for Brass1, GameThreadShaderMap 0x0000017D1CEF6400
[2017.03.30-02.57.03:540][938]LogMaterial: 0.00 seconds spent updating 1 materials, 1 interfaces, 0 instances, 0 with static permutations.
[2017.03.30-02.57.03:779][938]LogTexture:Display: Building textures: SkyOcclusion1_1 (AutoDXT, 1024X512) - 105 MB total VRAM
[2017.03.30-02.57.03:779][938]LogTexture:Display: Building textures: HQ_Lightmap1_1 (AutoDXT, 1024X1024) - 105 MB total VRAM
[2017.03.30-02.57.03:779][938]LogTexture:Display: Building textures: LQ_Lightmap_1_1 (DXT1, 1024X1024) - 105 MB total VRAM
[2017.03.30-02.57.03:779][938]LogTexture:Display: Building textures: SkyOcclusion1_2 (AutoDXT, 64X32) - 105 MB total VRAM
[2017.03.30-02.57.03:779][938]LogTexture:Display: Building textures: HQ_Lightmap1_2 (AutoDXT, 64X64) - 105 MB total VRAM
[2017.03.30-02.57.03:779][938]LogTexture:Display: Building textures: LQ_Lightmap_1_2 (DXT1, 64X64) - 105 MB total VRAM
[2017.03.30-02.57.03:880][938]LogTexture:Display: Building textures: ShadowMapTexture2D_3 (G8, 32X32) - 105 MB total VRAM
[2017.03.30-02.57.03:880][938]LogTexture:Display: Building textures: ShadowMapTexture2D_2 (BGRA8, 1024X256) - 105 MB total VRAM
[2017.03.30-02.57.03:901][938]Lightmass on SIGLAB-VR5: 1.90 sec total, 107 ms importing, 17 ms setup, 333 ms photons, 1.42 sec processing, 0 ms extra exporting [21/21 mappings]. Threads: 9.83 sec total, 5.01 sec processing.
[2017.03.30-02.57.03:940][938]LogStaticLightingSystem: Illumination: 6.05 sec (236 ms encoding lightmaps, 94 ms encoding shadowmaps)
[2017.03.30-02.57.03:940][938]LogStaticLightingSystem: Lightmap texture memory:  2.7 MB (2.7 MB streaming, 0.0 MB non-streaming), 4 textures
[2017.03.30-02.57.03:940][938]LogStaticLightingSystem: Shadowmap texture memory: 1.3 MB (1.3 MB streaming, 0.0 MB non-streaming), 2 textures
[2017.03.30-02.57.04:313][938]DumpUnbuiltLightIteractions
[2017.03.30-02.57.04:313][938]Lights with unbuilt interactions: 0
[2017.03.30-02.57.04:313][938]
[2017.03.30-02.57.04:313][938]Primitives with unbuilt interactions: 0
[2017.03.30-02.57.04:321][939]Cmd: MAP CHECK NOTIFYRESULTS
[2017.03.30-02.57.04:321][939]MapCheck: New page: Gunner - Mar 29, 2017, 6:57:04 PM
[2017.03.30-02.57.04:389][939]MapCheck: Info Map check complete: 0 Error(s), 0 Warning(s), took 68.179ms to complete.
[2017.03.30-02.57.05:875][ 85]LogTemp:Display: Finished compile of shader map 0x0000017D1CEF6400
[2017.03.30-02.57.05:875][ 85]LogTemp:Display: Shader map Brass1 complete, GameThreadShaderMap 0x0000017D1CEF6400, marking material Brass1 as finished
[2017.03.30-02.57.05:875][ 85]LogTemp:Display: Marking material as finished 0x0000017C91909480
[2017.03.30-02.57.09:133][473]LogTemp: Repeting last play command: Selected Viewport
[2017.03.30-02.57.09:162][473]LogBlueprintUserMessages: Early PlayInEditor Detection: Level '/Game/Levels/Gunner.Gunner:PersistentLevel' has LevelScriptBlueprint '/Game/Levels/Gunner.Gunner:PersistentLevel.Gunner' with GeneratedClass '/Game/Levels/Gunner.Gunner_C' with ClassGeneratedBy '/Game/Levels/Gunner.Gunner:PersistentLevel.Gunner'
[2017.03.30-02.57.09:162][473]LogPlayLevel: PlayLevel: No blueprints needed recompiling
[2017.03.30-02.57.09:162][473]PIE: New page: PIE session: Gunner (Mar 29, 2017, 6:57:09 PM)
[2017.03.30-02.57.09:162][473]LogPlayLevel: Creating play world package: /Game/Levels/UEDPIE_0_Gunner
[2017.03.30-02.57.09:166][473]LogPlayLevel: PIE: StaticDuplicateObject took: (0.004163s)
[2017.03.30-02.57.09:167][473]LogAIModule: Creating AISystem for world Gunner
[2017.03.30-02.57.09:167][473]LogPlayLevel: PIE: World Init took: (0.000767s)
[2017.03.30-02.57.09:167][473]LogPlayLevel: PIE: Created PIE world by copying editor world from /Game/Levels/Gunner.Gunner to /Game/Levels/UEDPIE_0_Gunner.Gunner (0.005169s)
[2017.03.30-02.57.09:187][473]LogInit: XAudio2 using 'Speakers / Headphones (Realtek High Definition Audio)' : 2 channels at 48 kHz using 32 bits per sample (channel mask 0x3)
[2017.03.30-02.57.09:198][473]LogInit: FAudioDevice initialized.
[2017.03.30-02.57.09:366][473]LogLoad: Game class is 'SubmarineGameMode_C'
[2017.03.30-02.57.09:369][473]LogWorld: Bringing World /Game/Levels/UEDPIE_0_Gunner.Gunner up for play (max tick rate 0) at 2017.03.29-22.57.09
[2017.03.30-02.57.09:401][473]LogWorld: Bringing up level for play took: 0.033777
[2017.03.30-02.57.09:442][473]LogContentBrowser: Native class hierarchy updated for 'MovieSceneCapture' in 0.0006 seconds. Added 11 classes and 0 folders.
[2017.03.30-02.57.09:444][473]PIE: Info Play in editor start time for /Game/Levels/UEDPIE_0_Gunner 0.143
[2017.03.30-02.57.09:444][473]LogBlueprintUserMessages: Late PlayInEditor Detection: Level '/Game/Levels/Gunner.Gunner:PersistentLevel' has LevelScriptBlueprint '/Game/Levels/Gunner.Gunner:PersistentLevel.Gunner' with GeneratedClass '/Game/Levels/Gunner.Gunner_C' with ClassGeneratedBy '/Game/Levels/Gunner.Gunner:PersistentLevel.Gunner'
[2017.03.30-02.57.19:692][698]LogBlueprintUserMessages: Early EndPlayMap Detection: Level '/Game/Levels/Gunner.Gunner:PersistentLevel' has LevelScriptBlueprint '/Game/Levels/Gunner.Gunner:PersistentLevel.Gunner' with GeneratedClass '/Game/Levels/Gunner.Gunner_C' with ClassGeneratedBy '/Game/Levels/Gunner.Gunner:PersistentLevel.Gunner'
[2017.03.30-02.57.19:764][698]LogBlueprintUserMessages: Late EndPlayMap Detection: Level '/Game/Levels/Gunner.Gunner:PersistentLevel' has LevelScriptBlueprint '/Game/Levels/Gunner.Gunner:PersistentLevel.Gunner' with GeneratedClass '/Game/Levels/Gunner.Gunner_C' with ClassGeneratedBy '/Game/Levels/Gunner.Gunner:PersistentLevel.Gunner'
[2017.03.30-02.57.19:786][698]SocketIOLog: SocketIO disconnected from namespace: /
[2017.03.30-02.57.19:788][698]SocketIOLog: SocketIO disconnected from namespace: /
[2017.03.30-02.57.19:788][698]SocketIOLog: SocketIO disconnected from namespace: /
[2017.03.30-02.57.21:232][867]LogEditorViewport: Clicking on Actor (LMB): StaticMeshActor (Console)
[2017.03.30-02.57.21:808][928]LogEditorViewport: Clicking on Actor (LMB): StaticMeshActor (Handle_HDDWP_R_2)
[2017.03.30-02.57.24:213][208]LogEditorViewport: Clicking on Actor (LMB): StaticMeshActor (Handle_HDDWP_R_2)
[2017.03.30-02.57.24:297][217]LogEditorViewport: Clicking on Actor (double click): StaticMeshActor (Handle_HDDWP_R_2)
[2017.03.30-02.57.25:586][368]LogEditorViewport: Clicking on Actor (context menu): StaticMeshActor (Handle_HDDWP_R_2)
[2017.03.30-02.57.28:142][630]LogEditorViewport: Clicking on Actor (LMB): StaticMeshActor (Floor)
[2017.03.30-02.57.39:281][957]LogEditorViewport: Clicking on Actor (LMB): StaticMeshActor (Console)
[2017.03.30-02.57.39:764][  8]LogEditorViewport: Clicking on Actor (LMB): StaticMeshActor (Handle_HDDWP_M_2)
[2017.03.30-02.57.44:687][575]LogEditorViewport: Clicking on Actor (LMB): StaticMeshActor (Handle_HDDWP_M_001)
[2017.03.30-02.57.51:072][315]LogEditorViewport: Clicking on Actor (LMB): StaticMeshActor (Handle_HDDWP_R_2)
[2017.03.30-02.58.09:850][525]LogEditorViewport: Clicking on Actor (LMB): StaticMeshActor (Floor)
[2017.03.30-02.58.11:168][672]LogEditorViewport: Clicking on Actor (LMB): StaticMeshActor (Handle_HDDWP_M_2)
[2017.03.30-02.58.11:731][730]LogEditorViewport: Clicking on Actor (LMB): StaticMeshActor (Handle_HDDWP_R_2)
[2017.03.30-02.58.12:141][778]LogEditorViewport: Clicking on Actor (LMB): StaticMeshActor (Floor)
[2017.03.30-02.58.13:521][931]LogTemp: Repeting last play command: Selected Viewport
[2017.03.30-02.58.13:537][931]LogBlueprintUserMessages: Early PlayInEditor Detection: Level '/Game/Levels/Gunner.Gunner:PersistentLevel' has LevelScriptBlueprint '/Game/Levels/Gunner.Gunner:PersistentLevel.Gunner' with GeneratedClass '/Game/Levels/Gunner.Gunner_C' with ClassGeneratedBy '/Game/Levels/Gunner.Gunner:PersistentLevel.Gunner'
[2017.03.30-02.58.13:537][931]LogPlayLevel: PlayLevel: No blueprints needed recompiling
[2017.03.30-02.58.13:537][931]PIE: New page: PIE session: Gunner (Mar 29, 2017, 6:58:13 PM)
[2017.03.30-02.58.13:537][931]LogPlayLevel: Creating play world package: /Game/Levels/UEDPIE_0_Gunner
[2017.03.30-02.58.13:541][931]LogPlayLevel: PIE: StaticDuplicateObject took: (0.003876s)
[2017.03.30-02.58.13:542][931]LogAIModule: Creating AISystem for world Gunner
[2017.03.30-02.58.13:542][931]LogPlayLevel: PIE: World Init took: (0.000714s)
[2017.03.30-02.58.13:542][931]LogPlayLevel: PIE: Created PIE world by copying editor world from /Game/Levels/Gunner.Gunner to /Game/Levels/UEDPIE_0_Gunner.Gunner (0.004811s)
[2017.03.30-02.58.13:564][931]LogInit: XAudio2 using 'Speakers / Headphones (Realtek High Definition Audio)' : 2 channels at 48 kHz using 32 bits per sample (channel mask 0x3)
[2017.03.30-02.58.13:574][931]LogInit: FAudioDevice initialized.
[2017.03.30-02.58.13:602][931]LogLoad: Game class is 'SubmarineGameMode_C'
[2017.03.30-02.58.13:604][931]LogWorld: Bringing World /Game/Levels/UEDPIE_0_Gunner.Gunner up for play (max tick rate 0) at 2017.03.29-22.58.13
[2017.03.30-02.58.13:639][931]LogWorld: Bringing up level for play took: 0.035621
[2017.03.30-02.58.13:641][931]PIE: Info Play in editor start time for /Game/Levels/UEDPIE_0_Gunner 0.339
[2017.03.30-02.58.13:641][931]LogBlueprintUserMessages: Late PlayInEditor Detection: Level '/Game/Levels/Gunner.Gunner:PersistentLevel' has LevelScriptBlueprint '/Game/Levels/Gunner.Gunner:PersistentLevel.Gunner' with GeneratedClass '/Game/Levels/Gunner.Gunner_C' with ClassGeneratedBy '/Game/Levels/Gunner.Gunner:PersistentLevel.Gunner'
[2017.03.30-02.58.20:670][771]LogBlueprintUserMessages: Early EndPlayMap Detection: Level '/Game/Levels/Gunner.Gunner:PersistentLevel' has LevelScriptBlueprint '/Game/Levels/Gunner.Gunner:PersistentLevel.Gunner' with GeneratedClass '/Game/Levels/Gunner.Gunner_C' with ClassGeneratedBy '/Game/Levels/Gunner.Gunner:PersistentLevel.Gunner'
[2017.03.30-02.58.20:736][771]LogBlueprintUserMessages: Late EndPlayMap Detection: Level '/Game/Levels/Gunner.Gunner:PersistentLevel' has LevelScriptBlueprint '/Game/Levels/Gunner.Gunner:PersistentLevel.Gunner' with GeneratedClass '/Game/Levels/Gunner.Gunner_C' with ClassGeneratedBy '/Game/Levels/Gunner.Gunner:PersistentLevel.Gunner'
[2017.03.30-02.58.20:754][771]SocketIOLog: SocketIO disconnected from namespace: /
